[ 2017-06-07T12:41:44+08:00 ] 60.194.128.16 /weibo/
INFO: [ app_init ] --START--
INFO: Run Behavior\BuildLiteBehavior [ RunTime:0.000011s ]
INFO: [ app_init ] --END-- [ RunTime:0.000413s ]
INFO: [ app_begin ] --START--
INFO: Run Behavior\ReadHtmlCacheBehavior [ RunTime:0.000575s ]
INFO: [ app_begin ] --END-- [ RunTime:0.000613s ]

[ 2017-06-07T12:41:44+08:00 ] 60.194.128.16 /weibo/Login/index.html
INFO: [ app_init ] --START--
INFO: Run Behavior\BuildLiteBehavior [ RunTime:0.000009s ]
INFO: [ app_init ] --END-- [ RunTime:0.000049s ]
INFO: [ app_begin ] --START--
INFO: Run Behavior\ReadHtmlCacheBehavior [ RunTime:0.000025s ]
INFO: [ app_begin ] --END-- [ RunTime:0.000053s ]
INFO: [ view_parse ] --START--
INFO: [ template_filter ] --START--
INFO: Run Behavior\ContentReplaceBehavior [ RunTime:0.000043s ]
INFO: [ template_filter ] --END-- [ RunTime:0.000076s ]
INFO: Run Behavior\ParseTemplateBehavior [ RunTime:0.006762s ]
INFO: [ view_parse ] --END-- [ RunTime:0.006792s ]
INFO: [ view_filter ] --START--
INFO: Run Behavior\WriteHtmlCacheBehavior [ RunTime:0.000177s ]
INFO: [ view_filter ] --END-- [ RunTime:0.000202s ]
INFO: [ app_end ] --START--
INFO: Run Behavior\ShowPageTraceBehavior [ RunTime:0.000644s ]
INFO: [ app_end ] --END-- [ RunTime:0.000675s ]

[ 2017-06-07T12:41:45+08:00 ] 60.194.128.16 /weibo/Login/verify.html
INFO: [ app_init ] --START--
INFO: Run Behavior\BuildLiteBehavior [ RunTime:0.000013s ]
INFO: [ app_init ] --END-- [ RunTime:0.000083s ]
INFO: [ app_begin ] --START--
INFO: Run Behavior\ReadHtmlCacheBehavior [ RunTime:0.000051s ]
INFO: [ app_begin ] --END-- [ RunTime:0.000083s ]
INFO: [ app_end ] --START--
INFO: Run Behavior\ShowPageTraceBehavior [ RunTime:0.000039s ]
INFO: [ app_end ] --END-- [ RunTime:0.000075s ]

[ 2017-06-07T12:42:22+08:00 ] 60.194.128.16 /weibo/Login/verify.html?random=0.354932269619803
INFO: [ app_init ] --START--
INFO: Run Behavior\BuildLiteBehavior [ RunTime:0.000019s ]
INFO: [ app_init ] --END-- [ RunTime:0.000136s ]
INFO: [ app_begin ] --START--
INFO: Run Behavior\ReadHtmlCacheBehavior [ RunTime:0.000054s ]
INFO: [ app_begin ] --END-- [ RunTime:0.000100s ]
INFO: [ app_end ] --START--
INFO: Run Behavior\ShowPageTraceBehavior [ RunTime:0.000045s ]
INFO: [ app_end ] --END-- [ RunTime:0.000081s ]

[ 2017-06-07T12:42:27+08:00 ] 60.194.128.16 /weibo/Home/User/checkVerify
INFO: [ app_init ] --START--
INFO: Run Behavior\BuildLiteBehavior [ RunTime:0.000011s ]
INFO: [ app_init ] --END-- [ RunTime:0.000069s ]
INFO: [ app_begin ] --START--
INFO: Run Behavior\ReadHtmlCacheBehavior [ RunTime:0.000026s ]
INFO: [ app_begin ] --END-- [ RunTime:0.000052s ]
SQL: SHOW COLUMNS FROM `weibo_user` [ RunTime:0.0006s ]
NOTIC: [8] Undefined index: validate /data/wwwroot/default/weibo/ThinkPHP/Library/Think/Model.class.php 第 1185 行.
NOTIC: [8] Undefined index: auto /data/wwwroot/default/weibo/ThinkPHP/Library/Think/Model.class.php 第 1128 行.
NOTIC: [2] sha1() expects at least 1 parameter, 0 given /data/wwwroot/default/weibo/ThinkPHP/Library/Think/Model.class.php 第 1154 行.
INFO: [ app_end ] --START--
INFO: Run Behavior\ShowPageTraceBehavior [ RunTime:0.000030s ]
INFO: [ app_end ] --END-- [ RunTime:0.000054s ]

[ 2017-06-07T12:42:27+08:00 ] 60.194.128.16 /weibo/Home/User/login
INFO: [ app_init ] --START--
INFO: Run Behavior\BuildLiteBehavior [ RunTime:0.000010s ]
INFO: [ app_init ] --END-- [ RunTime:0.000070s ]
INFO: [ app_begin ] --START--
INFO: Run Behavior\ReadHtmlCacheBehavior [ RunTime:0.000027s ]
INFO: [ app_begin ] --END-- [ RunTime:0.000052s ]
SQL: SHOW COLUMNS FROM `weibo_user` [ RunTime:0.0005s ]
NOTIC: [8] Undefined index: validate /data/wwwroot/default/weibo/ThinkPHP/Library/Think/Model.class.php 第 1185 行.
SQL: SELECT `id`,`username`,`password`,`last_login`,`face` FROM `weibo_user` WHERE `username` = '鸣人' LIMIT 1   [ RunTime:0.0002s ]
SQL: UPDATE `weibo_user` SET `last_login`='1496810547',`last_ip`='1019379728' WHERE `id` = '51' [ RunTime:0.0003s ]
INFO: [ app_end ] --START--
INFO: Run Behavior\ShowPageTraceBehavior [ RunTime:0.000033s ]
INFO: [ app_end ] --END-- [ RunTime:0.000062s ]

[ 2017-06-07T12:42:28+08:00 ] 60.194.128.16 /weibo/Index/index.html
INFO: [ app_init ] --START--
INFO: Run Behavior\BuildLiteBehavior [ RunTime:0.000010s ]
INFO: [ app_init ] --END-- [ RunTime:0.000067s ]
INFO: [ app_begin ] --START--
INFO: Run Behavior\ReadHtmlCacheBehavior [ RunTime:0.000028s ]
INFO: [ app_begin ] --END-- [ RunTime:0.000053s ]
SQL: SHOW COLUMNS FROM `weibo_topic` [ RunTime:0.0005s ]
SQL: SHOW COLUMNS FROM `weibo_topic` [ RunTime:0.0003s ]
SQL: SELECT a.id,a.content,a.content_over,a.create,a.uid,a.reid,b.username,b.face,b.domain FROM weibo_topic a,weibo_user b WHERE ( a.uid=b.id ) ORDER BY a.create DESC LIMIT 0,10   [ RunTime:0.0003s ]
SQL: SHOW COLUMNS FROM `weibo_image` [ RunTime:0.0003s ]
SQL: SELECT `data` FROM `weibo_image` WHERE ( 1=1 AND tid='148' )  [ RunTime:0.0001s ]
SQL: SELECT `data` FROM `weibo_image` WHERE ( 1=1 AND tid='147' )  [ RunTime:0.0000s ]
SQL: SELECT `data` FROM `weibo_image` WHERE ( 1=1 AND tid='146' )  [ RunTime:0.0001s ]
SQL: SELECT `data` FROM `weibo_image` WHERE ( 1=1 AND tid='145' )  [ RunTime:0.0000s ]
SQL: SELECT `data` FROM `weibo_image` WHERE ( 1=1 AND tid='144' )  [ RunTime:0.0000s ]
SQL: SELECT `data` FROM `weibo_image` WHERE ( 1=1 AND tid='143' )  [ RunTime:0.0000s ]
SQL: SELECT `data` FROM `weibo_image` WHERE ( 1=1 AND tid='142' )  [ RunTime:0.0000s ]
SQL: SELECT `data` FROM `weibo_image` WHERE ( 1=1 AND tid='141' )  [ RunTime:0.0000s ]
SQL: SELECT `data` FROM `weibo_image` WHERE ( 1=1 AND tid='140' )  [ RunTime:0.0000s ]
SQL: SELECT `data` FROM `weibo_image` WHERE ( 1=1 AND tid='122' )  [ RunTime:0.0000s ]
SQL: SHOW COLUMNS FROM `weibo_topic` [ RunTime:0.0003s ]
SQL: SELECT a.id,a.content,a.content_over,a.create,a.uid,a.reid,a.recount,b.username,b.face,b.domain FROM weibo_topic a,weibo_user b WHERE ( a.uid=b.id AND a.id=147 ) LIMIT 1   [ RunTime:0.0002s ]
SQL: SELECT `data` FROM `weibo_image` WHERE ( 1=1 AND tid='147' )  [ RunTime:0.0000s ]
SQL: SHOW COLUMNS FROM `weibo_topic` [ RunTime:0.0003s ]
SQL: SELECT a.id,a.content,a.content_over,a.create,a.uid,a.reid,a.recount,b.username,b.face,b.domain FROM weibo_topic a,weibo_user b WHERE ( a.uid=b.id AND a.id=145 ) LIMIT 1   [ RunTime:0.0002s ]
SQL: SELECT `data` FROM `weibo_image` WHERE ( 1=1 AND tid='145' )  [ RunTime:0.0000s ]
SQL: SHOW COLUMNS FROM `weibo_topic` [ RunTime:0.0003s ]
SQL: SELECT a.id,a.content,a.content_over,a.create,a.uid,a.reid,a.recount,b.username,b.face,b.domain FROM weibo_topic a,weibo_user b WHERE ( a.uid=b.id AND a.id=140 ) LIMIT 1   [ RunTime:0.0002s ]
SQL: SELECT `data` FROM `weibo_image` WHERE ( 1=1 AND tid='140' )  [ RunTime:0.0000s ]
SQL: SHOW COLUMNS FROM `weibo_topic` [ RunTime:0.0003s ]
SQL: SELECT a.id,a.content,a.content_over,a.create,a.uid,a.reid,a.recount,b.username,b.face,b.domain FROM weibo_topic a,weibo_user b WHERE ( a.uid=b.id AND a.id=122 ) LIMIT 1   [ RunTime:0.0002s ]
SQL: SELECT `data` FROM `weibo_image` WHERE ( 1=1 AND tid='122' )  [ RunTime:0.0000s ]
INFO: [ view_parse ] --START--
INFO: [ template_filter ] --START--
INFO: Run Behavior\ContentReplaceBehavior [ RunTime:0.000152s ]
INFO: [ template_filter ] --END-- [ RunTime:0.000188s ]
NOTIC: [8] Undefined index: recount /data/wwwroot/default/weibo/weibo/Runtime/Cache/Home/297945e3053b9b0806e01a4c87378e3c.php 第 144 行.
NOTIC: [8] Undefined index: recount /data/wwwroot/default/weibo/weibo/Runtime/Cache/Home/297945e3053b9b0806e01a4c87378e3c.php 第 144 行.
NOTIC: [8] Undefined index: recount /data/wwwroot/default/weibo/weibo/Runtime/Cache/Home/297945e3053b9b0806e01a4c87378e3c.php 第 144 行.
NOTIC: [8] Undefined index: recount /data/wwwroot/default/weibo/weibo/Runtime/Cache/Home/297945e3053b9b0806e01a4c87378e3c.php 第 144 行.
NOTIC: [8] Undefined index: recount /data/wwwroot/default/weibo/weibo/Runtime/Cache/Home/297945e3053b9b0806e01a4c87378e3c.php 第 144 行.
NOTIC: [8] Undefined index: recount /data/wwwroot/default/weibo/weibo/Runtime/Cache/Home/297945e3053b9b0806e01a4c87378e3c.php 第 144 行.
INFO: Run Behavior\ParseTemplateBehavior [ RunTime:0.011169s ]
INFO: [ view_parse ] --END-- [ RunTime:0.011199s ]
INFO: [ view_filter ] --START--
INFO: Run Behavior\WriteHtmlCacheBehavior [ RunTime:0.000031s ]
INFO: [ view_filter ] --END-- [ RunTime:0.000050s ]
INFO: [ app_end ] --START--
INFO: Run Behavior\ShowPageTraceBehavior [ RunTime:0.000029s ]
INFO: [ app_end ] --END-- [ RunTime:0.000054s ]

[ 2017-06-07T12:42:29+08:00 ] 60.194.128.16 /weibo/Index/index.html
INFO: [ app_init ] --START--
INFO: Run Behavior\BuildLiteBehavior [ RunTime:0.000013s ]
INFO: [ app_init ] --END-- [ RunTime:0.000107s ]
INFO: [ app_begin ] --START--
INFO: Run Behavior\ReadHtmlCacheBehavior [ RunTime:0.000045s ]
INFO: [ app_begin ] --END-- [ RunTime:0.000077s ]
SQL: SHOW COLUMNS FROM `weibo_topic` [ RunTime:0.0005s ]
SQL: SHOW COLUMNS FROM `weibo_topic` [ RunTime:0.0003s ]
SQL: SELECT a.id,a.content,a.content_over,a.create,a.uid,a.reid,b.username,b.face,b.domain FROM weibo_topic a,weibo_user b WHERE ( a.uid=b.id ) ORDER BY a.create DESC LIMIT 0,10   [ RunTime:0.0001s ]
SQL: SHOW COLUMNS FROM `weibo_image` [ RunTime:0.0003s ]
SQL: SELECT `data` FROM `weibo_image` WHERE ( 1=1 AND tid='148' )  [ RunTime:0.0001s ]
SQL: SELECT `data` FROM `weibo_image` WHERE ( 1=1 AND tid='147' )  [ RunTime:0.0000s ]
SQL: SELECT `data` FROM `weibo_image` WHERE ( 1=1 AND tid='146' )  [ RunTime:0.0000s ]
SQL: SELECT `data` FROM `weibo_image` WHERE ( 1=1 AND tid='145' )  [ RunTime:0.0000s ]
SQL: SELECT `data` FROM `weibo_image` WHERE ( 1=1 AND tid='144' )  [ RunTime:0.0000s ]
SQL: SELECT `data` FROM `weibo_image` WHERE ( 1=1 AND tid='143' )  [ RunTime:0.0000s ]
SQL: SELECT `data` FROM `weibo_image` WHERE ( 1=1 AND tid='142' )  [ RunTime:0.0000s ]
SQL: SELECT `data` FROM `weibo_image` WHERE ( 1=1 AND tid='141' )  [ RunTime:0.0000s ]
SQL: SELECT `data` FROM `weibo_image` WHERE ( 1=1 AND tid='140' )  [ RunTime:0.0000s ]
SQL: SELECT `data` FROM `weibo_image` WHERE ( 1=1 AND tid='122' )  [ RunTime:0.0000s ]
SQL: SHOW COLUMNS FROM `weibo_topic` [ RunTime:0.0003s ]
SQL: SELECT a.id,a.content,a.content_over,a.create,a.uid,a.reid,a.recount,b.username,b.face,b.domain FROM weibo_topic a,weibo_user b WHERE ( a.uid=b.id AND a.id=147 ) LIMIT 1   [ RunTime:0.0001s ]
SQL: SELECT `data` FROM `weibo_image` WHERE ( 1=1 AND tid='147' )  [ RunTime:0.0000s ]
SQL: SHOW COLUMNS FROM `weibo_topic` [ RunTime:0.0003s ]
SQL: SELECT a.id,a.content,a.content_over,a.create,a.uid,a.reid,a.recount,b.username,b.face,b.domain FROM weibo_topic a,weibo_user b WHERE ( a.uid=b.id AND a.id=145 ) LIMIT 1   [ RunTime:0.0001s ]
SQL: SELECT `data` FROM `weibo_image` WHERE ( 1=1 AND tid='145' )  [ RunTime:0.0000s ]
SQL: SHOW COLUMNS FROM `weibo_topic` [ RunTime:0.0003s ]
SQL: SELECT a.id,a.content,a.content_over,a.create,a.uid,a.reid,a.recount,b.username,b.face,b.domain FROM weibo_topic a,weibo_user b WHERE ( a.uid=b.id AND a.id=140 ) LIMIT 1   [ RunTime:0.0001s ]
SQL: SELECT `data` FROM `weibo_image` WHERE ( 1=1 AND tid='140' )  [ RunTime:0.0000s ]
SQL: SHOW COLUMNS FROM `weibo_topic` [ RunTime:0.0003s ]
SQL: SELECT a.id,a.content,a.content_over,a.create,a.uid,a.reid,a.recount,b.username,b.face,b.domain FROM weibo_topic a,weibo_user b WHERE ( a.uid=b.id AND a.id=122 ) LIMIT 1   [ RunTime:0.0001s ]
SQL: SELECT `data` FROM `weibo_image` WHERE ( 1=1 AND tid='122' )  [ RunTime:0.0000s ]
INFO: [ view_parse ] --START--
INFO: [ template_filter ] --START--
INFO: Run Behavior\ContentReplaceBehavior [ RunTime:0.000173s ]
INFO: [ template_filter ] --END-- [ RunTime:0.000218s ]
NOTIC: [8] Undefined index: recount /data/wwwroot/default/weibo/weibo/Runtime/Cache/Home/297945e3053b9b0806e01a4c87378e3c.php 第 144 行.
NOTIC: [8] Undefined index: recount /data/wwwroot/default/weibo/weibo/Runtime/Cache/Home/297945e3053b9b0806e01a4c87378e3c.php 第 144 行.
NOTIC: [8] Undefined index: recount /data/wwwroot/default/weibo/weibo/Runtime/Cache/Home/297945e3053b9b0806e01a4c87378e3c.php 第 144 行.
NOTIC: [8] Undefined index: recount /data/wwwroot/default/weibo/weibo/Runtime/Cache/Home/297945e3053b9b0806e01a4c87378e3c.php 第 144 行.
NOTIC: [8] Undefined index: recount /data/wwwroot/default/weibo/weibo/Runtime/Cache/Home/297945e3053b9b0806e01a4c87378e3c.php 第 144 行.
NOTIC: [8] Undefined index: recount /data/wwwroot/default/weibo/weibo/Runtime/Cache/Home/297945e3053b9b0806e01a4c87378e3c.php 第 144 行.
INFO: Run Behavior\ParseTemplateBehavior [ RunTime:0.011456s ]
INFO: [ view_parse ] --END-- [ RunTime:0.011488s ]
INFO: [ view_filter ] --START--
INFO: Run Behavior\WriteHtmlCacheBehavior [ RunTime:0.000032s ]
INFO: [ view_filter ] --END-- [ RunTime:0.000051s ]
INFO: [ app_end ] --START--
INFO: Run Behavior\ShowPageTraceBehavior [ RunTime:0.000040s ]
INFO: [ app_end ] --END-- [ RunTime:0.000066s ]

[ 2017-06-07T12:42:29+08:00 ] 60.194.128.16 /weibo/Home/Topic/ajaxCount
INFO: [ app_init ] --START--
INFO: Run Behavior\BuildLiteBehavior [ RunTime:0.000012s ]
INFO: [ app_init ] --END-- [ RunTime:0.000094s ]
INFO: [ app_begin ] --START--
INFO: Run Behavior\ReadHtmlCacheBehavior [ RunTime:0.000034s ]
INFO: [ app_begin ] --END-- [ RunTime:0.000061s ]
SQL: SHOW COLUMNS FROM `weibo_topic` [ RunTime:0.0007s ]
SQL: SELECT COUNT(*) AS tp_count FROM `weibo_topic` WHERE ( 1=1 ) LIMIT 1   [ RunTime:0.0001s ]
INFO: [ app_end ] --START--
INFO: Run Behavior\ShowPageTraceBehavior [ RunTime:0.000050s ]
INFO: [ app_end ] --END-- [ RunTime:0.000091s ]

[ 2017-06-07T12:42:29+08:00 ] 60.194.128.16 /weibo/Home/Space/setUrl
INFO: [ app_init ] --START--
INFO: Run Behavior\BuildLiteBehavior [ RunTime:0.000012s ]
INFO: [ app_init ] --END-- [ RunTime:0.000075s ]
INFO: [ app_begin ] --START--
INFO: Run Behavior\ReadHtmlCacheBehavior [ RunTime:0.000038s ]
INFO: [ app_begin ] --END-- [ RunTime:0.000079s ]
SQL: SHOW COLUMNS FROM `weibo_user` [ RunTime:0.0004s ]
SQL: SELECT `id`,`domain` FROM `weibo_user` WHERE `username` = '鸣人' LIMIT 1   [ RunTime:0.0004s ]
INFO: [ app_end ] --START--
INFO: Run Behavior\ShowPageTraceBehavior [ RunTime:0.000060s ]
INFO: [ app_end ] --END-- [ RunTime:0.000098s ]

[ 2017-06-07T12:42:29+08:00 ] 60.194.128.16 /weibo/Home/Space/setUrl
INFO: [ app_init ] --START--
INFO: Run Behavior\BuildLiteBehavior [ RunTime:0.000012s ]
INFO: [ app_init ] --END-- [ RunTime:0.000091s ]
INFO: [ app_begin ] --START--
INFO: Run Behavior\ReadHtmlCacheBehavior [ RunTime:0.000059s ]
INFO: [ app_begin ] --END-- [ RunTime:0.000104s ]
SQL: SHOW COLUMNS FROM `weibo_user` [ RunTime:0.0005s ]
SQL: SELECT `id`,`domain` FROM `weibo_user` WHERE `username` = '小弟' LIMIT 1   [ RunTime:0.0002s ]

[ 2017-06-07T12:42:29+08:00 ] 60.194.128.16 /weibo/Home/Space/setUrl
INFO: [ app_init ] --START--
INFO: Run Behavior\BuildLiteBehavior [ RunTime:0.000010s ]
INFO: [ app_init ] --END-- [ RunTime:0.000063s ]
INFO: [ app_begin ] --START--
INFO: Run Behavior\ReadHtmlCacheBehavior [ RunTime:0.000026s ]
INFO: [ app_begin ] --END-- [ RunTime:0.000051s ]
SQL: SHOW COLUMNS FROM `weibo_user` [ RunTime:0.0005s ]
SQL: SELECT `id`,`domain` FROM `weibo_user` WHERE `username` = '小弟' LIMIT 1   [ RunTime:0.0001s ]

[ 2017-06-07T12:42:32+08:00 ] 60.194.128.16 /weibo/Home/Topic/ajaxList
INFO: [ app_init ] --START--
INFO: Run Behavior\BuildLiteBehavior [ RunTime:0.000012s ]
INFO: [ app_init ] --END-- [ RunTime:0.000083s ]
INFO: [ app_begin ] --START--
INFO: Run Behavior\ReadHtmlCacheBehavior [ RunTime:0.000028s ]
INFO: [ app_begin ] --END-- [ RunTime:0.000053s ]
SQL: SHOW COLUMNS FROM `weibo_topic` [ RunTime:0.0005s ]
SQL: SHOW COLUMNS FROM `weibo_topic` [ RunTime:0.0003s ]
SQL: SELECT a.id,a.content,a.content_over,a.create,a.uid,a.reid,b.username,b.face,b.domain FROM weibo_topic a,weibo_user b WHERE ( a.uid=b.id ) ORDER BY a.create DESC LIMIT 10,10   [ RunTime:0.0003s ]
SQL: SHOW COLUMNS FROM `weibo_image` [ RunTime:0.0003s ]
SQL: SELECT `data` FROM `weibo_image` WHERE ( 1=1 AND tid='121' )  [ RunTime:0.0001s ]
SQL: SELECT `data` FROM `weibo_image` WHERE ( 1=1 AND tid='120' )  [ RunTime:0.0000s ]
SQL: SELECT `data` FROM `weibo_image` WHERE ( 1=1 AND tid='119' )  [ RunTime:0.0000s ]
SQL: SELECT `data` FROM `weibo_image` WHERE ( 1=1 AND tid='118' )  [ RunTime:0.0000s ]
SQL: SELECT `data` FROM `weibo_image` WHERE ( 1=1 AND tid='117' )  [ RunTime:0.0000s ]
SQL: SELECT `data` FROM `weibo_image` WHERE ( 1=1 AND tid='116' )  [ RunTime:0.0000s ]
SQL: SELECT `data` FROM `weibo_image` WHERE ( 1=1 AND tid='115' )  [ RunTime:0.0000s ]
SQL: SELECT `data` FROM `weibo_image` WHERE ( 1=1 AND tid='114' )  [ RunTime:0.0000s ]
SQL: SELECT `data` FROM `weibo_image` WHERE ( 1=1 AND tid='113' )  [ RunTime:0.0000s ]
SQL: SELECT `data` FROM `weibo_image` WHERE ( 1=1 AND tid='112' )  [ RunTime:0.0000s ]
INFO: [ view_parse ] --START--
INFO: [ template_filter ] --START--
INFO: Run Behavior\ContentReplaceBehavior [ RunTime:0.000049s ]
INFO: [ template_filter ] --END-- [ RunTime:0.000079s ]
INFO: Run Behavior\ParseTemplateBehavior [ RunTime:0.003301s ]
INFO: [ view_parse ] --END-- [ RunTime:0.003332s ]
INFO: [ view_filter ] --START--
INFO: Run Behavior\WriteHtmlCacheBehavior [ RunTime:0.000031s ]
INFO: [ view_filter ] --END-- [ RunTime:0.000051s ]
INFO: [ app_end ] --START--
INFO: Run Behavior\ShowPageTraceBehavior [ RunTime:0.000022s ]
INFO: [ app_end ] --END-- [ RunTime:0.000041s ]

[ 2017-06-07T12:42:32+08:00 ] 60.194.128.16 /weibo/Home/Space/setUrl
INFO: [ app_init ] --START--
INFO: Run Behavior\BuildLiteBehavior [ RunTime:0.000024s ]
INFO: [ app_init ] --END-- [ RunTime:0.000094s ]
INFO: [ app_begin ] --START--
INFO: Run Behavior\ReadHtmlCacheBehavior [ RunTime:0.000041s ]
INFO: [ app_begin ] --END-- [ RunTime:0.000069s ]
SQL: SHOW COLUMNS FROM `weibo_user` [ RunTime:0.0005s ]
SQL: SELECT `id`,`domain` FROM `weibo_user` WHERE `username` = '梅西' LIMIT 1   [ RunTime:0.0002s ]
INFO: [ app_end ] --START--
INFO: Run Behavior\ShowPageTraceBehavior [ RunTime:0.000046s ]
INFO: [ app_end ] --END-- [ RunTime:0.000072s ]

[ 2017-06-07T12:42:32+08:00 ] 60.194.128.16 /weibo/Home/Space/setUrl
INFO: [ app_init ] --START--
INFO: Run Behavior\BuildLiteBehavior [ RunTime:0.000013s ]
INFO: [ app_init ] --END-- [ RunTime:0.000095s ]
INFO: [ app_begin ] --START--
INFO: Run Behavior\ReadHtmlCacheBehavior [ RunTime:0.000043s ]
INFO: [ app_begin ] --END-- [ RunTime:0.000073s ]
SQL: SHOW COLUMNS FROM `weibo_user` [ RunTime:0.0004s ]
SQL: SELECT `id`,`domain` FROM `weibo_user` WHERE `username` = '路飞' LIMIT 1   [ RunTime:0.0002s ]
INFO: [ app_end ] --START--
INFO: Run Behavior\ShowPageTraceBehavior [ RunTime:0.000053s ]
INFO: [ app_end ] --END-- [ RunTime:0.000083s ]

[ 2017-06-07T12:42:32+08:00 ] 60.194.128.16 /weibo/Home/Space/setUrl
INFO: [ app_init ] --START--
INFO: Run Behavior\BuildLiteBehavior [ RunTime:0.000010s ]
INFO: [ app_init ] --END-- [ RunTime:0.000066s ]
INFO: [ app_begin ] --START--
INFO: Run Behavior\ReadHtmlCacheBehavior [ RunTime:0.000033s ]
INFO: [ app_begin ] --END-- [ RunTime:0.000062s ]
SQL: SHOW COLUMNS FROM `weibo_user` [ RunTime:0.0004s ]
SQL: SELECT `id`,`domain` FROM `weibo_user` WHERE `username` = '鸣人' LIMIT 1   [ RunTime:0.0001s ]
INFO: [ app_end ] --START--
INFO: Run Behavior\ShowPageTraceBehavior [ RunTime:0.000048s ]
INFO: [ app_end ] --END-- [ RunTime:0.000073s ]

[ 2017-06-07T12:42:33+08:00 ] 60.194.128.16 /weibo/Home/Topic/ajaxList
INFO: [ app_init ] --START--
INFO: Run Behavior\BuildLiteBehavior [ RunTime:0.000010s ]
INFO: [ app_init ] --END-- [ RunTime:0.000065s ]
INFO: [ app_begin ] --START--
INFO: Run Behavior\ReadHtmlCacheBehavior [ RunTime:0.000027s ]
INFO: [ app_begin ] --END-- [ RunTime:0.000052s ]
SQL: SHOW COLUMNS FROM `weibo_topic` [ RunTime:0.0005s ]
SQL: SHOW COLUMNS FROM `weibo_topic` [ RunTime:0.0003s ]
SQL: SELECT a.id,a.content,a.content_over,a.create,a.uid,a.reid,b.username,b.face,b.domain FROM weibo_topic a,weibo_user b WHERE ( a.uid=b.id ) ORDER BY a.create DESC LIMIT 20,10   [ RunTime:0.0003s ]
SQL: SHOW COLUMNS FROM `weibo_image` [ RunTime:0.0003s ]
SQL: SELECT `data` FROM `weibo_image` WHERE ( 1=1 AND tid='111' )  [ RunTime:0.0001s ]
SQL: SELECT `data` FROM `weibo_image` WHERE ( 1=1 AND tid='110' )  [ RunTime:0.0000s ]
SQL: SELECT `data` FROM `weibo_image` WHERE ( 1=1 AND tid='109' )  [ RunTime:0.0000s ]
SQL: SELECT `data` FROM `weibo_image` WHERE ( 1=1 AND tid='108' )  [ RunTime:0.0000s ]
INFO: [ view_parse ] --START--
INFO: [ template_filter ] --START--
INFO: Run Behavior\ContentReplaceBehavior [ RunTime:0.000043s ]
INFO: [ template_filter ] --END-- [ RunTime:0.000075s ]
INFO: Run Behavior\ParseTemplateBehavior [ RunTime:0.002592s ]
INFO: [ view_parse ] --END-- [ RunTime:0.002623s ]
INFO: [ view_filter ] --START--
INFO: Run Behavior\WriteHtmlCacheBehavior [ RunTime:0.000029s ]
INFO: [ view_filter ] --END-- [ RunTime:0.000046s ]
INFO: [ app_end ] --START--
INFO: Run Behavior\ShowPageTraceBehavior [ RunTime:0.000021s ]
INFO: [ app_end ] --END-- [ RunTime:0.000037s ]

[ 2017-06-07T12:42:33+08:00 ] 60.194.128.16 /weibo/Home/Space/setUrl
INFO: [ app_init ] --START--
INFO: Run Behavior\BuildLiteBehavior [ RunTime:0.000010s ]
INFO: [ app_init ] --END-- [ RunTime:0.000064s ]
INFO: [ app_begin ] --START--
INFO: Run Behavior\ReadHtmlCacheBehavior [ RunTime:0.000026s ]
INFO: [ app_begin ] --END-- [ RunTime:0.000049s ]
SQL: SHOW COLUMNS FROM `weibo_user` [ RunTime:0.0005s ]
SQL: SELECT `id`,`domain` FROM `weibo_user` WHERE `username` = '鸣人' LIMIT 1   [ RunTime:0.0001s ]
INFO: [ app_end ] --START--
INFO: Run Behavior\ShowPageTraceBehavior [ RunTime:0.000033s ]
INFO: [ app_end ] --END-- [ RunTime:0.000057s ]

[ 2017-06-07T12:42:33+08:00 ] 60.194.128.16 /weibo/Home/Space/setUrl
INFO: [ app_init ] --START--
INFO: Run Behavior\BuildLiteBehavior [ RunTime:0.000015s ]
INFO: [ app_init ] --END-- [ RunTime:0.000088s ]
INFO: [ app_begin ] --START--
INFO: Run Behavior\ReadHtmlCacheBehavior [ RunTime:0.000053s ]
INFO: [ app_begin ] --END-- [ RunTime:0.000086s ]
SQL: SHOW COLUMNS FROM `weibo_user` [ RunTime:0.0005s ]
SQL: SELECT `id`,`domain` FROM `weibo_user` WHERE `username` = '梅西' LIMIT 1   [ RunTime:0.0001s ]
INFO: [ app_end ] --START--
INFO: Run Behavior\ShowPageTraceBehavior [ RunTime:0.000044s ]
INFO: [ app_end ] --END-- [ RunTime:0.000068s ]

