[ 2017-06-11T16:30:25+08:00 ] 221.179.222.146 /weibo/
INFO: [ app_init ] --START--
INFO: Run Behavior\BuildLiteBehavior [ RunTime:0.000012s ]
INFO: [ app_init ] --END-- [ RunTime:0.000410s ]
INFO: [ app_begin ] --START--
INFO: Run Behavior\ReadHtmlCacheBehavior [ RunTime:0.000554s ]
INFO: [ app_begin ] --END-- [ RunTime:0.000591s ]

[ 2017-06-11T16:30:25+08:00 ] 221.179.222.146 /weibo/Login/index.html
INFO: [ app_init ] --START--
INFO: Run Behavior\BuildLiteBehavior [ RunTime:0.000007s ]
INFO: [ app_init ] --END-- [ RunTime:0.000047s ]
INFO: [ app_begin ] --START--
INFO: Run Behavior\ReadHtmlCacheBehavior [ RunTime:0.000024s ]
INFO: [ app_begin ] --END-- [ RunTime:0.000050s ]
INFO: [ view_parse ] --START--
INFO: [ template_filter ] --START--
INFO: Run Behavior\ContentReplaceBehavior [ RunTime:0.000042s ]
INFO: [ template_filter ] --END-- [ RunTime:0.000075s ]
INFO: Run Behavior\ParseTemplateBehavior [ RunTime:0.006247s ]
INFO: [ view_parse ] --END-- [ RunTime:0.006277s ]
INFO: [ view_filter ] --START--
INFO: Run Behavior\WriteHtmlCacheBehavior [ RunTime:0.000176s ]
INFO: [ view_filter ] --END-- [ RunTime:0.000202s ]
INFO: [ app_end ] --START--
INFO: Run Behavior\ShowPageTraceBehavior [ RunTime:0.000616s ]
INFO: [ app_end ] --END-- [ RunTime:0.000649s ]

[ 2017-06-11T16:30:27+08:00 ] 221.179.222.146 /weibo/Login/verify.html
INFO: [ app_init ] --START--
INFO: Run Behavior\BuildLiteBehavior [ RunTime:0.000014s ]
INFO: [ app_init ] --END-- [ RunTime:0.000104s ]
INFO: [ app_begin ] --START--
INFO: Run Behavior\ReadHtmlCacheBehavior [ RunTime:0.000044s ]
INFO: [ app_begin ] --END-- [ RunTime:0.000075s ]
INFO: [ app_end ] --START--
INFO: Run Behavior\ShowPageTraceBehavior [ RunTime:0.000044s ]
INFO: [ app_end ] --END-- [ RunTime:0.000079s ]

[ 2017-06-11T16:30:40+08:00 ] 221.179.222.146 /weibo/Home/User/checkVerify
INFO: [ app_init ] --START--
INFO: Run Behavior\BuildLiteBehavior [ RunTime:0.000014s ]
INFO: [ app_init ] --END-- [ RunTime:0.000103s ]
INFO: [ app_begin ] --START--
INFO: Run Behavior\ReadHtmlCacheBehavior [ RunTime:0.000041s ]
INFO: [ app_begin ] --END-- [ RunTime:0.000072s ]
SQL: SHOW COLUMNS FROM `weibo_user` [ RunTime:0.0005s ]
NOTIC: [8] Undefined index: validate /data/wwwroot/default/weibo/ThinkPHP/Library/Think/Model.class.php 第 1185 行.
INFO: [ app_end ] --START--
INFO: Run Behavior\ShowPageTraceBehavior [ RunTime:0.000037s ]
INFO: [ app_end ] --END-- [ RunTime:0.000068s ]

[ 2017-06-11T16:30:43+08:00 ] 221.179.222.146 /weibo/Home/User/checkVerify
INFO: [ app_init ] --START--
INFO: Run Behavior\BuildLiteBehavior [ RunTime:0.000010s ]
INFO: [ app_init ] --END-- [ RunTime:0.000067s ]
INFO: [ app_begin ] --START--
INFO: Run Behavior\ReadHtmlCacheBehavior [ RunTime:0.000028s ]
INFO: [ app_begin ] --END-- [ RunTime:0.000054s ]
SQL: SHOW COLUMNS FROM `weibo_user` [ RunTime:0.0005s ]
NOTIC: [8] Undefined index: validate /data/wwwroot/default/weibo/ThinkPHP/Library/Think/Model.class.php 第 1185 行.
INFO: [ app_end ] --START--
INFO: Run Behavior\ShowPageTraceBehavior [ RunTime:0.000026s ]
INFO: [ app_end ] --END-- [ RunTime:0.000052s ]

[ 2017-06-11T16:30:43+08:00 ] 221.179.222.146 /weibo/Home/User/checkVerify
INFO: [ app_init ] --START--
INFO: Run Behavior\BuildLiteBehavior [ RunTime:0.000012s ]
INFO: [ app_init ] --END-- [ RunTime:0.000078s ]
INFO: [ app_begin ] --START--
INFO: Run Behavior\ReadHtmlCacheBehavior [ RunTime:0.000027s ]
INFO: [ app_begin ] --END-- [ RunTime:0.000051s ]
SQL: SHOW COLUMNS FROM `weibo_user` [ RunTime:0.0005s ]
NOTIC: [8] Undefined index: validate /data/wwwroot/default/weibo/ThinkPHP/Library/Think/Model.class.php 第 1185 行.
NOTIC: [8] Undefined index: auto /data/wwwroot/default/weibo/ThinkPHP/Library/Think/Model.class.php 第 1128 行.
NOTIC: [2] sha1() expects at least 1 parameter, 0 given /data/wwwroot/default/weibo/ThinkPHP/Library/Think/Model.class.php 第 1154 行.
INFO: [ app_end ] --START--
INFO: Run Behavior\ShowPageTraceBehavior [ RunTime:0.000027s ]
INFO: [ app_end ] --END-- [ RunTime:0.000050s ]

[ 2017-06-11T16:30:44+08:00 ] 221.179.222.146 /weibo/Home/User/login
INFO: [ app_init ] --START--
INFO: Run Behavior\BuildLiteBehavior [ RunTime:0.000025s ]
INFO: [ app_init ] --END-- [ RunTime:0.000083s ]
INFO: [ app_begin ] --START--
INFO: Run Behavior\ReadHtmlCacheBehavior [ RunTime:0.000029s ]
INFO: [ app_begin ] --END-- [ RunTime:0.000056s ]
SQL: SHOW COLUMNS FROM `weibo_user` [ RunTime:0.0005s ]
NOTIC: [8] Undefined index: validate /data/wwwroot/default/weibo/ThinkPHP/Library/Think/Model.class.php 第 1185 行.
SQL: SELECT `id`,`username`,`password`,`last_login`,`face` FROM `weibo_user` WHERE `username` = '鸣人' LIMIT 1   [ RunTime:0.0002s ]
SQL: UPDATE `weibo_user` SET `last_login`='1497169844',`last_ip`='3719552658' WHERE `id` = '51' [ RunTime:0.0002s ]
INFO: [ app_end ] --START--
INFO: Run Behavior\ShowPageTraceBehavior [ RunTime:0.000033s ]
INFO: [ app_end ] --END-- [ RunTime:0.000059s ]

[ 2017-06-11T16:30:46+08:00 ] 221.179.222.146 /weibo/Index/index.html
INFO: [ app_init ] --START--
INFO: Run Behavior\BuildLiteBehavior [ RunTime:0.000010s ]
INFO: [ app_init ] --END-- [ RunTime:0.000065s ]
INFO: [ app_begin ] --START--
INFO: Run Behavior\ReadHtmlCacheBehavior [ RunTime:0.000028s ]
INFO: [ app_begin ] --END-- [ RunTime:0.000054s ]
SQL: SHOW COLUMNS FROM `weibo_topic` [ RunTime:0.0005s ]
SQL: SHOW COLUMNS FROM `weibo_topic` [ RunTime:0.0003s ]
SQL: SELECT a.id,a.content,a.content_over,a.create,a.uid,a.reid,b.username,b.face,b.domain FROM weibo_topic a,weibo_user b WHERE ( a.uid=b.id ) ORDER BY a.create DESC LIMIT 0,10   [ RunTime:0.0003s ]
SQL: SHOW COLUMNS FROM `weibo_image` [ RunTime:0.0003s ]
SQL: SELECT `data` FROM `weibo_image` WHERE ( 1=1 AND tid='148' )  [ RunTime:0.0001s ]
SQL: SELECT `data` FROM `weibo_image` WHERE ( 1=1 AND tid='147' )  [ RunTime:0.0000s ]
SQL: SELECT `data` FROM `weibo_image` WHERE ( 1=1 AND tid='146' )  [ RunTime:0.0000s ]
SQL: SELECT `data` FROM `weibo_image` WHERE ( 1=1 AND tid='145' )  [ RunTime:0.0000s ]
SQL: SELECT `data` FROM `weibo_image` WHERE ( 1=1 AND tid='144' )  [ RunTime:0.0000s ]
SQL: SELECT `data` FROM `weibo_image` WHERE ( 1=1 AND tid='143' )  [ RunTime:0.0000s ]
SQL: SELECT `data` FROM `weibo_image` WHERE ( 1=1 AND tid='142' )  [ RunTime:0.0000s ]
SQL: SELECT `data` FROM `weibo_image` WHERE ( 1=1 AND tid='141' )  [ RunTime:0.0000s ]
SQL: SELECT `data` FROM `weibo_image` WHERE ( 1=1 AND tid='140' )  [ RunTime:0.0000s ]
SQL: SELECT `data` FROM `weibo_image` WHERE ( 1=1 AND tid='122' )  [ RunTime:0.0000s ]
SQL: SHOW COLUMNS FROM `weibo_topic` [ RunTime:0.0003s ]
SQL: SELECT a.id,a.content,a.content_over,a.create,a.uid,a.reid,a.recount,b.username,b.face,b.domain FROM weibo_topic a,weibo_user b WHERE ( a.uid=b.id AND a.id=147 ) LIMIT 1   [ RunTime:0.0002s ]
SQL: SELECT `data` FROM `weibo_image` WHERE ( 1=1 AND tid='147' )  [ RunTime:0.0000s ]
SQL: SHOW COLUMNS FROM `weibo_topic` [ RunTime:0.0003s ]
SQL: SELECT a.id,a.content,a.content_over,a.create,a.uid,a.reid,a.recount,b.username,b.face,b.domain FROM weibo_topic a,weibo_user b WHERE ( a.uid=b.id AND a.id=145 ) LIMIT 1   [ RunTime:0.0002s ]
SQL: SELECT `data` FROM `weibo_image` WHERE ( 1=1 AND tid='145' )  [ RunTime:0.0001s ]
SQL: SHOW COLUMNS FROM `weibo_topic` [ RunTime:0.0003s ]
SQL: SELECT a.id,a.content,a.content_over,a.create,a.uid,a.reid,a.recount,b.username,b.face,b.domain FROM weibo_topic a,weibo_user b WHERE ( a.uid=b.id AND a.id=140 ) LIMIT 1   [ RunTime:0.0002s ]
SQL: SELECT `data` FROM `weibo_image` WHERE ( 1=1 AND tid='140' )  [ RunTime:0.0000s ]
SQL: SHOW COLUMNS FROM `weibo_topic` [ RunTime:0.0003s ]
SQL: SELECT a.id,a.content,a.content_over,a.create,a.uid,a.reid,a.recount,b.username,b.face,b.domain FROM weibo_topic a,weibo_user b WHERE ( a.uid=b.id AND a.id=122 ) LIMIT 1   [ RunTime:0.0002s ]
SQL: SELECT `data` FROM `weibo_image` WHERE ( 1=1 AND tid='122' )  [ RunTime:0.0000s ]
INFO: [ view_parse ] --START--
INFO: [ template_filter ] --START--
INFO: Run Behavior\ContentReplaceBehavior [ RunTime:0.000145s ]
INFO: [ template_filter ] --END-- [ RunTime:0.000179s ]
NOTIC: [8] Undefined index: recount /data/wwwroot/default/weibo/weibo/Runtime/Cache/Home/297945e3053b9b0806e01a4c87378e3c.php 第 144 行.
NOTIC: [8] Undefined index: recount /data/wwwroot/default/weibo/weibo/Runtime/Cache/Home/297945e3053b9b0806e01a4c87378e3c.php 第 144 行.
NOTIC: [8] Undefined index: recount /data/wwwroot/default/weibo/weibo/Runtime/Cache/Home/297945e3053b9b0806e01a4c87378e3c.php 第 144 行.
NOTIC: [8] Undefined index: recount /data/wwwroot/default/weibo/weibo/Runtime/Cache/Home/297945e3053b9b0806e01a4c87378e3c.php 第 144 行.
NOTIC: [8] Undefined index: recount /data/wwwroot/default/weibo/weibo/Runtime/Cache/Home/297945e3053b9b0806e01a4c87378e3c.php 第 144 行.
NOTIC: [8] Undefined index: recount /data/wwwroot/default/weibo/weibo/Runtime/Cache/Home/297945e3053b9b0806e01a4c87378e3c.php 第 144 行.
INFO: Run Behavior\ParseTemplateBehavior [ RunTime:0.011220s ]
INFO: [ view_parse ] --END-- [ RunTime:0.011251s ]
INFO: [ view_filter ] --START--
INFO: Run Behavior\WriteHtmlCacheBehavior [ RunTime:0.000029s ]
INFO: [ view_filter ] --END-- [ RunTime:0.000048s ]
INFO: [ app_end ] --START--
INFO: Run Behavior\ShowPageTraceBehavior [ RunTime:0.000042s ]
INFO: [ app_end ] --END-- [ RunTime:0.000067s ]

[ 2017-06-11T16:30:46+08:00 ] 221.179.222.146 /weibo/Index/index.html
INFO: [ app_init ] --START--
INFO: Run Behavior\BuildLiteBehavior [ RunTime:0.000011s ]
INFO: [ app_init ] --END-- [ RunTime:0.000083s ]
INFO: [ app_begin ] --START--
INFO: Run Behavior\ReadHtmlCacheBehavior [ RunTime:0.000037s ]
INFO: [ app_begin ] --END-- [ RunTime:0.000064s ]
SQL: SHOW COLUMNS FROM `weibo_topic` [ RunTime:0.0005s ]
SQL: SHOW COLUMNS FROM `weibo_topic` [ RunTime:0.0003s ]
SQL: SELECT a.id,a.content,a.content_over,a.create,a.uid,a.reid,b.username,b.face,b.domain FROM weibo_topic a,weibo_user b WHERE ( a.uid=b.id ) ORDER BY a.create DESC LIMIT 0,10   [ RunTime:0.0001s ]
SQL: SHOW COLUMNS FROM `weibo_image` [ RunTime:0.0003s ]
SQL: SELECT `data` FROM `weibo_image` WHERE ( 1=1 AND tid='148' )  [ RunTime:0.0000s ]
SQL: SELECT `data` FROM `weibo_image` WHERE ( 1=1 AND tid='147' )  [ RunTime:0.0000s ]
SQL: SELECT `data` FROM `weibo_image` WHERE ( 1=1 AND tid='146' )  [ RunTime:0.0000s ]
SQL: SELECT `data` FROM `weibo_image` WHERE ( 1=1 AND tid='145' )  [ RunTime:0.0000s ]
SQL: SELECT `data` FROM `weibo_image` WHERE ( 1=1 AND tid='144' )  [ RunTime:0.0000s ]
SQL: SELECT `data` FROM `weibo_image` WHERE ( 1=1 AND tid='143' )  [ RunTime:0.0000s ]
SQL: SELECT `data` FROM `weibo_image` WHERE ( 1=1 AND tid='142' )  [ RunTime:0.0000s ]
SQL: SELECT `data` FROM `weibo_image` WHERE ( 1=1 AND tid='141' )  [ RunTime:0.0000s ]
SQL: SELECT `data` FROM `weibo_image` WHERE ( 1=1 AND tid='140' )  [ RunTime:0.0000s ]
SQL: SELECT `data` FROM `weibo_image` WHERE ( 1=1 AND tid='122' )  [ RunTime:0.0000s ]
SQL: SHOW COLUMNS FROM `weibo_topic` [ RunTime:0.0003s ]
SQL: SELECT a.id,a.content,a.content_over,a.create,a.uid,a.reid,a.recount,b.username,b.face,b.domain FROM weibo_topic a,weibo_user b WHERE ( a.uid=b.id AND a.id=147 ) LIMIT 1   [ RunTime:0.0001s ]
SQL: SELECT `data` FROM `weibo_image` WHERE ( 1=1 AND tid='147' )  [ RunTime:0.0000s ]
SQL: SHOW COLUMNS FROM `weibo_topic` [ RunTime:0.0003s ]
SQL: SELECT a.id,a.content,a.content_over,a.create,a.uid,a.reid,a.recount,b.username,b.face,b.domain FROM weibo_topic a,weibo_user b WHERE ( a.uid=b.id AND a.id=145 ) LIMIT 1   [ RunTime:0.0001s ]
SQL: SELECT `data` FROM `weibo_image` WHERE ( 1=1 AND tid='145' )  [ RunTime:0.0000s ]
SQL: SHOW COLUMNS FROM `weibo_topic` [ RunTime:0.0003s ]
SQL: SELECT a.id,a.content,a.content_over,a.create,a.uid,a.reid,a.recount,b.username,b.face,b.domain FROM weibo_topic a,weibo_user b WHERE ( a.uid=b.id AND a.id=140 ) LIMIT 1   [ RunTime:0.0001s ]
SQL: SELECT `data` FROM `weibo_image` WHERE ( 1=1 AND tid='140' )  [ RunTime:0.0000s ]
SQL: SHOW COLUMNS FROM `weibo_topic` [ RunTime:0.0003s ]
SQL: SELECT a.id,a.content,a.content_over,a.create,a.uid,a.reid,a.recount,b.username,b.face,b.domain FROM weibo_topic a,weibo_user b WHERE ( a.uid=b.id AND a.id=122 ) LIMIT 1   [ RunTime:0.0001s ]
SQL: SELECT `data` FROM `weibo_image` WHERE ( 1=1 AND tid='122' )  [ RunTime:0.0000s ]
INFO: [ view_parse ] --START--
INFO: [ template_filter ] --START--
INFO: Run Behavior\ContentReplaceBehavior [ RunTime:0.000151s ]
INFO: [ template_filter ] --END-- [ RunTime:0.000191s ]
NOTIC: [8] Undefined index: recount /data/wwwroot/default/weibo/weibo/Runtime/Cache/Home/297945e3053b9b0806e01a4c87378e3c.php 第 144 行.
NOTIC: [8] Undefined index: recount /data/wwwroot/default/weibo/weibo/Runtime/Cache/Home/297945e3053b9b0806e01a4c87378e3c.php 第 144 行.
NOTIC: [8] Undefined index: recount /data/wwwroot/default/weibo/weibo/Runtime/Cache/Home/297945e3053b9b0806e01a4c87378e3c.php 第 144 行.
NOTIC: [8] Undefined index: recount /data/wwwroot/default/weibo/weibo/Runtime/Cache/Home/297945e3053b9b0806e01a4c87378e3c.php 第 144 行.
NOTIC: [8] Undefined index: recount /data/wwwroot/default/weibo/weibo/Runtime/Cache/Home/297945e3053b9b0806e01a4c87378e3c.php 第 144 行.
NOTIC: [8] Undefined index: recount /data/wwwroot/default/weibo/weibo/Runtime/Cache/Home/297945e3053b9b0806e01a4c87378e3c.php 第 144 行.
INFO: Run Behavior\ParseTemplateBehavior [ RunTime:0.010983s ]
INFO: [ view_parse ] --END-- [ RunTime:0.011013s ]
INFO: [ view_filter ] --START--
INFO: Run Behavior\WriteHtmlCacheBehavior [ RunTime:0.000030s ]
INFO: [ view_filter ] --END-- [ RunTime:0.000049s ]
INFO: [ app_end ] --START--
INFO: Run Behavior\ShowPageTraceBehavior [ RunTime:0.000032s ]
INFO: [ app_end ] --END-- [ RunTime:0.000058s ]

[ 2017-06-11T16:30:46+08:00 ] 221.179.222.146 /weibo/Index/index.html
INFO: [ app_init ] --START--
INFO: Run Behavior\BuildLiteBehavior [ RunTime:0.000011s ]
INFO: [ app_init ] --END-- [ RunTime:0.000074s ]
INFO: [ app_begin ] --START--
INFO: Run Behavior\ReadHtmlCacheBehavior [ RunTime:0.000043s ]
INFO: [ app_begin ] --END-- [ RunTime:0.000082s ]
SQL: SHOW COLUMNS FROM `weibo_topic` [ RunTime:0.0005s ]
SQL: SHOW COLUMNS FROM `weibo_topic` [ RunTime:0.0004s ]
SQL: SELECT a.id,a.content,a.content_over,a.create,a.uid,a.reid,b.username,b.face,b.domain FROM weibo_topic a,weibo_user b WHERE ( a.uid=b.id ) ORDER BY a.create DESC LIMIT 0,10   [ RunTime:0.0001s ]
SQL: SHOW COLUMNS FROM `weibo_image` [ RunTime:0.0003s ]
SQL: SELECT `data` FROM `weibo_image` WHERE ( 1=1 AND tid='148' )  [ RunTime:0.0001s ]
SQL: SELECT `data` FROM `weibo_image` WHERE ( 1=1 AND tid='147' )  [ RunTime:0.0001s ]
SQL: SELECT `data` FROM `weibo_image` WHERE ( 1=1 AND tid='146' )  [ RunTime:0.0000s ]
SQL: SELECT `data` FROM `weibo_image` WHERE ( 1=1 AND tid='145' )  [ RunTime:0.0000s ]
SQL: SELECT `data` FROM `weibo_image` WHERE ( 1=1 AND tid='144' )  [ RunTime:0.0000s ]
SQL: SELECT `data` FROM `weibo_image` WHERE ( 1=1 AND tid='143' )  [ RunTime:0.0000s ]
SQL: SELECT `data` FROM `weibo_image` WHERE ( 1=1 AND tid='142' )  [ RunTime:0.0000s ]
SQL: SELECT `data` FROM `weibo_image` WHERE ( 1=1 AND tid='141' )  [ RunTime:0.0000s ]
SQL: SELECT `data` FROM `weibo_image` WHERE ( 1=1 AND tid='140' )  [ RunTime:0.0000s ]
SQL: SELECT `data` FROM `weibo_image` WHERE ( 1=1 AND tid='122' )  [ RunTime:0.0000s ]
SQL: SHOW COLUMNS FROM `weibo_topic` [ RunTime:0.0003s ]
SQL: SELECT a.id,a.content,a.content_over,a.create,a.uid,a.reid,a.recount,b.username,b.face,b.domain FROM weibo_topic a,weibo_user b WHERE ( a.uid=b.id AND a.id=147 ) LIMIT 1   [ RunTime:0.0001s ]
SQL: SELECT `data` FROM `weibo_image` WHERE ( 1=1 AND tid='147' )  [ RunTime:0.0000s ]
SQL: SHOW COLUMNS FROM `weibo_topic` [ RunTime:0.0003s ]
SQL: SELECT a.id,a.content,a.content_over,a.create,a.uid,a.reid,a.recount,b.username,b.face,b.domain FROM weibo_topic a,weibo_user b WHERE ( a.uid=b.id AND a.id=145 ) LIMIT 1   [ RunTime:0.0001s ]
SQL: SELECT `data` FROM `weibo_image` WHERE ( 1=1 AND tid='145' )  [ RunTime:0.0000s ]
SQL: SHOW COLUMNS FROM `weibo_topic` [ RunTime:0.0003s ]
SQL: SELECT a.id,a.content,a.content_over,a.create,a.uid,a.reid,a.recount,b.username,b.face,b.domain FROM weibo_topic a,weibo_user b WHERE ( a.uid=b.id AND a.id=140 ) LIMIT 1   [ RunTime:0.0001s ]
SQL: SELECT `data` FROM `weibo_image` WHERE ( 1=1 AND tid='140' )  [ RunTime:0.0001s ]
SQL: SHOW COLUMNS FROM `weibo_topic` [ RunTime:0.0008s ]
SQL: SELECT a.id,a.content,a.content_over,a.create,a.uid,a.reid,a.recount,b.username,b.face,b.domain FROM weibo_topic a,weibo_user b WHERE ( a.uid=b.id AND a.id=122 ) LIMIT 1   [ RunTime:0.0001s ]
SQL: SELECT `data` FROM `weibo_image` WHERE ( 1=1 AND tid='122' )  [ RunTime:0.0000s ]
INFO: [ view_parse ] --START--
INFO: [ template_filter ] --START--
INFO: Run Behavior\ContentReplaceBehavior [ RunTime:0.000156s ]
INFO: [ template_filter ] --END-- [ RunTime:0.000192s ]
NOTIC: [8] Undefined index: recount /data/wwwroot/default/weibo/weibo/Runtime/Cache/Home/297945e3053b9b0806e01a4c87378e3c.php 第 144 行.
NOTIC: [8] Undefined index: recount /data/wwwroot/default/weibo/weibo/Runtime/Cache/Home/297945e3053b9b0806e01a4c87378e3c.php 第 144 行.
NOTIC: [8] Undefined index: recount /data/wwwroot/default/weibo/weibo/Runtime/Cache/Home/297945e3053b9b0806e01a4c87378e3c.php 第 144 行.
NOTIC: [8] Undefined index: recount /data/wwwroot/default/weibo/weibo/Runtime/Cache/Home/297945e3053b9b0806e01a4c87378e3c.php 第 144 行.
NOTIC: [8] Undefined index: recount /data/wwwroot/default/weibo/weibo/Runtime/Cache/Home/297945e3053b9b0806e01a4c87378e3c.php 第 144 行.
NOTIC: [8] Undefined index: recount /data/wwwroot/default/weibo/weibo/Runtime/Cache/Home/297945e3053b9b0806e01a4c87378e3c.php 第 144 行.
INFO: Run Behavior\ParseTemplateBehavior [ RunTime:0.013665s ]
INFO: [ view_parse ] --END-- [ RunTime:0.013699s ]
INFO: [ view_filter ] --START--
INFO: Run Behavior\WriteHtmlCacheBehavior [ RunTime:0.000033s ]
INFO: [ view_filter ] --END-- [ RunTime:0.000054s ]
INFO: [ app_end ] --START--
INFO: Run Behavior\ShowPageTraceBehavior [ RunTime:0.000033s ]
INFO: [ app_end ] --END-- [ RunTime:0.000073s ]

[ 2017-06-11T16:30:46+08:00 ] 221.179.222.146 /weibo/Home/Topic/ajaxCount
INFO: [ app_init ] --START--
INFO: Run Behavior\BuildLiteBehavior [ RunTime:0.000013s ]
INFO: [ app_init ] --END-- [ RunTime:0.000106s ]
INFO: [ app_begin ] --START--
INFO: Run Behavior\ReadHtmlCacheBehavior [ RunTime:0.000043s ]
INFO: [ app_begin ] --END-- [ RunTime:0.000072s ]
SQL: SHOW COLUMNS FROM `weibo_topic` [ RunTime:0.0005s ]
SQL: SELECT COUNT(*) AS tp_count FROM `weibo_topic` WHERE ( 1=1 ) LIMIT 1   [ RunTime:0.0027s ]
INFO: [ app_end ] --START--
INFO: Run Behavior\ShowPageTraceBehavior [ RunTime:0.000040s ]
INFO: [ app_end ] --END-- [ RunTime:0.000063s ]

[ 2017-06-11T16:30:46+08:00 ] 221.179.222.146 /weibo/Home/Space/setUrl
INFO: [ app_init ] --START--
INFO: Run Behavior\BuildLiteBehavior [ RunTime:0.000011s ]
INFO: [ app_init ] --END-- [ RunTime:0.000082s ]
INFO: [ app_begin ] --START--
INFO: Run Behavior\ReadHtmlCacheBehavior [ RunTime:0.000038s ]
INFO: [ app_begin ] --END-- [ RunTime:0.000068s ]
SQL: SHOW COLUMNS FROM `weibo_user` [ RunTime:0.0004s ]
SQL: SELECT `id`,`domain` FROM `weibo_user` WHERE `username` = '鸣人' LIMIT 1   [ RunTime:0.0002s ]
INFO: [ app_end ] --START--
INFO: Run Behavior\ShowPageTraceBehavior [ RunTime:0.000042s ]
INFO: [ app_end ] --END-- [ RunTime:0.000069s ]

[ 2017-06-11T16:30:46+08:00 ] 221.179.222.146 /weibo/Home/Space/setUrl
INFO: [ app_init ] --START--
INFO: Run Behavior\BuildLiteBehavior [ RunTime:0.000011s ]
INFO: [ app_init ] --END-- [ RunTime:0.000070s ]
INFO: [ app_begin ] --START--
INFO: Run Behavior\ReadHtmlCacheBehavior [ RunTime:0.000027s ]
INFO: [ app_begin ] --END-- [ RunTime:0.000052s ]
SQL: SHOW COLUMNS FROM `weibo_user` [ RunTime:0.0005s ]
SQL: SELECT `id`,`domain` FROM `weibo_user` WHERE `username` = '小弟' LIMIT 1   [ RunTime:0.0002s ]

[ 2017-06-11T16:30:46+08:00 ] 221.179.222.146 /weibo/Home/Space/setUrl
INFO: [ app_init ] --START--
INFO: Run Behavior\BuildLiteBehavior [ RunTime:0.000011s ]
INFO: [ app_init ] --END-- [ RunTime:0.000068s ]
INFO: [ app_begin ] --START--
INFO: Run Behavior\ReadHtmlCacheBehavior [ RunTime:0.000026s ]
INFO: [ app_begin ] --END-- [ RunTime:0.000051s ]
SQL: SHOW COLUMNS FROM `weibo_user` [ RunTime:0.0005s ]
SQL: SELECT `id`,`domain` FROM `weibo_user` WHERE `username` = '小弟' LIMIT 1   [ RunTime:0.0001s ]

[ 2017-06-11T16:30:51+08:00 ] 221.179.222.146 /weibo/Home/Topic/ajaxList
INFO: [ app_init ] --START--
INFO: Run Behavior\BuildLiteBehavior [ RunTime:0.000011s ]
INFO: [ app_init ] --END-- [ RunTime:0.000069s ]
INFO: [ app_begin ] --START--
INFO: Run Behavior\ReadHtmlCacheBehavior [ RunTime:0.000025s ]
INFO: [ app_begin ] --END-- [ RunTime:0.000051s ]
SQL: SHOW COLUMNS FROM `weibo_topic` [ RunTime:0.0013s ]
SQL: SHOW COLUMNS FROM `weibo_topic` [ RunTime:0.0003s ]
SQL: SELECT a.id,a.content,a.content_over,a.create,a.uid,a.reid,b.username,b.face,b.domain FROM weibo_topic a,weibo_user b WHERE ( a.uid=b.id ) ORDER BY a.create DESC LIMIT 10,10   [ RunTime:0.0004s ]
SQL: SHOW COLUMNS FROM `weibo_image` [ RunTime:0.0003s ]
SQL: SELECT `data` FROM `weibo_image` WHERE ( 1=1 AND tid='121' )  [ RunTime:0.0000s ]
SQL: SELECT `data` FROM `weibo_image` WHERE ( 1=1 AND tid='120' )  [ RunTime:0.0000s ]
SQL: SELECT `data` FROM `weibo_image` WHERE ( 1=1 AND tid='119' )  [ RunTime:0.0000s ]
SQL: SELECT `data` FROM `weibo_image` WHERE ( 1=1 AND tid='118' )  [ RunTime:0.0001s ]
SQL: SELECT `data` FROM `weibo_image` WHERE ( 1=1 AND tid='117' )  [ RunTime:0.0000s ]
SQL: SELECT `data` FROM `weibo_image` WHERE ( 1=1 AND tid='116' )  [ RunTime:0.0000s ]
SQL: SELECT `data` FROM `weibo_image` WHERE ( 1=1 AND tid='115' )  [ RunTime:0.0000s ]
SQL: SELECT `data` FROM `weibo_image` WHERE ( 1=1 AND tid='114' )  [ RunTime:0.0000s ]
SQL: SELECT `data` FROM `weibo_image` WHERE ( 1=1 AND tid='113' )  [ RunTime:0.0000s ]
SQL: SELECT `data` FROM `weibo_image` WHERE ( 1=1 AND tid='112' )  [ RunTime:0.0000s ]
INFO: [ view_parse ] --START--
INFO: [ template_filter ] --START--
INFO: Run Behavior\ContentReplaceBehavior [ RunTime:0.000049s ]
INFO: [ template_filter ] --END-- [ RunTime:0.000083s ]
INFO: Run Behavior\ParseTemplateBehavior [ RunTime:0.003760s ]
INFO: [ view_parse ] --END-- [ RunTime:0.003802s ]
INFO: [ view_filter ] --START--
INFO: Run Behavior\WriteHtmlCacheBehavior [ RunTime:0.000031s ]
INFO: [ view_filter ] --END-- [ RunTime:0.000049s ]
INFO: [ app_end ] --START--
INFO: Run Behavior\ShowPageTraceBehavior [ RunTime:0.000025s ]
INFO: [ app_end ] --END-- [ RunTime:0.000046s ]

[ 2017-06-11T16:30:51+08:00 ] 221.179.222.146 /weibo/Home/Space/setUrl
INFO: [ app_init ] --START--
INFO: Run Behavior\BuildLiteBehavior [ RunTime:0.000010s ]
INFO: [ app_init ] --END-- [ RunTime:0.000066s ]
INFO: [ app_begin ] --START--
INFO: Run Behavior\ReadHtmlCacheBehavior [ RunTime:0.000041s ]
INFO: [ app_begin ] --END-- [ RunTime:0.000067s ]
SQL: SHOW COLUMNS FROM `weibo_user` [ RunTime:0.0005s ]
SQL: SELECT `id`,`domain` FROM `weibo_user` WHERE `username` = '梅西' LIMIT 1   [ RunTime:0.0002s ]
INFO: [ app_end ] --START--
INFO: Run Behavior\ShowPageTraceBehavior [ RunTime:0.000033s ]
INFO: [ app_end ] --END-- [ RunTime:0.000056s ]

[ 2017-06-11T16:30:51+08:00 ] 221.179.222.146 /weibo/Home/Space/setUrl
INFO: [ app_init ] --START--
INFO: Run Behavior\BuildLiteBehavior [ RunTime:0.000008s ]
INFO: [ app_init ] --END-- [ RunTime:0.000050s ]
INFO: [ app_begin ] --START--
INFO: Run Behavior\ReadHtmlCacheBehavior [ RunTime:0.000032s ]
INFO: [ app_begin ] --END-- [ RunTime:0.000057s ]
SQL: SHOW COLUMNS FROM `weibo_user` [ RunTime:0.0004s ]
SQL: SELECT `id`,`domain` FROM `weibo_user` WHERE `username` = '路飞' LIMIT 1   [ RunTime:0.0001s ]
INFO: [ app_end ] --START--
INFO: Run Behavior\ShowPageTraceBehavior [ RunTime:0.000030s ]
INFO: [ app_end ] --END-- [ RunTime:0.000054s ]

[ 2017-06-11T16:30:51+08:00 ] 221.179.222.146 /weibo/Home/Space/setUrl
INFO: [ app_init ] --START--
INFO: Run Behavior\BuildLiteBehavior [ RunTime:0.000008s ]
INFO: [ app_init ] --END-- [ RunTime:0.000050s ]
INFO: [ app_begin ] --START--
INFO: Run Behavior\ReadHtmlCacheBehavior [ RunTime:0.000025s ]
INFO: [ app_begin ] --END-- [ RunTime:0.000050s ]
SQL: SHOW COLUMNS FROM `weibo_user` [ RunTime:0.0004s ]
SQL: SELECT `id`,`domain` FROM `weibo_user` WHERE `username` = '鸣人' LIMIT 1   [ RunTime:0.0001s ]
INFO: [ app_end ] --START--
INFO: Run Behavior\ShowPageTraceBehavior [ RunTime:0.000029s ]
INFO: [ app_end ] --END-- [ RunTime:0.000052s ]

[ 2017-06-11T16:30:54+08:00 ] 221.179.222.146 /weibo/Index/index.html
INFO: [ app_init ] --START--
INFO: Run Behavior\BuildLiteBehavior [ RunTime:0.000026s ]
INFO: [ app_init ] --END-- [ RunTime:0.000083s ]
INFO: [ app_begin ] --START--
INFO: Run Behavior\ReadHtmlCacheBehavior [ RunTime:0.000029s ]
INFO: [ app_begin ] --END-- [ RunTime:0.000056s ]
SQL: SHOW COLUMNS FROM `weibo_topic` [ RunTime:0.0005s ]
SQL: SHOW COLUMNS FROM `weibo_topic` [ RunTime:0.0003s ]
SQL: SELECT a.id,a.content,a.content_over,a.create,a.uid,a.reid,b.username,b.face,b.domain FROM weibo_topic a,weibo_user b WHERE ( a.uid=b.id ) ORDER BY a.create DESC LIMIT 0,10   [ RunTime:0.0001s ]
SQL: SHOW COLUMNS FROM `weibo_image` [ RunTime:0.0003s ]
SQL: SELECT `data` FROM `weibo_image` WHERE ( 1=1 AND tid='148' )  [ RunTime:0.0001s ]
SQL: SELECT `data` FROM `weibo_image` WHERE ( 1=1 AND tid='147' )  [ RunTime:0.0000s ]
SQL: SELECT `data` FROM `weibo_image` WHERE ( 1=1 AND tid='146' )  [ RunTime:0.0000s ]
SQL: SELECT `data` FROM `weibo_image` WHERE ( 1=1 AND tid='145' )  [ RunTime:0.0000s ]
SQL: SELECT `data` FROM `weibo_image` WHERE ( 1=1 AND tid='144' )  [ RunTime:0.0000s ]
SQL: SELECT `data` FROM `weibo_image` WHERE ( 1=1 AND tid='143' )  [ RunTime:0.0000s ]
SQL: SELECT `data` FROM `weibo_image` WHERE ( 1=1 AND tid='142' )  [ RunTime:0.0000s ]
SQL: SELECT `data` FROM `weibo_image` WHERE ( 1=1 AND tid='141' )  [ RunTime:0.0000s ]
SQL: SELECT `data` FROM `weibo_image` WHERE ( 1=1 AND tid='140' )  [ RunTime:0.0000s ]
SQL: SELECT `data` FROM `weibo_image` WHERE ( 1=1 AND tid='122' )  [ RunTime:0.0001s ]
SQL: SHOW COLUMNS FROM `weibo_topic` [ RunTime:0.0003s ]
SQL: SELECT a.id,a.content,a.content_over,a.create,a.uid,a.reid,a.recount,b.username,b.face,b.domain FROM weibo_topic a,weibo_user b WHERE ( a.uid=b.id AND a.id=147 ) LIMIT 1   [ RunTime:0.0001s ]
SQL: SELECT `data` FROM `weibo_image` WHERE ( 1=1 AND tid='147' )  [ RunTime:0.0001s ]
SQL: SHOW COLUMNS FROM `weibo_topic` [ RunTime:0.0003s ]
SQL: SELECT a.id,a.content,a.content_over,a.create,a.uid,a.reid,a.recount,b.username,b.face,b.domain FROM weibo_topic a,weibo_user b WHERE ( a.uid=b.id AND a.id=145 ) LIMIT 1   [ RunTime:0.0001s ]
SQL: SELECT `data` FROM `weibo_image` WHERE ( 1=1 AND tid='145' )  [ RunTime:0.0000s ]
SQL: SHOW COLUMNS FROM `weibo_topic` [ RunTime:0.0003s ]
SQL: SELECT a.id,a.content,a.content_over,a.create,a.uid,a.reid,a.recount,b.username,b.face,b.domain FROM weibo_topic a,weibo_user b WHERE ( a.uid=b.id AND a.id=140 ) LIMIT 1   [ RunTime:0.0001s ]
SQL: SELECT `data` FROM `weibo_image` WHERE ( 1=1 AND tid='140' )  [ RunTime:0.0000s ]
SQL: SHOW COLUMNS FROM `weibo_topic` [ RunTime:0.0003s ]
SQL: SELECT a.id,a.content,a.content_over,a.create,a.uid,a.reid,a.recount,b.username,b.face,b.domain FROM weibo_topic a,weibo_user b WHERE ( a.uid=b.id AND a.id=122 ) LIMIT 1   [ RunTime:0.0001s ]
SQL: SELECT `data` FROM `weibo_image` WHERE ( 1=1 AND tid='122' )  [ RunTime:0.0000s ]
INFO: [ view_parse ] --START--
INFO: [ template_filter ] --START--
INFO: Run Behavior\ContentReplaceBehavior [ RunTime:0.000150s ]
INFO: [ template_filter ] --END-- [ RunTime:0.000185s ]
NOTIC: [8] Undefined index: recount /data/wwwroot/default/weibo/weibo/Runtime/Cache/Home/297945e3053b9b0806e01a4c87378e3c.php 第 144 行.
NOTIC: [8] Undefined index: recount /data/wwwroot/default/weibo/weibo/Runtime/Cache/Home/297945e3053b9b0806e01a4c87378e3c.php 第 144 行.
NOTIC: [8] Undefined index: recount /data/wwwroot/default/weibo/weibo/Runtime/Cache/Home/297945e3053b9b0806e01a4c87378e3c.php 第 144 行.
NOTIC: [8] Undefined index: recount /data/wwwroot/default/weibo/weibo/Runtime/Cache/Home/297945e3053b9b0806e01a4c87378e3c.php 第 144 行.
NOTIC: [8] Undefined index: recount /data/wwwroot/default/weibo/weibo/Runtime/Cache/Home/297945e3053b9b0806e01a4c87378e3c.php 第 144 行.
NOTIC: [8] Undefined index: recount /data/wwwroot/default/weibo/weibo/Runtime/Cache/Home/297945e3053b9b0806e01a4c87378e3c.php 第 144 行.
INFO: Run Behavior\ParseTemplateBehavior [ RunTime:0.010784s ]
INFO: [ view_parse ] --END-- [ RunTime:0.010814s ]
INFO: [ view_filter ] --START--
INFO: Run Behavior\WriteHtmlCacheBehavior [ RunTime:0.000029s ]
INFO: [ view_filter ] --END-- [ RunTime:0.000049s ]
INFO: [ app_end ] --START--
INFO: Run Behavior\ShowPageTraceBehavior [ RunTime:0.000032s ]
INFO: [ app_end ] --END-- [ RunTime:0.000060s ]

[ 2017-06-11T16:30:54+08:00 ] 221.179.222.146 /weibo/Index/index.html
INFO: [ app_init ] --START--
INFO: Run Behavior\BuildLiteBehavior [ RunTime:0.000012s ]
INFO: [ app_init ] --END-- [ RunTime:0.000076s ]
INFO: [ app_begin ] --START--
INFO: Run Behavior\ReadHtmlCacheBehavior [ RunTime:0.000040s ]
INFO: [ app_begin ] --END-- [ RunTime:0.000074s ]
SQL: SHOW COLUMNS FROM `weibo_topic` [ RunTime:0.0005s ]
SQL: SHOW COLUMNS FROM `weibo_topic` [ RunTime:0.0003s ]
SQL: SELECT a.id,a.content,a.content_over,a.create,a.uid,a.reid,b.username,b.face,b.domain FROM weibo_topic a,weibo_user b WHERE ( a.uid=b.id ) ORDER BY a.create DESC LIMIT 0,10   [ RunTime:0.0001s ]
SQL: SHOW COLUMNS FROM `weibo_image` [ RunTime:0.0003s ]
SQL: SELECT `data` FROM `weibo_image` WHERE ( 1=1 AND tid='148' )  [ RunTime:0.0001s ]
SQL: SELECT `data` FROM `weibo_image` WHERE ( 1=1 AND tid='147' )  [ RunTime:0.0001s ]
SQL: SELECT `data` FROM `weibo_image` WHERE ( 1=1 AND tid='146' )  [ RunTime:0.0000s ]
SQL: SELECT `data` FROM `weibo_image` WHERE ( 1=1 AND tid='145' )  [ RunTime:0.0000s ]
SQL: SELECT `data` FROM `weibo_image` WHERE ( 1=1 AND tid='144' )  [ RunTime:0.0000s ]
SQL: SELECT `data` FROM `weibo_image` WHERE ( 1=1 AND tid='143' )  [ RunTime:0.0000s ]
SQL: SELECT `data` FROM `weibo_image` WHERE ( 1=1 AND tid='142' )  [ RunTime:0.0000s ]
SQL: SELECT `data` FROM `weibo_image` WHERE ( 1=1 AND tid='141' )  [ RunTime:0.0000s ]
SQL: SELECT `data` FROM `weibo_image` WHERE ( 1=1 AND tid='140' )  [ RunTime:0.0000s ]
SQL: SELECT `data` FROM `weibo_image` WHERE ( 1=1 AND tid='122' )  [ RunTime:0.0000s ]
SQL: SHOW COLUMNS FROM `weibo_topic` [ RunTime:0.0003s ]
SQL: SELECT a.id,a.content,a.content_over,a.create,a.uid,a.reid,a.recount,b.username,b.face,b.domain FROM weibo_topic a,weibo_user b WHERE ( a.uid=b.id AND a.id=147 ) LIMIT 1   [ RunTime:0.0001s ]
SQL: SELECT `data` FROM `weibo_image` WHERE ( 1=1 AND tid='147' )  [ RunTime:0.0000s ]
SQL: SHOW COLUMNS FROM `weibo_topic` [ RunTime:0.0003s ]
SQL: SELECT a.id,a.content,a.content_over,a.create,a.uid,a.reid,a.recount,b.username,b.face,b.domain FROM weibo_topic a,weibo_user b WHERE ( a.uid=b.id AND a.id=145 ) LIMIT 1   [ RunTime:0.0001s ]
SQL: SELECT `data` FROM `weibo_image` WHERE ( 1=1 AND tid='145' )  [ RunTime:0.0000s ]
SQL: SHOW COLUMNS FROM `weibo_topic` [ RunTime:0.0003s ]
SQL: SELECT a.id,a.content,a.content_over,a.create,a.uid,a.reid,a.recount,b.username,b.face,b.domain FROM weibo_topic a,weibo_user b WHERE ( a.uid=b.id AND a.id=140 ) LIMIT 1   [ RunTime:0.0001s ]
SQL: SELECT `data` FROM `weibo_image` WHERE ( 1=1 AND tid='140' )  [ RunTime:0.0000s ]
SQL: SHOW COLUMNS FROM `weibo_topic` [ RunTime:0.0003s ]
SQL: SELECT a.id,a.content,a.content_over,a.create,a.uid,a.reid,a.recount,b.username,b.face,b.domain FROM weibo_topic a,weibo_user b WHERE ( a.uid=b.id AND a.id=122 ) LIMIT 1   [ RunTime:0.0001s ]
SQL: SELECT `data` FROM `weibo_image` WHERE ( 1=1 AND tid='122' )  [ RunTime:0.0000s ]
INFO: [ view_parse ] --START--
INFO: [ template_filter ] --START--
INFO: Run Behavior\ContentReplaceBehavior [ RunTime:0.000152s ]
INFO: [ template_filter ] --END-- [ RunTime:0.000187s ]
NOTIC: [8] Undefined index: recount /data/wwwroot/default/weibo/weibo/Runtime/Cache/Home/297945e3053b9b0806e01a4c87378e3c.php 第 144 行.
NOTIC: [8] Undefined index: recount /data/wwwroot/default/weibo/weibo/Runtime/Cache/Home/297945e3053b9b0806e01a4c87378e3c.php 第 144 行.
NOTIC: [8] Undefined index: recount /data/wwwroot/default/weibo/weibo/Runtime/Cache/Home/297945e3053b9b0806e01a4c87378e3c.php 第 144 行.
NOTIC: [8] Undefined index: recount /data/wwwroot/default/weibo/weibo/Runtime/Cache/Home/297945e3053b9b0806e01a4c87378e3c.php 第 144 行.
NOTIC: [8] Undefined index: recount /data/wwwroot/default/weibo/weibo/Runtime/Cache/Home/297945e3053b9b0806e01a4c87378e3c.php 第 144 行.
NOTIC: [8] Undefined index: recount /data/wwwroot/default/weibo/weibo/Runtime/Cache/Home/297945e3053b9b0806e01a4c87378e3c.php 第 144 行.
INFO: Run Behavior\ParseTemplateBehavior [ RunTime:0.011604s ]
INFO: [ view_parse ] --END-- [ RunTime:0.011635s ]
INFO: [ view_filter ] --START--
INFO: Run Behavior\WriteHtmlCacheBehavior [ RunTime:0.000042s ]
INFO: [ view_filter ] --END-- [ RunTime:0.000064s ]
INFO: [ app_end ] --START--
INFO: Run Behavior\ShowPageTraceBehavior [ RunTime:0.000032s ]
INFO: [ app_end ] --END-- [ RunTime:0.000059s ]

[ 2017-06-11T16:30:55+08:00 ] 221.179.222.146 /weibo/Index/index.html
INFO: [ app_init ] --START--
INFO: Run Behavior\BuildLiteBehavior [ RunTime:0.000010s ]
INFO: [ app_init ] --END-- [ RunTime:0.000067s ]
INFO: [ app_begin ] --START--
INFO: Run Behavior\ReadHtmlCacheBehavior [ RunTime:0.000028s ]
INFO: [ app_begin ] --END-- [ RunTime:0.000054s ]
SQL: SHOW COLUMNS FROM `weibo_topic` [ RunTime:0.0005s ]
SQL: SHOW COLUMNS FROM `weibo_topic` [ RunTime:0.0003s ]
SQL: SELECT a.id,a.content,a.content_over,a.create,a.uid,a.reid,b.username,b.face,b.domain FROM weibo_topic a,weibo_user b WHERE ( a.uid=b.id ) ORDER BY a.create DESC LIMIT 0,10   [ RunTime:0.0001s ]
SQL: SHOW COLUMNS FROM `weibo_image` [ RunTime:0.0003s ]
SQL: SELECT `data` FROM `weibo_image` WHERE ( 1=1 AND tid='148' )  [ RunTime:0.0001s ]
SQL: SELECT `data` FROM `weibo_image` WHERE ( 1=1 AND tid='147' )  [ RunTime:0.0000s ]
SQL: SELECT `data` FROM `weibo_image` WHERE ( 1=1 AND tid='146' )  [ RunTime:0.0000s ]
SQL: SELECT `data` FROM `weibo_image` WHERE ( 1=1 AND tid='145' )  [ RunTime:0.0000s ]
SQL: SELECT `data` FROM `weibo_image` WHERE ( 1=1 AND tid='144' )  [ RunTime:0.0000s ]
SQL: SELECT `data` FROM `weibo_image` WHERE ( 1=1 AND tid='143' )  [ RunTime:0.0000s ]
SQL: SELECT `data` FROM `weibo_image` WHERE ( 1=1 AND tid='142' )  [ RunTime:0.0000s ]
SQL: SELECT `data` FROM `weibo_image` WHERE ( 1=1 AND tid='141' )  [ RunTime:0.0000s ]
SQL: SELECT `data` FROM `weibo_image` WHERE ( 1=1 AND tid='140' )  [ RunTime:0.0000s ]
SQL: SELECT `data` FROM `weibo_image` WHERE ( 1=1 AND tid='122' )  [ RunTime:0.0000s ]
SQL: SHOW COLUMNS FROM `weibo_topic` [ RunTime:0.0003s ]
SQL: SELECT a.id,a.content,a.content_over,a.create,a.uid,a.reid,a.recount,b.username,b.face,b.domain FROM weibo_topic a,weibo_user b WHERE ( a.uid=b.id AND a.id=147 ) LIMIT 1   [ RunTime:0.0001s ]
SQL: SELECT `data` FROM `weibo_image` WHERE ( 1=1 AND tid='147' )  [ RunTime:0.0000s ]
SQL: SHOW COLUMNS FROM `weibo_topic` [ RunTime:0.0003s ]
SQL: SELECT a.id,a.content,a.content_over,a.create,a.uid,a.reid,a.recount,b.username,b.face,b.domain FROM weibo_topic a,weibo_user b WHERE ( a.uid=b.id AND a.id=145 ) LIMIT 1   [ RunTime:0.0001s ]
SQL: SELECT `data` FROM `weibo_image` WHERE ( 1=1 AND tid='145' )  [ RunTime:0.0000s ]
SQL: SHOW COLUMNS FROM `weibo_topic` [ RunTime:0.0003s ]
SQL: SELECT a.id,a.content,a.content_over,a.create,a.uid,a.reid,a.recount,b.username,b.face,b.domain FROM weibo_topic a,weibo_user b WHERE ( a.uid=b.id AND a.id=140 ) LIMIT 1   [ RunTime:0.0001s ]
SQL: SELECT `data` FROM `weibo_image` WHERE ( 1=1 AND tid='140' )  [ RunTime:0.0000s ]
SQL: SHOW COLUMNS FROM `weibo_topic` [ RunTime:0.0003s ]
SQL: SELECT a.id,a.content,a.content_over,a.create,a.uid,a.reid,a.recount,b.username,b.face,b.domain FROM weibo_topic a,weibo_user b WHERE ( a.uid=b.id AND a.id=122 ) LIMIT 1   [ RunTime:0.0001s ]
SQL: SELECT `data` FROM `weibo_image` WHERE ( 1=1 AND tid='122' )  [ RunTime:0.0000s ]
INFO: [ view_parse ] --START--
INFO: [ template_filter ] --START--
INFO: Run Behavior\ContentReplaceBehavior [ RunTime:0.000146s ]
INFO: [ template_filter ] --END-- [ RunTime:0.000180s ]
NOTIC: [8] Undefined index: recount /data/wwwroot/default/weibo/weibo/Runtime/Cache/Home/297945e3053b9b0806e01a4c87378e3c.php 第 144 行.
NOTIC: [8] Undefined index: recount /data/wwwroot/default/weibo/weibo/Runtime/Cache/Home/297945e3053b9b0806e01a4c87378e3c.php 第 144 行.
NOTIC: [8] Undefined index: recount /data/wwwroot/default/weibo/weibo/Runtime/Cache/Home/297945e3053b9b0806e01a4c87378e3c.php 第 144 行.
NOTIC: [8] Undefined index: recount /data/wwwroot/default/weibo/weibo/Runtime/Cache/Home/297945e3053b9b0806e01a4c87378e3c.php 第 144 行.
NOTIC: [8] Undefined index: recount /data/wwwroot/default/weibo/weibo/Runtime/Cache/Home/297945e3053b9b0806e01a4c87378e3c.php 第 144 行.
NOTIC: [8] Undefined index: recount /data/wwwroot/default/weibo/weibo/Runtime/Cache/Home/297945e3053b9b0806e01a4c87378e3c.php 第 144 行.
INFO: Run Behavior\ParseTemplateBehavior [ RunTime:0.011460s ]
INFO: [ view_parse ] --END-- [ RunTime:0.011489s ]
INFO: [ view_filter ] --START--
INFO: Run Behavior\WriteHtmlCacheBehavior [ RunTime:0.000028s ]
INFO: [ view_filter ] --END-- [ RunTime:0.000049s ]
INFO: [ app_end ] --START--
INFO: Run Behavior\ShowPageTraceBehavior [ RunTime:0.000027s ]
INFO: [ app_end ] --END-- [ RunTime:0.000052s ]

[ 2017-06-11T16:30:56+08:00 ] 221.179.222.146 /weibo/Home/Topic/ajaxCount
INFO: [ app_init ] --START--
INFO: Run Behavior\BuildLiteBehavior [ RunTime:0.000010s ]
INFO: [ app_init ] --END-- [ RunTime:0.000067s ]
INFO: [ app_begin ] --START--
INFO: Run Behavior\ReadHtmlCacheBehavior [ RunTime:0.000025s ]
INFO: [ app_begin ] --END-- [ RunTime:0.000049s ]
SQL: SHOW COLUMNS FROM `weibo_topic` [ RunTime:0.0005s ]
SQL: SELECT COUNT(*) AS tp_count FROM `weibo_topic` WHERE ( 1=1 ) LIMIT 1   [ RunTime:0.0001s ]
INFO: [ app_end ] --START--
INFO: Run Behavior\ShowPageTraceBehavior [ RunTime:0.000031s ]
INFO: [ app_end ] --END-- [ RunTime:0.000055s ]

[ 2017-06-11T16:30:56+08:00 ] 221.179.222.146 /weibo/Home/Space/setUrl
INFO: [ app_init ] --START--
INFO: Run Behavior\BuildLiteBehavior [ RunTime:0.000024s ]
INFO: [ app_init ] --END-- [ RunTime:0.000099s ]
INFO: [ app_begin ] --START--
INFO: Run Behavior\ReadHtmlCacheBehavior [ RunTime:0.000041s ]
INFO: [ app_begin ] --END-- [ RunTime:0.000070s ]
SQL: SHOW COLUMNS FROM `weibo_user` [ RunTime:0.0004s ]
SQL: SELECT `id`,`domain` FROM `weibo_user` WHERE `username` = '鸣人' LIMIT 1   [ RunTime:0.0001s ]
INFO: [ app_end ] --START--
INFO: Run Behavior\ShowPageTraceBehavior [ RunTime:0.000043s ]
INFO: [ app_end ] --END-- [ RunTime:0.000071s ]

[ 2017-06-11T16:30:56+08:00 ] 221.179.222.146 /weibo/Home/Space/setUrl
INFO: [ app_init ] --START--
INFO: Run Behavior\BuildLiteBehavior [ RunTime:0.000010s ]
INFO: [ app_init ] --END-- [ RunTime:0.000067s ]
INFO: [ app_begin ] --START--
INFO: Run Behavior\ReadHtmlCacheBehavior [ RunTime:0.000028s ]
INFO: [ app_begin ] --END-- [ RunTime:0.000055s ]
SQL: SHOW COLUMNS FROM `weibo_user` [ RunTime:0.0005s ]
SQL: SELECT `id`,`domain` FROM `weibo_user` WHERE `username` = '小弟' LIMIT 1   [ RunTime:0.0001s ]

[ 2017-06-11T16:30:56+08:00 ] 221.179.222.146 /weibo/Home/Space/setUrl
INFO: [ app_init ] --START--
INFO: Run Behavior\BuildLiteBehavior [ RunTime:0.000008s ]
INFO: [ app_init ] --END-- [ RunTime:0.000052s ]
INFO: [ app_begin ] --START--
INFO: Run Behavior\ReadHtmlCacheBehavior [ RunTime:0.000024s ]
INFO: [ app_begin ] --END-- [ RunTime:0.000063s ]
SQL: SHOW COLUMNS FROM `weibo_user` [ RunTime:0.0004s ]
SQL: SELECT `id`,`domain` FROM `weibo_user` WHERE `username` = '小弟' LIMIT 1   [ RunTime:0.0001s ]

[ 2017-06-11T16:31:01+08:00 ] 221.179.222.146 /weibo/Home/Topic/ajaxList
INFO: [ app_init ] --START--
INFO: Run Behavior\BuildLiteBehavior [ RunTime:0.000009s ]
INFO: [ app_init ] --END-- [ RunTime:0.000076s ]
INFO: [ app_begin ] --START--
INFO: Run Behavior\ReadHtmlCacheBehavior [ RunTime:0.000026s ]
INFO: [ app_begin ] --END-- [ RunTime:0.000051s ]
SQL: SHOW COLUMNS FROM `weibo_topic` [ RunTime:0.0005s ]
SQL: SHOW COLUMNS FROM `weibo_topic` [ RunTime:0.0003s ]
SQL: SELECT a.id,a.content,a.content_over,a.create,a.uid,a.reid,b.username,b.face,b.domain FROM weibo_topic a,weibo_user b WHERE ( a.uid=b.id ) ORDER BY a.create DESC LIMIT 10,10   [ RunTime:0.0001s ]
SQL: SHOW COLUMNS FROM `weibo_image` [ RunTime:0.0003s ]
SQL: SELECT `data` FROM `weibo_image` WHERE ( 1=1 AND tid='121' )  [ RunTime:0.0000s ]
SQL: SELECT `data` FROM `weibo_image` WHERE ( 1=1 AND tid='120' )  [ RunTime:0.0001s ]
SQL: SELECT `data` FROM `weibo_image` WHERE ( 1=1 AND tid='119' )  [ RunTime:0.0000s ]
SQL: SELECT `data` FROM `weibo_image` WHERE ( 1=1 AND tid='118' )  [ RunTime:0.0000s ]
SQL: SELECT `data` FROM `weibo_image` WHERE ( 1=1 AND tid='117' )  [ RunTime:0.0000s ]
SQL: SELECT `data` FROM `weibo_image` WHERE ( 1=1 AND tid='116' )  [ RunTime:0.0000s ]
SQL: SELECT `data` FROM `weibo_image` WHERE ( 1=1 AND tid='115' )  [ RunTime:0.0000s ]
SQL: SELECT `data` FROM `weibo_image` WHERE ( 1=1 AND tid='114' )  [ RunTime:0.0000s ]
SQL: SELECT `data` FROM `weibo_image` WHERE ( 1=1 AND tid='113' )  [ RunTime:0.0000s ]
SQL: SELECT `data` FROM `weibo_image` WHERE ( 1=1 AND tid='112' )  [ RunTime:0.0000s ]
INFO: [ view_parse ] --START--
INFO: [ template_filter ] --START--
INFO: Run Behavior\ContentReplaceBehavior [ RunTime:0.000044s ]
INFO: [ template_filter ] --END-- [ RunTime:0.000072s ]
INFO: Run Behavior\ParseTemplateBehavior [ RunTime:0.002710s ]
INFO: [ view_parse ] --END-- [ RunTime:0.002741s ]
INFO: [ view_filter ] --START--
INFO: Run Behavior\WriteHtmlCacheBehavior [ RunTime:0.000027s ]
INFO: [ view_filter ] --END-- [ RunTime:0.000044s ]
INFO: [ app_end ] --START--
INFO: Run Behavior\ShowPageTraceBehavior [ RunTime:0.000021s ]
INFO: [ app_end ] --END-- [ RunTime:0.000039s ]

[ 2017-06-11T16:31:01+08:00 ] 221.179.222.146 /weibo/Home/Space/setUrl
INFO: [ app_init ] --START--
INFO: Run Behavior\BuildLiteBehavior [ RunTime:0.000011s ]
INFO: [ app_init ] --END-- [ RunTime:0.000069s ]
INFO: [ app_begin ] --START--
INFO: Run Behavior\ReadHtmlCacheBehavior [ RunTime:0.000027s ]
INFO: [ app_begin ] --END-- [ RunTime:0.000051s ]
SQL: SHOW COLUMNS FROM `weibo_user` [ RunTime:0.0005s ]
SQL: SELECT `id`,`domain` FROM `weibo_user` WHERE `username` = '梅西' LIMIT 1   [ RunTime:0.0001s ]
INFO: [ app_end ] --START--
INFO: Run Behavior\ShowPageTraceBehavior [ RunTime:0.000032s ]
INFO: [ app_end ] --END-- [ RunTime:0.000057s ]

[ 2017-06-11T16:31:01+08:00 ] 221.179.222.146 /weibo/Home/Space/setUrl
INFO: [ app_init ] --START--
INFO: Run Behavior\BuildLiteBehavior [ RunTime:0.000011s ]
INFO: [ app_init ] --END-- [ RunTime:0.000069s ]
INFO: [ app_begin ] --START--
INFO: Run Behavior\ReadHtmlCacheBehavior [ RunTime:0.000027s ]
INFO: [ app_begin ] --END-- [ RunTime:0.000053s ]
SQL: SHOW COLUMNS FROM `weibo_user` [ RunTime:0.0005s ]
SQL: SELECT `id`,`domain` FROM `weibo_user` WHERE `username` = '路飞' LIMIT 1   [ RunTime:0.0001s ]
INFO: [ app_end ] --START--
INFO: Run Behavior\ShowPageTraceBehavior [ RunTime:0.000033s ]
INFO: [ app_end ] --END-- [ RunTime:0.000058s ]

[ 2017-06-11T16:31:01+08:00 ] 221.179.222.146 /weibo/Home/Space/setUrl
INFO: [ app_init ] --START--
INFO: Run Behavior\BuildLiteBehavior [ RunTime:0.000009s ]
INFO: [ app_init ] --END-- [ RunTime:0.000062s ]
INFO: [ app_begin ] --START--
INFO: Run Behavior\ReadHtmlCacheBehavior [ RunTime:0.000027s ]
INFO: [ app_begin ] --END-- [ RunTime:0.000053s ]
SQL: SHOW COLUMNS FROM `weibo_user` [ RunTime:0.0005s ]
SQL: SELECT `id`,`domain` FROM `weibo_user` WHERE `username` = '鸣人' LIMIT 1   [ RunTime:0.0001s ]
INFO: [ app_end ] --START--
INFO: Run Behavior\ShowPageTraceBehavior [ RunTime:0.000034s ]
INFO: [ app_end ] --END-- [ RunTime:0.000058s ]

[ 2017-06-11T16:31:02+08:00 ] 221.179.222.146 /weibo/Home/Topic/ajaxList
INFO: [ app_init ] --START--
INFO: Run Behavior\BuildLiteBehavior [ RunTime:0.000010s ]
INFO: [ app_init ] --END-- [ RunTime:0.000067s ]
INFO: [ app_begin ] --START--
INFO: Run Behavior\ReadHtmlCacheBehavior [ RunTime:0.000027s ]
INFO: [ app_begin ] --END-- [ RunTime:0.000052s ]
SQL: SHOW COLUMNS FROM `weibo_topic` [ RunTime:0.0005s ]
SQL: SHOW COLUMNS FROM `weibo_topic` [ RunTime:0.0003s ]
SQL: SELECT a.id,a.content,a.content_over,a.create,a.uid,a.reid,b.username,b.face,b.domain FROM weibo_topic a,weibo_user b WHERE ( a.uid=b.id ) ORDER BY a.create DESC LIMIT 20,10   [ RunTime:0.0003s ]
SQL: SHOW COLUMNS FROM `weibo_image` [ RunTime:0.0003s ]
SQL: SELECT `data` FROM `weibo_image` WHERE ( 1=1 AND tid='111' )  [ RunTime:0.0001s ]
SQL: SELECT `data` FROM `weibo_image` WHERE ( 1=1 AND tid='110' )  [ RunTime:0.0000s ]
SQL: SELECT `data` FROM `weibo_image` WHERE ( 1=1 AND tid='109' )  [ RunTime:0.0000s ]
SQL: SELECT `data` FROM `weibo_image` WHERE ( 1=1 AND tid='108' )  [ RunTime:0.0000s ]
INFO: [ view_parse ] --START--
INFO: [ template_filter ] --START--
INFO: Run Behavior\ContentReplaceBehavior [ RunTime:0.000045s ]
INFO: [ template_filter ] --END-- [ RunTime:0.000077s ]
INFO: Run Behavior\ParseTemplateBehavior [ RunTime:0.002603s ]
INFO: [ view_parse ] --END-- [ RunTime:0.002634s ]
INFO: [ view_filter ] --START--
INFO: Run Behavior\WriteHtmlCacheBehavior [ RunTime:0.000029s ]
INFO: [ view_filter ] --END-- [ RunTime:0.000047s ]
INFO: [ app_end ] --START--
INFO: Run Behavior\ShowPageTraceBehavior [ RunTime:0.000022s ]
INFO: [ app_end ] --END-- [ RunTime:0.000039s ]

[ 2017-06-11T16:31:03+08:00 ] 221.179.222.146 /weibo/Home/Space/setUrl
INFO: [ app_init ] --START--
INFO: Run Behavior\BuildLiteBehavior [ RunTime:0.000010s ]
INFO: [ app_init ] --END-- [ RunTime:0.000064s ]
INFO: [ app_begin ] --START--
INFO: Run Behavior\ReadHtmlCacheBehavior [ RunTime:0.000028s ]
INFO: [ app_begin ] --END-- [ RunTime:0.000053s ]
SQL: SHOW COLUMNS FROM `weibo_user` [ RunTime:0.0005s ]
SQL: SELECT `id`,`domain` FROM `weibo_user` WHERE `username` = '鸣人' LIMIT 1   [ RunTime:0.0001s ]
INFO: [ app_end ] --START--
INFO: Run Behavior\ShowPageTraceBehavior [ RunTime:0.000032s ]
INFO: [ app_end ] --END-- [ RunTime:0.000055s ]

[ 2017-06-11T16:31:03+08:00 ] 221.179.222.146 /weibo/Home/Space/setUrl
INFO: [ app_init ] --START--
INFO: Run Behavior\BuildLiteBehavior [ RunTime:0.000008s ]
INFO: [ app_init ] --END-- [ RunTime:0.000050s ]
INFO: [ app_begin ] --START--
INFO: Run Behavior\ReadHtmlCacheBehavior [ RunTime:0.000025s ]
INFO: [ app_begin ] --END-- [ RunTime:0.000049s ]
SQL: SHOW COLUMNS FROM `weibo_user` [ RunTime:0.0004s ]
SQL: SELECT `id`,`domain` FROM `weibo_user` WHERE `username` = '梅西' LIMIT 1   [ RunTime:0.0001s ]
INFO: [ app_end ] --START--
INFO: Run Behavior\ShowPageTraceBehavior [ RunTime:0.000031s ]
INFO: [ app_end ] --END-- [ RunTime:0.000055s ]

[ 2017-06-11T16:31:05+08:00 ] 221.179.222.146 /weibo/Setting/index.html
INFO: [ app_init ] --START--
INFO: Run Behavior\BuildLiteBehavior [ RunTime:0.000010s ]
INFO: [ app_init ] --END-- [ RunTime:0.000068s ]
INFO: [ app_begin ] --START--
INFO: Run Behavior\ReadHtmlCacheBehavior [ RunTime:0.000029s ]
INFO: [ app_begin ] --END-- [ RunTime:0.000057s ]
SQL: SHOW COLUMNS FROM `weibo_user` [ RunTime:0.0005s ]
SQL: SELECT `id`,`username`,`email`,`face` FROM `weibo_user` WHERE `id` = 51  [ RunTime:0.0002s ]
SQL: SHOW COLUMNS FROM `weibo_user_extend` [ RunTime:0.0003s ]
SQL: SELECT `intro` FROM `weibo_user_extend` WHERE ( 1=1 AND uid='51' ) LIMIT 1   [ RunTime:0.0002s ]
INFO: [ view_parse ] --START--
INFO: [ template_filter ] --START--
INFO: Run Behavior\ContentReplaceBehavior [ RunTime:0.000052s ]
INFO: [ template_filter ] --END-- [ RunTime:0.000083s ]
INFO: Run Behavior\ParseTemplateBehavior [ RunTime:0.002641s ]
INFO: [ view_parse ] --END-- [ RunTime:0.002673s ]
INFO: [ view_filter ] --START--
INFO: Run Behavior\WriteHtmlCacheBehavior [ RunTime:0.000029s ]
INFO: [ view_filter ] --END-- [ RunTime:0.000048s ]
INFO: [ app_end ] --START--
INFO: Run Behavior\ShowPageTraceBehavior [ RunTime:0.000024s ]
INFO: [ app_end ] --END-- [ RunTime:0.000043s ]

[ 2017-06-11T16:31:07+08:00 ] 221.179.222.146 /weibo/Setting/avatar.html
INFO: [ app_init ] --START--
INFO: Run Behavior\BuildLiteBehavior [ RunTime:0.000015s ]
INFO: [ app_init ] --END-- [ RunTime:0.000105s ]
INFO: [ app_begin ] --START--
INFO: Run Behavior\ReadHtmlCacheBehavior [ RunTime:0.000045s ]
INFO: [ app_begin ] --END-- [ RunTime:0.000076s ]
SQL: SHOW COLUMNS FROM `weibo_user` [ RunTime:0.0006s ]
SQL: SELECT `face` FROM `weibo_user` WHERE `id` = 51 LIMIT 1   [ RunTime:0.0002s ]
INFO: [ view_parse ] --START--
INFO: [ template_filter ] --START--
INFO: Run Behavior\ContentReplaceBehavior [ RunTime:0.000064s ]
INFO: [ template_filter ] --END-- [ RunTime:0.000100s ]
INFO: Run Behavior\ParseTemplateBehavior [ RunTime:0.003827s ]
INFO: [ view_parse ] --END-- [ RunTime:0.003866s ]
INFO: [ view_filter ] --START--
INFO: Run Behavior\WriteHtmlCacheBehavior [ RunTime:0.000031s ]
INFO: [ view_filter ] --END-- [ RunTime:0.000051s ]
INFO: [ app_end ] --START--
INFO: Run Behavior\ShowPageTraceBehavior [ RunTime:0.000034s ]
INFO: [ app_end ] --END-- [ RunTime:0.000058s ]

[ 2017-06-11T16:31:08+08:00 ] 221.179.222.146 /weibo/Setting/
INFO: [ app_init ] --START--
INFO: Run Behavior\BuildLiteBehavior [ RunTime:0.000011s ]
INFO: [ app_init ] --END-- [ RunTime:0.000071s ]
INFO: [ app_begin ] --START--
INFO: Run Behavior\ReadHtmlCacheBehavior [ RunTime:0.000031s ]
INFO: [ app_begin ] --END-- [ RunTime:0.000059s ]
SQL: SHOW COLUMNS FROM `weibo_user` [ RunTime:0.0005s ]
SQL: SELECT `id`,`username`,`email`,`face` FROM `weibo_user` WHERE `id` = 51  [ RunTime:0.0001s ]
SQL: SHOW COLUMNS FROM `weibo_user_extend` [ RunTime:0.0003s ]
SQL: SELECT `intro` FROM `weibo_user_extend` WHERE ( 1=1 AND uid='51' ) LIMIT 1   [ RunTime:0.0001s ]
INFO: [ view_parse ] --START--
INFO: [ template_filter ] --START--
INFO: Run Behavior\ContentReplaceBehavior [ RunTime:0.000062s ]
INFO: [ template_filter ] --END-- [ RunTime:0.000098s ]
INFO: Run Behavior\ParseTemplateBehavior [ RunTime:0.003635s ]
INFO: [ view_parse ] --END-- [ RunTime:0.003674s ]
INFO: [ view_filter ] --START--
INFO: Run Behavior\WriteHtmlCacheBehavior [ RunTime:0.000049s ]
INFO: [ view_filter ] --END-- [ RunTime:0.000072s ]
INFO: [ app_end ] --START--
INFO: Run Behavior\ShowPageTraceBehavior [ RunTime:0.000028s ]
INFO: [ app_end ] --END-- [ RunTime:0.000051s ]

[ 2017-06-11T16:31:12+08:00 ] 221.179.222.146 /weibo/Setting/domain.html
INFO: [ app_init ] --START--
INFO: Run Behavior\BuildLiteBehavior [ RunTime:0.000010s ]
INFO: [ app_init ] --END-- [ RunTime:0.000067s ]
INFO: [ app_begin ] --START--
INFO: Run Behavior\ReadHtmlCacheBehavior [ RunTime:0.000030s ]
INFO: [ app_begin ] --END-- [ RunTime:0.000057s ]
SQL: SHOW COLUMNS FROM `weibo_user` [ RunTime:0.0005s ]
SQL: SELECT `domain` FROM `weibo_user` WHERE `id` = 51 LIMIT 1   [ RunTime:0.0002s ]
INFO: [ view_parse ] --START--
INFO: [ template_filter ] --START--
INFO: Run Behavior\ContentReplaceBehavior [ RunTime:0.000053s ]
INFO: [ template_filter ] --END-- [ RunTime:0.000088s ]
INFO: Run Behavior\ParseTemplateBehavior [ RunTime:0.002842s ]
INFO: [ view_parse ] --END-- [ RunTime:0.002875s ]
INFO: [ view_filter ] --START--
INFO: Run Behavior\WriteHtmlCacheBehavior [ RunTime:0.000027s ]
INFO: [ view_filter ] --END-- [ RunTime:0.000047s ]
INFO: [ app_end ] --START--
INFO: Run Behavior\ShowPageTraceBehavior [ RunTime:0.000021s ]
INFO: [ app_end ] --END-- [ RunTime:0.000041s ]

[ 2017-06-11T16:31:13+08:00 ] 221.179.222.146 /weibo/Setting/domain.html
INFO: [ app_init ] --START--
INFO: Run Behavior\BuildLiteBehavior [ RunTime:0.000009s ]
INFO: [ app_init ] --END-- [ RunTime:0.000061s ]
INFO: [ app_begin ] --START--
INFO: Run Behavior\ReadHtmlCacheBehavior [ RunTime:0.000027s ]
INFO: [ app_begin ] --END-- [ RunTime:0.000052s ]
SQL: SHOW COLUMNS FROM `weibo_user` [ RunTime:0.0005s ]
SQL: SELECT `domain` FROM `weibo_user` WHERE `id` = 51 LIMIT 1   [ RunTime:0.0000s ]
INFO: [ view_parse ] --START--
INFO: [ template_filter ] --START--
INFO: Run Behavior\ContentReplaceBehavior [ RunTime:0.000053s ]
INFO: [ template_filter ] --END-- [ RunTime:0.000083s ]
INFO: Run Behavior\ParseTemplateBehavior [ RunTime:0.002696s ]
INFO: [ view_parse ] --END-- [ RunTime:0.002727s ]
INFO: [ view_filter ] --START--
INFO: Run Behavior\WriteHtmlCacheBehavior [ RunTime:0.000027s ]
INFO: [ view_filter ] --END-- [ RunTime:0.000046s ]
INFO: [ app_end ] --START--
INFO: Run Behavior\ShowPageTraceBehavior [ RunTime:0.000023s ]
INFO: [ app_end ] --END-- [ RunTime:0.000041s ]

[ 2017-06-11T16:31:13+08:00 ] 221.179.222.146 /weibo/Setting/domain.html
INFO: [ app_init ] --START--
INFO: Run Behavior\BuildLiteBehavior [ RunTime:0.000011s ]
INFO: [ app_init ] --END-- [ RunTime:0.000090s ]
INFO: [ app_begin ] --START--
INFO: Run Behavior\ReadHtmlCacheBehavior [ RunTime:0.000042s ]
INFO: [ app_begin ] --END-- [ RunTime:0.000076s ]
SQL: SHOW COLUMNS FROM `weibo_user` [ RunTime:0.0004s ]
SQL: SELECT `domain` FROM `weibo_user` WHERE `id` = 51 LIMIT 1   [ RunTime:0.0000s ]
INFO: [ view_parse ] --START--
INFO: [ template_filter ] --START--
INFO: Run Behavior\ContentReplaceBehavior [ RunTime:0.000057s ]
INFO: [ template_filter ] --END-- [ RunTime:0.000093s ]
INFO: Run Behavior\ParseTemplateBehavior [ RunTime:0.003533s ]
INFO: [ view_parse ] --END-- [ RunTime:0.003568s ]
INFO: [ view_filter ] --START--
INFO: Run Behavior\WriteHtmlCacheBehavior [ RunTime:0.000029s ]
INFO: [ view_filter ] --END-- [ RunTime:0.000050s ]
INFO: [ app_end ] --START--
INFO: Run Behavior\ShowPageTraceBehavior [ RunTime:0.000030s ]
INFO: [ app_end ] --END-- [ RunTime:0.000052s ]

[ 2017-06-11T16:31:16+08:00 ] 221.179.222.146 /weibo/Setting/avatar.html
INFO: [ app_init ] --START--
INFO: Run Behavior\BuildLiteBehavior [ RunTime:0.000010s ]
INFO: [ app_init ] --END-- [ RunTime:0.000067s ]
INFO: [ app_begin ] --START--
INFO: Run Behavior\ReadHtmlCacheBehavior [ RunTime:0.000027s ]
INFO: [ app_begin ] --END-- [ RunTime:0.000052s ]
SQL: SHOW COLUMNS FROM `weibo_user` [ RunTime:0.0005s ]
SQL: SELECT `face` FROM `weibo_user` WHERE `id` = 51 LIMIT 1   [ RunTime:0.0001s ]
INFO: [ view_parse ] --START--
INFO: [ template_filter ] --START--
INFO: Run Behavior\ContentReplaceBehavior [ RunTime:0.000058s ]
INFO: [ template_filter ] --END-- [ RunTime:0.000089s ]
INFO: Run Behavior\ParseTemplateBehavior [ RunTime:0.002836s ]
INFO: [ view_parse ] --END-- [ RunTime:0.002870s ]
INFO: [ view_filter ] --START--
INFO: Run Behavior\WriteHtmlCacheBehavior [ RunTime:0.000027s ]
INFO: [ view_filter ] --END-- [ RunTime:0.000046s ]
INFO: [ app_end ] --START--
INFO: Run Behavior\ShowPageTraceBehavior [ RunTime:0.000023s ]
INFO: [ app_end ] --END-- [ RunTime:0.000043s ]

[ 2017-06-11T16:31:17+08:00 ] 221.179.222.146 /weibo/Setting/
INFO: [ app_init ] --START--
INFO: Run Behavior\BuildLiteBehavior [ RunTime:0.000009s ]
INFO: [ app_init ] --END-- [ RunTime:0.000065s ]
INFO: [ app_begin ] --START--
INFO: Run Behavior\ReadHtmlCacheBehavior [ RunTime:0.000027s ]
INFO: [ app_begin ] --END-- [ RunTime:0.000054s ]
SQL: SHOW COLUMNS FROM `weibo_user` [ RunTime:0.0005s ]
SQL: SELECT `id`,`username`,`email`,`face` FROM `weibo_user` WHERE `id` = 51  [ RunTime:0.0001s ]
SQL: SHOW COLUMNS FROM `weibo_user_extend` [ RunTime:0.0003s ]
SQL: SELECT `intro` FROM `weibo_user_extend` WHERE ( 1=1 AND uid='51' ) LIMIT 1   [ RunTime:0.0001s ]
INFO: [ view_parse ] --START--
INFO: [ template_filter ] --START--
INFO: Run Behavior\ContentReplaceBehavior [ RunTime:0.000052s ]
INFO: [ template_filter ] --END-- [ RunTime:0.000094s ]
INFO: Run Behavior\ParseTemplateBehavior [ RunTime:0.002671s ]
INFO: [ view_parse ] --END-- [ RunTime:0.002702s ]
INFO: [ view_filter ] --START--
INFO: Run Behavior\WriteHtmlCacheBehavior [ RunTime:0.000027s ]
INFO: [ view_filter ] --END-- [ RunTime:0.000047s ]
INFO: [ app_end ] --START--
INFO: Run Behavior\ShowPageTraceBehavior [ RunTime:0.000023s ]
INFO: [ app_end ] --END-- [ RunTime:0.000041s ]

[ 2017-06-11T16:31:17+08:00 ] 221.179.222.146 /weibo/Setting/index.html
INFO: [ app_init ] --START--
INFO: Run Behavior\BuildLiteBehavior [ RunTime:0.000010s ]
INFO: [ app_init ] --END-- [ RunTime:0.000066s ]
INFO: [ app_begin ] --START--
INFO: Run Behavior\ReadHtmlCacheBehavior [ RunTime:0.000029s ]
INFO: [ app_begin ] --END-- [ RunTime:0.000055s ]
SQL: SHOW COLUMNS FROM `weibo_user` [ RunTime:0.0005s ]
SQL: SELECT `id`,`username`,`email`,`face` FROM `weibo_user` WHERE `id` = 51  [ RunTime:0.0001s ]
SQL: SHOW COLUMNS FROM `weibo_user_extend` [ RunTime:0.0003s ]
SQL: SELECT `intro` FROM `weibo_user_extend` WHERE ( 1=1 AND uid='51' ) LIMIT 1   [ RunTime:0.0000s ]
INFO: [ view_parse ] --START--
INFO: [ template_filter ] --START--
INFO: Run Behavior\ContentReplaceBehavior [ RunTime:0.000053s ]
INFO: [ template_filter ] --END-- [ RunTime:0.000082s ]
INFO: Run Behavior\ParseTemplateBehavior [ RunTime:0.002640s ]
INFO: [ view_parse ] --END-- [ RunTime:0.002671s ]
INFO: [ view_filter ] --START--
INFO: Run Behavior\WriteHtmlCacheBehavior [ RunTime:0.000026s ]
INFO: [ view_filter ] --END-- [ RunTime:0.000046s ]
INFO: [ app_end ] --START--
INFO: Run Behavior\ShowPageTraceBehavior [ RunTime:0.000024s ]
INFO: [ app_end ] --END-- [ RunTime:0.000045s ]

[ 2017-06-11T16:31:34+08:00 ] 221.179.222.146 /weibo/User/logOut.html
INFO: [ app_init ] --START--
INFO: Run Behavior\BuildLiteBehavior [ RunTime:0.000010s ]
INFO: [ app_init ] --END-- [ RunTime:0.000074s ]
INFO: [ app_begin ] --START--
INFO: Run Behavior\ReadHtmlCacheBehavior [ RunTime:0.000031s ]
INFO: [ app_begin ] --END-- [ RunTime:0.000058s ]
INFO: [ view_parse ] --START--
INFO: [ template_filter ] --START--
INFO: Run Behavior\ContentReplaceBehavior [ RunTime:0.000049s ]
INFO: [ template_filter ] --END-- [ RunTime:0.000080s ]
INFO: Run Behavior\ParseTemplateBehavior [ RunTime:0.001393s ]
INFO: [ view_parse ] --END-- [ RunTime:0.001426s ]
INFO: [ view_filter ] --START--
INFO: Run Behavior\WriteHtmlCacheBehavior [ RunTime:0.000033s ]
INFO: [ view_filter ] --END-- [ RunTime:0.000052s ]
INFO: [ app_end ] --START--
INFO: Run Behavior\ShowPageTraceBehavior [ RunTime:0.000027s ]
INFO: [ app_end ] --END-- [ RunTime:0.000046s ]

[ 2017-06-11T16:31:35+08:00 ] 221.179.222.146 /weibo/Login/index.html
INFO: [ app_init ] --START--
INFO: Run Behavior\BuildLiteBehavior [ RunTime:0.000010s ]
INFO: [ app_init ] --END-- [ RunTime:0.000065s ]
INFO: [ app_begin ] --START--
INFO: Run Behavior\ReadHtmlCacheBehavior [ RunTime:0.000027s ]
INFO: [ app_begin ] --END-- [ RunTime:0.000054s ]
INFO: [ view_parse ] --START--
INFO: [ template_filter ] --START--
INFO: Run Behavior\ContentReplaceBehavior [ RunTime:0.000043s ]
INFO: [ template_filter ] --END-- [ RunTime:0.000073s ]
INFO: Run Behavior\ParseTemplateBehavior [ RunTime:0.001612s ]
INFO: [ view_parse ] --END-- [ RunTime:0.001651s ]
INFO: [ view_filter ] --START--
INFO: Run Behavior\WriteHtmlCacheBehavior [ RunTime:0.000027s ]
INFO: [ view_filter ] --END-- [ RunTime:0.000046s ]
INFO: [ app_end ] --START--
INFO: Run Behavior\ShowPageTraceBehavior [ RunTime:0.000022s ]
INFO: [ app_end ] --END-- [ RunTime:0.000041s ]

[ 2017-06-11T16:31:35+08:00 ] 221.179.222.146 /weibo/Login/verify.html
INFO: [ app_init ] --START--
INFO: Run Behavior\BuildLiteBehavior [ RunTime:0.000009s ]
INFO: [ app_init ] --END-- [ RunTime:0.000058s ]
INFO: [ app_begin ] --START--
INFO: Run Behavior\ReadHtmlCacheBehavior [ RunTime:0.000027s ]
INFO: [ app_begin ] --END-- [ RunTime:0.000062s ]
INFO: [ app_end ] --START--
INFO: Run Behavior\ShowPageTraceBehavior [ RunTime:0.000032s ]
INFO: [ app_end ] --END-- [ RunTime:0.000066s ]

