[ 2017-08-18T19:52:57+08:00 ] 114.240.255.42 /weibo/
INFO: [ app_init ] --START--
INFO: Run Behavior\BuildLiteBehavior [ RunTime:0.000011s ]
INFO: [ app_init ] --END-- [ RunTime:0.000375s ]
INFO: [ app_begin ] --START--
INFO: Run Behavior\ReadHtmlCacheBehavior [ RunTime:0.000507s ]
INFO: [ app_begin ] --END-- [ RunTime:0.000540s ]

[ 2017-08-18T19:52:57+08:00 ] 114.240.255.42 /weibo/Login/index.html
INFO: [ app_init ] --START--
INFO: Run Behavior\BuildLiteBehavior [ RunTime:0.000007s ]
INFO: [ app_init ] --END-- [ RunTime:0.000042s ]
INFO: [ app_begin ] --START--
INFO: Run Behavior\ReadHtmlCacheBehavior [ RunTime:0.000023s ]
INFO: [ app_begin ] --END-- [ RunTime:0.000047s ]
INFO: [ view_parse ] --START--
INFO: [ template_filter ] --START--
INFO: Run Behavior\ContentReplaceBehavior [ RunTime:0.000040s ]
INFO: [ template_filter ] --END-- [ RunTime:0.000070s ]
INFO: Run Behavior\ParseTemplateBehavior [ RunTime:0.005851s ]
INFO: [ view_parse ] --END-- [ RunTime:0.005879s ]
INFO: [ view_filter ] --START--
INFO: Run Behavior\WriteHtmlCacheBehavior [ RunTime:0.000162s ]
INFO: [ view_filter ] --END-- [ RunTime:0.000184s ]
INFO: [ app_end ] --START--
INFO: Run Behavior\ShowPageTraceBehavior [ RunTime:0.000556s ]
INFO: [ app_end ] --END-- [ RunTime:0.000584s ]

[ 2017-08-18T19:52:57+08:00 ] 114.240.255.42 /weibo/Login/verify.html
INFO: [ app_init ] --START--
INFO: Run Behavior\BuildLiteBehavior [ RunTime:0.000011s ]
INFO: [ app_init ] --END-- [ RunTime:0.000064s ]
INFO: [ app_begin ] --START--
INFO: Run Behavior\ReadHtmlCacheBehavior [ RunTime:0.000025s ]
INFO: [ app_begin ] --END-- [ RunTime:0.000048s ]
INFO: [ app_end ] --START--
INFO: Run Behavior\ShowPageTraceBehavior [ RunTime:0.000029s ]
INFO: [ app_end ] --END-- [ RunTime:0.000058s ]

[ 2017-08-18T19:53:09+08:00 ] 114.240.255.42 /weibo/Login/verify.html?random=0.13599871251649587
INFO: [ app_init ] --START--
INFO: Run Behavior\BuildLiteBehavior [ RunTime:0.000014s ]
INFO: [ app_init ] --END-- [ RunTime:0.000088s ]
INFO: [ app_begin ] --START--
INFO: Run Behavior\ReadHtmlCacheBehavior [ RunTime:0.000040s ]
INFO: [ app_begin ] --END-- [ RunTime:0.000068s ]
INFO: [ app_end ] --START--
INFO: Run Behavior\ShowPageTraceBehavior [ RunTime:0.000042s ]
INFO: [ app_end ] --END-- [ RunTime:0.000073s ]

[ 2017-08-18T19:53:13+08:00 ] 114.240.255.42 /weibo/Home/User/checkVerify
INFO: [ app_init ] --START--
INFO: Run Behavior\BuildLiteBehavior [ RunTime:0.000010s ]
INFO: [ app_init ] --END-- [ RunTime:0.000064s ]
INFO: [ app_begin ] --START--
INFO: Run Behavior\ReadHtmlCacheBehavior [ RunTime:0.000024s ]
INFO: [ app_begin ] --END-- [ RunTime:0.000045s ]
SQL: SHOW COLUMNS FROM `weibo_user` [ RunTime:0.0005s ]
NOTIC: [8] Undefined index: validate /data/wwwroot/default/weibo/ThinkPHP/Library/Think/Model.class.php 第 1185 行.
INFO: [ app_end ] --START--
INFO: Run Behavior\ShowPageTraceBehavior [ RunTime:0.000023s ]
INFO: [ app_end ] --END-- [ RunTime:0.000045s ]

[ 2017-08-18T19:53:15+08:00 ] 114.240.255.42 /weibo/Login/verify.html?random=0.7515863200868516
INFO: [ app_init ] --START--
INFO: Run Behavior\BuildLiteBehavior [ RunTime:0.000012s ]
INFO: [ app_init ] --END-- [ RunTime:0.000068s ]
INFO: [ app_begin ] --START--
INFO: Run Behavior\ReadHtmlCacheBehavior [ RunTime:0.000026s ]
INFO: [ app_begin ] --END-- [ RunTime:0.000051s ]
INFO: [ app_end ] --START--
INFO: Run Behavior\ShowPageTraceBehavior [ RunTime:0.000030s ]
INFO: [ app_end ] --END-- [ RunTime:0.000060s ]

[ 2017-08-18T19:53:17+08:00 ] 114.240.255.42 /weibo/Home/User/checkVerify
INFO: [ app_init ] --START--
INFO: Run Behavior\BuildLiteBehavior [ RunTime:0.000010s ]
INFO: [ app_init ] --END-- [ RunTime:0.000067s ]
INFO: [ app_begin ] --START--
INFO: Run Behavior\ReadHtmlCacheBehavior [ RunTime:0.000026s ]
INFO: [ app_begin ] --END-- [ RunTime:0.000052s ]
SQL: SHOW COLUMNS FROM `weibo_user` [ RunTime:0.0005s ]
NOTIC: [8] Undefined index: validate /data/wwwroot/default/weibo/ThinkPHP/Library/Think/Model.class.php 第 1185 行.
INFO: [ app_end ] --START--
INFO: Run Behavior\ShowPageTraceBehavior [ RunTime:0.000036s ]
INFO: [ app_end ] --END-- [ RunTime:0.000061s ]

[ 2017-08-18T19:53:17+08:00 ] 114.240.255.42 /weibo/Home/User/checkVerify
INFO: [ app_init ] --START--
INFO: Run Behavior\BuildLiteBehavior [ RunTime:0.000011s ]
INFO: [ app_init ] --END-- [ RunTime:0.000064s ]
INFO: [ app_begin ] --START--
INFO: Run Behavior\ReadHtmlCacheBehavior [ RunTime:0.000022s ]
INFO: [ app_begin ] --END-- [ RunTime:0.000044s ]
SQL: SHOW COLUMNS FROM `weibo_user` [ RunTime:0.0004s ]
NOTIC: [8] Undefined index: validate /data/wwwroot/default/weibo/ThinkPHP/Library/Think/Model.class.php 第 1185 行.
INFO: [ app_end ] --START--
INFO: Run Behavior\ShowPageTraceBehavior [ RunTime:0.000022s ]
INFO: [ app_end ] --END-- [ RunTime:0.000043s ]

[ 2017-08-18T19:53:17+08:00 ] 114.240.255.42 /weibo/Home/User/checkVerify
INFO: [ app_init ] --START--
INFO: Run Behavior\BuildLiteBehavior [ RunTime:0.000010s ]
INFO: [ app_init ] --END-- [ RunTime:0.000067s ]
INFO: [ app_begin ] --START--
INFO: Run Behavior\ReadHtmlCacheBehavior [ RunTime:0.000022s ]
INFO: [ app_begin ] --END-- [ RunTime:0.000044s ]
SQL: SHOW COLUMNS FROM `weibo_user` [ RunTime:0.0004s ]
NOTIC: [8] Undefined index: validate /data/wwwroot/default/weibo/ThinkPHP/Library/Think/Model.class.php 第 1185 行.
INFO: [ app_end ] --START--
INFO: Run Behavior\ShowPageTraceBehavior [ RunTime:0.000024s ]
INFO: [ app_end ] --END-- [ RunTime:0.000047s ]

[ 2017-08-18T19:53:18+08:00 ] 114.240.255.42 /weibo/Home/User/checkVerify
INFO: [ app_init ] --START--
INFO: Run Behavior\BuildLiteBehavior [ RunTime:0.000009s ]
INFO: [ app_init ] --END-- [ RunTime:0.000062s ]
INFO: [ app_begin ] --START--
INFO: Run Behavior\ReadHtmlCacheBehavior [ RunTime:0.000030s ]
INFO: [ app_begin ] --END-- [ RunTime:0.000054s ]
SQL: SHOW COLUMNS FROM `weibo_user` [ RunTime:0.0005s ]
NOTIC: [8] Undefined index: validate /data/wwwroot/default/weibo/ThinkPHP/Library/Think/Model.class.php 第 1185 行.
INFO: [ app_end ] --START--
INFO: Run Behavior\ShowPageTraceBehavior [ RunTime:0.000022s ]
INFO: [ app_end ] --END-- [ RunTime:0.000044s ]

[ 2017-08-18T19:53:18+08:00 ] 114.240.255.42 /weibo/Home/User/checkVerify
INFO: [ app_init ] --START--
INFO: Run Behavior\BuildLiteBehavior [ RunTime:0.000010s ]
INFO: [ app_init ] --END-- [ RunTime:0.000071s ]
INFO: [ app_begin ] --START--
INFO: Run Behavior\ReadHtmlCacheBehavior [ RunTime:0.000024s ]
INFO: [ app_begin ] --END-- [ RunTime:0.000046s ]
SQL: SHOW COLUMNS FROM `weibo_user` [ RunTime:0.0005s ]
NOTIC: [8] Undefined index: validate /data/wwwroot/default/weibo/ThinkPHP/Library/Think/Model.class.php 第 1185 行.
NOTIC: [8] Undefined index: auto /data/wwwroot/default/weibo/ThinkPHP/Library/Think/Model.class.php 第 1128 行.
NOTIC: [2] sha1() expects at least 1 parameter, 0 given /data/wwwroot/default/weibo/ThinkPHP/Library/Think/Model.class.php 第 1154 行.
INFO: [ app_end ] --START--
INFO: Run Behavior\ShowPageTraceBehavior [ RunTime:0.000050s ]
INFO: [ app_end ] --END-- [ RunTime:0.000072s ]

[ 2017-08-18T19:53:20+08:00 ] 114.240.255.42 /weibo/Home/User/login
INFO: [ app_init ] --START--
INFO: Run Behavior\BuildLiteBehavior [ RunTime:0.000011s ]
INFO: [ app_init ] --END-- [ RunTime:0.000069s ]
INFO: [ app_begin ] --START--
INFO: Run Behavior\ReadHtmlCacheBehavior [ RunTime:0.000025s ]
INFO: [ app_begin ] --END-- [ RunTime:0.000050s ]
SQL: SHOW COLUMNS FROM `weibo_user` [ RunTime:0.0005s ]
NOTIC: [8] Undefined index: validate /data/wwwroot/default/weibo/ThinkPHP/Library/Think/Model.class.php 第 1185 行.
SQL: SELECT `id`,`username`,`password`,`last_login`,`face` FROM `weibo_user` WHERE `username` = 'djl52102' LIMIT 1   [ RunTime:0.0002s ]
INFO: [ app_end ] --START--
INFO: Run Behavior\ShowPageTraceBehavior [ RunTime:0.000029s ]
INFO: [ app_end ] --END-- [ RunTime:0.000050s ]

[ 2017-08-18T19:53:30+08:00 ] 114.240.255.42 /weibo/Home/User/login
INFO: [ app_init ] --START--
INFO: Run Behavior\BuildLiteBehavior [ RunTime:0.000012s ]
INFO: [ app_init ] --END-- [ RunTime:0.000070s ]
INFO: [ app_begin ] --START--
INFO: Run Behavior\ReadHtmlCacheBehavior [ RunTime:0.000036s ]
INFO: [ app_begin ] --END-- [ RunTime:0.000060s ]
SQL: SHOW COLUMNS FROM `weibo_user` [ RunTime:0.0005s ]
NOTIC: [8] Undefined index: validate /data/wwwroot/default/weibo/ThinkPHP/Library/Think/Model.class.php 第 1185 行.
SQL: SELECT `id`,`username`,`password`,`last_login`,`face` FROM `weibo_user` WHERE `username` = 'djl52102' LIMIT 1   [ RunTime:0.0001s ]
INFO: [ app_end ] --START--
INFO: Run Behavior\ShowPageTraceBehavior [ RunTime:0.000043s ]
INFO: [ app_end ] --END-- [ RunTime:0.000065s ]

[ 2017-08-18T19:53:32+08:00 ] 114.240.255.42 /weibo/Login/verify.html?random=0.2829652493896213
INFO: [ app_init ] --START--
INFO: Run Behavior\BuildLiteBehavior [ RunTime:0.000012s ]
INFO: [ app_init ] --END-- [ RunTime:0.000069s ]
INFO: [ app_begin ] --START--
INFO: Run Behavior\ReadHtmlCacheBehavior [ RunTime:0.000029s ]
INFO: [ app_begin ] --END-- [ RunTime:0.000058s ]
INFO: [ app_end ] --START--
INFO: Run Behavior\ShowPageTraceBehavior [ RunTime:0.000042s ]
INFO: [ app_end ] --END-- [ RunTime:0.000077s ]

[ 2017-08-18T19:53:45+08:00 ] 114.240.255.42 /weibo/Home/User/checkVerify
INFO: [ app_init ] --START--
INFO: Run Behavior\BuildLiteBehavior [ RunTime:0.000012s ]
INFO: [ app_init ] --END-- [ RunTime:0.000077s ]
INFO: [ app_begin ] --START--
INFO: Run Behavior\ReadHtmlCacheBehavior [ RunTime:0.000036s ]
INFO: [ app_begin ] --END-- [ RunTime:0.000059s ]
SQL: SHOW COLUMNS FROM `weibo_user` [ RunTime:0.0004s ]
NOTIC: [8] Undefined index: validate /data/wwwroot/default/weibo/ThinkPHP/Library/Think/Model.class.php 第 1185 行.
INFO: [ app_end ] --START--
INFO: Run Behavior\ShowPageTraceBehavior [ RunTime:0.000041s ]
INFO: [ app_end ] --END-- [ RunTime:0.000064s ]

[ 2017-08-18T19:53:46+08:00 ] 114.240.255.42 /weibo/Home/User/checkVerify
INFO: [ app_init ] --START--
INFO: Run Behavior\BuildLiteBehavior [ RunTime:0.000009s ]
INFO: [ app_init ] --END-- [ RunTime:0.000071s ]
INFO: [ app_begin ] --START--
INFO: Run Behavior\ReadHtmlCacheBehavior [ RunTime:0.000024s ]
INFO: [ app_begin ] --END-- [ RunTime:0.000046s ]
SQL: SHOW COLUMNS FROM `weibo_user` [ RunTime:0.0004s ]
NOTIC: [8] Undefined index: validate /data/wwwroot/default/weibo/ThinkPHP/Library/Think/Model.class.php 第 1185 行.
INFO: [ app_end ] --START--
INFO: Run Behavior\ShowPageTraceBehavior [ RunTime:0.000022s ]
INFO: [ app_end ] --END-- [ RunTime:0.000043s ]

[ 2017-08-18T19:53:46+08:00 ] 114.240.255.42 /weibo/Home/User/checkVerify
INFO: [ app_init ] --START--
INFO: Run Behavior\BuildLiteBehavior [ RunTime:0.000010s ]
INFO: [ app_init ] --END-- [ RunTime:0.000063s ]
INFO: [ app_begin ] --START--
INFO: Run Behavior\ReadHtmlCacheBehavior [ RunTime:0.000024s ]
INFO: [ app_begin ] --END-- [ RunTime:0.000046s ]
SQL: SHOW COLUMNS FROM `weibo_user` [ RunTime:0.0005s ]
NOTIC: [8] Undefined index: validate /data/wwwroot/default/weibo/ThinkPHP/Library/Think/Model.class.php 第 1185 行.
INFO: [ app_end ] --START--
INFO: Run Behavior\ShowPageTraceBehavior [ RunTime:0.000023s ]
INFO: [ app_end ] --END-- [ RunTime:0.000045s ]

[ 2017-08-18T19:53:47+08:00 ] 114.240.255.42 /weibo/Home/User/checkVerify
INFO: [ app_init ] --START--
INFO: Run Behavior\BuildLiteBehavior [ RunTime:0.000012s ]
INFO: [ app_init ] --END-- [ RunTime:0.000066s ]
INFO: [ app_begin ] --START--
INFO: Run Behavior\ReadHtmlCacheBehavior [ RunTime:0.000025s ]
INFO: [ app_begin ] --END-- [ RunTime:0.000049s ]
SQL: SHOW COLUMNS FROM `weibo_user` [ RunTime:0.0005s ]
NOTIC: [8] Undefined index: validate /data/wwwroot/default/weibo/ThinkPHP/Library/Think/Model.class.php 第 1185 行.
INFO: [ app_end ] --START--
INFO: Run Behavior\ShowPageTraceBehavior [ RunTime:0.000025s ]
INFO: [ app_end ] --END-- [ RunTime:0.000047s ]

[ 2017-08-18T19:53:47+08:00 ] 114.240.255.42 /weibo/Home/User/checkVerify
INFO: [ app_init ] --START--
INFO: Run Behavior\BuildLiteBehavior [ RunTime:0.000010s ]
INFO: [ app_init ] --END-- [ RunTime:0.000064s ]
INFO: [ app_begin ] --START--
INFO: Run Behavior\ReadHtmlCacheBehavior [ RunTime:0.000036s ]
INFO: [ app_begin ] --END-- [ RunTime:0.000060s ]
SQL: SHOW COLUMNS FROM `weibo_user` [ RunTime:0.0005s ]
NOTIC: [8] Undefined index: validate /data/wwwroot/default/weibo/ThinkPHP/Library/Think/Model.class.php 第 1185 行.
NOTIC: [8] Undefined index: auto /data/wwwroot/default/weibo/ThinkPHP/Library/Think/Model.class.php 第 1128 行.
NOTIC: [2] sha1() expects at least 1 parameter, 0 given /data/wwwroot/default/weibo/ThinkPHP/Library/Think/Model.class.php 第 1154 行.
INFO: [ app_end ] --START--
INFO: Run Behavior\ShowPageTraceBehavior [ RunTime:0.000024s ]
INFO: [ app_end ] --END-- [ RunTime:0.000044s ]

[ 2017-08-18T19:53:49+08:00 ] 114.240.255.42 /weibo/Home/User/login
INFO: [ app_init ] --START--
INFO: Run Behavior\BuildLiteBehavior [ RunTime:0.000011s ]
INFO: [ app_init ] --END-- [ RunTime:0.000065s ]
INFO: [ app_begin ] --START--
INFO: Run Behavior\ReadHtmlCacheBehavior [ RunTime:0.000025s ]
INFO: [ app_begin ] --END-- [ RunTime:0.000046s ]
SQL: SHOW COLUMNS FROM `weibo_user` [ RunTime:0.0004s ]
NOTIC: [8] Undefined index: validate /data/wwwroot/default/weibo/ThinkPHP/Library/Think/Model.class.php 第 1185 行.
SQL: SELECT `id`,`username`,`password`,`last_login`,`face` FROM `weibo_user` WHERE `username` = '鸣人' LIMIT 1   [ RunTime:0.0002s ]
SQL: UPDATE `weibo_user` SET `last_login`='1503057229',`last_ip`='1928396586' WHERE `id` = '51' [ RunTime:0.0002s ]
INFO: [ app_end ] --START--
INFO: Run Behavior\ShowPageTraceBehavior [ RunTime:0.000028s ]
INFO: [ app_end ] --END-- [ RunTime:0.000050s ]

[ 2017-08-18T19:53:50+08:00 ] 114.240.255.42 /weibo/Index/index.html
INFO: [ app_init ] --START--
INFO: Run Behavior\BuildLiteBehavior [ RunTime:0.000011s ]
INFO: [ app_init ] --END-- [ RunTime:0.000063s ]
INFO: [ app_begin ] --START--
INFO: Run Behavior\ReadHtmlCacheBehavior [ RunTime:0.000027s ]
INFO: [ app_begin ] --END-- [ RunTime:0.000051s ]
SQL: SHOW COLUMNS FROM `weibo_topic` [ RunTime:0.0004s ]
SQL: SHOW COLUMNS FROM `weibo_topic` [ RunTime:0.0003s ]
SQL: SELECT a.id,a.content,a.content_over,a.create,a.uid,a.reid,b.username,b.face,b.domain FROM weibo_topic a,weibo_user b WHERE ( a.uid=b.id ) ORDER BY a.create DESC LIMIT 0,10   [ RunTime:0.0003s ]
SQL: SHOW COLUMNS FROM `weibo_image` [ RunTime:0.0002s ]
SQL: SELECT `data` FROM `weibo_image` WHERE ( 1=1 AND tid='148' )  [ RunTime:0.0000s ]
SQL: SELECT `data` FROM `weibo_image` WHERE ( 1=1 AND tid='147' )  [ RunTime:0.0000s ]
SQL: SELECT `data` FROM `weibo_image` WHERE ( 1=1 AND tid='146' )  [ RunTime:0.0000s ]
SQL: SELECT `data` FROM `weibo_image` WHERE ( 1=1 AND tid='145' )  [ RunTime:0.0000s ]
SQL: SELECT `data` FROM `weibo_image` WHERE ( 1=1 AND tid='144' )  [ RunTime:0.0000s ]
SQL: SELECT `data` FROM `weibo_image` WHERE ( 1=1 AND tid='143' )  [ RunTime:0.0000s ]
SQL: SELECT `data` FROM `weibo_image` WHERE ( 1=1 AND tid='142' )  [ RunTime:0.0000s ]
SQL: SELECT `data` FROM `weibo_image` WHERE ( 1=1 AND tid='141' )  [ RunTime:0.0000s ]
SQL: SELECT `data` FROM `weibo_image` WHERE ( 1=1 AND tid='140' )  [ RunTime:0.0000s ]
SQL: SELECT `data` FROM `weibo_image` WHERE ( 1=1 AND tid='122' )  [ RunTime:0.0000s ]
SQL: SHOW COLUMNS FROM `weibo_topic` [ RunTime:0.0003s ]
SQL: SELECT a.id,a.content,a.content_over,a.create,a.uid,a.reid,a.recount,b.username,b.face,b.domain FROM weibo_topic a,weibo_user b WHERE ( a.uid=b.id AND a.id=147 ) LIMIT 1   [ RunTime:0.0002s ]
SQL: SELECT `data` FROM `weibo_image` WHERE ( 1=1 AND tid='147' )  [ RunTime:0.0000s ]
SQL: SHOW COLUMNS FROM `weibo_topic` [ RunTime:0.0002s ]
SQL: SELECT a.id,a.content,a.content_over,a.create,a.uid,a.reid,a.recount,b.username,b.face,b.domain FROM weibo_topic a,weibo_user b WHERE ( a.uid=b.id AND a.id=145 ) LIMIT 1   [ RunTime:0.0001s ]
SQL: SELECT `data` FROM `weibo_image` WHERE ( 1=1 AND tid='145' )  [ RunTime:0.0000s ]
SQL: SHOW COLUMNS FROM `weibo_topic` [ RunTime:0.0002s ]
SQL: SELECT a.id,a.content,a.content_over,a.create,a.uid,a.reid,a.recount,b.username,b.face,b.domain FROM weibo_topic a,weibo_user b WHERE ( a.uid=b.id AND a.id=140 ) LIMIT 1   [ RunTime:0.0001s ]
SQL: SELECT `data` FROM `weibo_image` WHERE ( 1=1 AND tid='140' )  [ RunTime:0.0000s ]
SQL: SHOW COLUMNS FROM `weibo_topic` [ RunTime:0.0003s ]
SQL: SELECT a.id,a.content,a.content_over,a.create,a.uid,a.reid,a.recount,b.username,b.face,b.domain FROM weibo_topic a,weibo_user b WHERE ( a.uid=b.id AND a.id=122 ) LIMIT 1   [ RunTime:0.0001s ]
SQL: SELECT `data` FROM `weibo_image` WHERE ( 1=1 AND tid='122' )  [ RunTime:0.0000s ]
INFO: [ view_parse ] --START--
INFO: [ template_filter ] --START--
INFO: Run Behavior\ContentReplaceBehavior [ RunTime:0.000132s ]
INFO: [ template_filter ] --END-- [ RunTime:0.000161s ]
NOTIC: [8] Undefined index: recount /data/wwwroot/default/weibo/weibo/Runtime/Cache/Home/297945e3053b9b0806e01a4c87378e3c.php 第 144 行.
NOTIC: [8] Undefined index: recount /data/wwwroot/default/weibo/weibo/Runtime/Cache/Home/297945e3053b9b0806e01a4c87378e3c.php 第 144 行.
NOTIC: [8] Undefined index: recount /data/wwwroot/default/weibo/weibo/Runtime/Cache/Home/297945e3053b9b0806e01a4c87378e3c.php 第 144 行.
NOTIC: [8] Undefined index: recount /data/wwwroot/default/weibo/weibo/Runtime/Cache/Home/297945e3053b9b0806e01a4c87378e3c.php 第 144 行.
NOTIC: [8] Undefined index: recount /data/wwwroot/default/weibo/weibo/Runtime/Cache/Home/297945e3053b9b0806e01a4c87378e3c.php 第 144 行.
NOTIC: [8] Undefined index: recount /data/wwwroot/default/weibo/weibo/Runtime/Cache/Home/297945e3053b9b0806e01a4c87378e3c.php 第 144 行.
INFO: Run Behavior\ParseTemplateBehavior [ RunTime:0.009462s ]
INFO: [ view_parse ] --END-- [ RunTime:0.009491s ]
INFO: [ view_filter ] --START--
INFO: Run Behavior\WriteHtmlCacheBehavior [ RunTime:0.000026s ]
INFO: [ view_filter ] --END-- [ RunTime:0.000042s ]
INFO: [ app_end ] --START--
INFO: Run Behavior\ShowPageTraceBehavior [ RunTime:0.000026s ]
INFO: [ app_end ] --END-- [ RunTime:0.000059s ]

[ 2017-08-18T19:53:50+08:00 ] 114.240.255.42 /weibo/Index/index.html
INFO: [ app_init ] --START--
INFO: Run Behavior\BuildLiteBehavior [ RunTime:0.000012s ]
INFO: [ app_init ] --END-- [ RunTime:0.000071s ]
INFO: [ app_begin ] --START--
INFO: Run Behavior\ReadHtmlCacheBehavior [ RunTime:0.000038s ]
INFO: [ app_begin ] --END-- [ RunTime:0.000063s ]
SQL: SHOW COLUMNS FROM `weibo_topic` [ RunTime:0.0004s ]
SQL: SHOW COLUMNS FROM `weibo_topic` [ RunTime:0.0003s ]
SQL: SELECT a.id,a.content,a.content_over,a.create,a.uid,a.reid,b.username,b.face,b.domain FROM weibo_topic a,weibo_user b WHERE ( a.uid=b.id ) ORDER BY a.create DESC LIMIT 0,10   [ RunTime:0.0001s ]
SQL: SHOW COLUMNS FROM `weibo_image` [ RunTime:0.0002s ]
SQL: SELECT `data` FROM `weibo_image` WHERE ( 1=1 AND tid='148' )  [ RunTime:0.0000s ]
SQL: SELECT `data` FROM `weibo_image` WHERE ( 1=1 AND tid='147' )  [ RunTime:0.0000s ]
SQL: SELECT `data` FROM `weibo_image` WHERE ( 1=1 AND tid='146' )  [ RunTime:0.0000s ]
SQL: SELECT `data` FROM `weibo_image` WHERE ( 1=1 AND tid='145' )  [ RunTime:0.0000s ]
SQL: SELECT `data` FROM `weibo_image` WHERE ( 1=1 AND tid='144' )  [ RunTime:0.0000s ]
SQL: SELECT `data` FROM `weibo_image` WHERE ( 1=1 AND tid='143' )  [ RunTime:0.0000s ]
SQL: SELECT `data` FROM `weibo_image` WHERE ( 1=1 AND tid='142' )  [ RunTime:0.0000s ]
SQL: SELECT `data` FROM `weibo_image` WHERE ( 1=1 AND tid='141' )  [ RunTime:0.0000s ]
SQL: SELECT `data` FROM `weibo_image` WHERE ( 1=1 AND tid='140' )  [ RunTime:0.0000s ]
SQL: SELECT `data` FROM `weibo_image` WHERE ( 1=1 AND tid='122' )  [ RunTime:0.0000s ]
SQL: SHOW COLUMNS FROM `weibo_topic` [ RunTime:0.0003s ]
SQL: SELECT a.id,a.content,a.content_over,a.create,a.uid,a.reid,a.recount,b.username,b.face,b.domain FROM weibo_topic a,weibo_user b WHERE ( a.uid=b.id AND a.id=147 ) LIMIT 1   [ RunTime:0.0000s ]
SQL: SELECT `data` FROM `weibo_image` WHERE ( 1=1 AND tid='147' )  [ RunTime:0.0000s ]
SQL: SHOW COLUMNS FROM `weibo_topic` [ RunTime:0.0003s ]
SQL: SELECT a.id,a.content,a.content_over,a.create,a.uid,a.reid,a.recount,b.username,b.face,b.domain FROM weibo_topic a,weibo_user b WHERE ( a.uid=b.id AND a.id=145 ) LIMIT 1   [ RunTime:0.0001s ]
SQL: SELECT `data` FROM `weibo_image` WHERE ( 1=1 AND tid='145' )  [ RunTime:0.0000s ]
SQL: SHOW COLUMNS FROM `weibo_topic` [ RunTime:0.0002s ]
SQL: SELECT a.id,a.content,a.content_over,a.create,a.uid,a.reid,a.recount,b.username,b.face,b.domain FROM weibo_topic a,weibo_user b WHERE ( a.uid=b.id AND a.id=140 ) LIMIT 1   [ RunTime:0.0000s ]
SQL: SELECT `data` FROM `weibo_image` WHERE ( 1=1 AND tid='140' )  [ RunTime:0.0000s ]
SQL: SHOW COLUMNS FROM `weibo_topic` [ RunTime:0.0003s ]
SQL: SELECT a.id,a.content,a.content_over,a.create,a.uid,a.reid,a.recount,b.username,b.face,b.domain FROM weibo_topic a,weibo_user b WHERE ( a.uid=b.id AND a.id=122 ) LIMIT 1   [ RunTime:0.0000s ]
SQL: SELECT `data` FROM `weibo_image` WHERE ( 1=1 AND tid='122' )  [ RunTime:0.0000s ]
INFO: [ view_parse ] --START--
INFO: [ template_filter ] --START--
INFO: Run Behavior\ContentReplaceBehavior [ RunTime:0.000141s ]
INFO: [ template_filter ] --END-- [ RunTime:0.000170s ]
NOTIC: [8] Undefined index: recount /data/wwwroot/default/weibo/weibo/Runtime/Cache/Home/297945e3053b9b0806e01a4c87378e3c.php 第 144 行.
NOTIC: [8] Undefined index: recount /data/wwwroot/default/weibo/weibo/Runtime/Cache/Home/297945e3053b9b0806e01a4c87378e3c.php 第 144 行.
NOTIC: [8] Undefined index: recount /data/wwwroot/default/weibo/weibo/Runtime/Cache/Home/297945e3053b9b0806e01a4c87378e3c.php 第 144 行.
NOTIC: [8] Undefined index: recount /data/wwwroot/default/weibo/weibo/Runtime/Cache/Home/297945e3053b9b0806e01a4c87378e3c.php 第 144 行.
NOTIC: [8] Undefined index: recount /data/wwwroot/default/weibo/weibo/Runtime/Cache/Home/297945e3053b9b0806e01a4c87378e3c.php 第 144 行.
NOTIC: [8] Undefined index: recount /data/wwwroot/default/weibo/weibo/Runtime/Cache/Home/297945e3053b9b0806e01a4c87378e3c.php 第 144 行.
INFO: Run Behavior\ParseTemplateBehavior [ RunTime:0.009831s ]
INFO: [ view_parse ] --END-- [ RunTime:0.009858s ]
INFO: [ view_filter ] --START--
INFO: Run Behavior\WriteHtmlCacheBehavior [ RunTime:0.000027s ]
INFO: [ view_filter ] --END-- [ RunTime:0.000045s ]
INFO: [ app_end ] --START--
INFO: Run Behavior\ShowPageTraceBehavior [ RunTime:0.000043s ]
INFO: [ app_end ] --END-- [ RunTime:0.000067s ]

[ 2017-08-18T19:53:50+08:00 ] 114.240.255.42 /weibo/Home/Topic/ajaxCount
INFO: [ app_init ] --START--
INFO: Run Behavior\BuildLiteBehavior [ RunTime:0.000012s ]
INFO: [ app_init ] --END-- [ RunTime:0.000069s ]
INFO: [ app_begin ] --START--
INFO: Run Behavior\ReadHtmlCacheBehavior [ RunTime:0.000028s ]
INFO: [ app_begin ] --END-- [ RunTime:0.000054s ]
SQL: SHOW COLUMNS FROM `weibo_topic` [ RunTime:0.0005s ]
SQL: SELECT COUNT(*) AS tp_count FROM `weibo_topic` WHERE ( 1=1 ) LIMIT 1   [ RunTime:0.0001s ]
INFO: [ app_end ] --START--
INFO: Run Behavior\ShowPageTraceBehavior [ RunTime:0.000031s ]
INFO: [ app_end ] --END-- [ RunTime:0.000054s ]

[ 2017-08-18T19:53:50+08:00 ] 114.240.255.42 /weibo/Home/Space/setUrl
INFO: [ app_init ] --START--
INFO: Run Behavior\BuildLiteBehavior [ RunTime:0.000008s ]
INFO: [ app_init ] --END-- [ RunTime:0.000051s ]
INFO: [ app_begin ] --START--
INFO: Run Behavior\ReadHtmlCacheBehavior [ RunTime:0.000023s ]
INFO: [ app_begin ] --END-- [ RunTime:0.000049s ]
SQL: SHOW COLUMNS FROM `weibo_user` [ RunTime:0.0004s ]
SQL: SELECT `id`,`domain` FROM `weibo_user` WHERE `username` = '鸣人' LIMIT 1   [ RunTime:0.0002s ]
INFO: [ app_end ] --START--
INFO: Run Behavior\ShowPageTraceBehavior [ RunTime:0.000032s ]
INFO: [ app_end ] --END-- [ RunTime:0.000056s ]

[ 2017-08-18T19:53:51+08:00 ] 114.240.255.42 /weibo/Home/Space/setUrl
INFO: [ app_init ] --START--
INFO: Run Behavior\BuildLiteBehavior [ RunTime:0.000008s ]
INFO: [ app_init ] --END-- [ RunTime:0.000050s ]
INFO: [ app_begin ] --START--
INFO: Run Behavior\ReadHtmlCacheBehavior [ RunTime:0.000021s ]
INFO: [ app_begin ] --END-- [ RunTime:0.000042s ]
SQL: SHOW COLUMNS FROM `weibo_user` [ RunTime:0.0003s ]
SQL: SELECT `id`,`domain` FROM `weibo_user` WHERE `username` = '小弟' LIMIT 1   [ RunTime:0.0001s ]

[ 2017-08-18T19:53:51+08:00 ] 114.240.255.42 /weibo/Home/Space/setUrl
INFO: [ app_init ] --START--
INFO: Run Behavior\BuildLiteBehavior [ RunTime:0.000007s ]
INFO: [ app_init ] --END-- [ RunTime:0.000057s ]
INFO: [ app_begin ] --START--
INFO: Run Behavior\ReadHtmlCacheBehavior [ RunTime:0.000020s ]
INFO: [ app_begin ] --END-- [ RunTime:0.000042s ]
SQL: SHOW COLUMNS FROM `weibo_user` [ RunTime:0.0003s ]
SQL: SELECT `id`,`domain` FROM `weibo_user` WHERE `username` = '小弟' LIMIT 1   [ RunTime:0.0000s ]

[ 2017-08-18T19:53:54+08:00 ] 114.240.255.42 /weibo/Home/Topic/ajaxList
INFO: [ app_init ] --START--
INFO: Run Behavior\BuildLiteBehavior [ RunTime:0.000010s ]
INFO: [ app_init ] --END-- [ RunTime:0.000069s ]
INFO: [ app_begin ] --START--
INFO: Run Behavior\ReadHtmlCacheBehavior [ RunTime:0.000027s ]
INFO: [ app_begin ] --END-- [ RunTime:0.000053s ]
SQL: SHOW COLUMNS FROM `weibo_topic` [ RunTime:0.0005s ]
SQL: SHOW COLUMNS FROM `weibo_topic` [ RunTime:0.0003s ]
SQL: SELECT a.id,a.content,a.content_over,a.create,a.uid,a.reid,b.username,b.face,b.domain FROM weibo_topic a,weibo_user b WHERE ( a.uid=b.id ) ORDER BY a.create DESC LIMIT 10,10   [ RunTime:0.0003s ]
SQL: SHOW COLUMNS FROM `weibo_image` [ RunTime:0.0003s ]
SQL: SELECT `data` FROM `weibo_image` WHERE ( 1=1 AND tid='121' )  [ RunTime:0.0001s ]
SQL: SELECT `data` FROM `weibo_image` WHERE ( 1=1 AND tid='120' )  [ RunTime:0.0000s ]
SQL: SELECT `data` FROM `weibo_image` WHERE ( 1=1 AND tid='119' )  [ RunTime:0.0000s ]
SQL: SELECT `data` FROM `weibo_image` WHERE ( 1=1 AND tid='118' )  [ RunTime:0.0000s ]
SQL: SELECT `data` FROM `weibo_image` WHERE ( 1=1 AND tid='117' )  [ RunTime:0.0000s ]
SQL: SELECT `data` FROM `weibo_image` WHERE ( 1=1 AND tid='116' )  [ RunTime:0.0000s ]
SQL: SELECT `data` FROM `weibo_image` WHERE ( 1=1 AND tid='115' )  [ RunTime:0.0000s ]
SQL: SELECT `data` FROM `weibo_image` WHERE ( 1=1 AND tid='114' )  [ RunTime:0.0000s ]
SQL: SELECT `data` FROM `weibo_image` WHERE ( 1=1 AND tid='113' )  [ RunTime:0.0000s ]
SQL: SELECT `data` FROM `weibo_image` WHERE ( 1=1 AND tid='112' )  [ RunTime:0.0000s ]
INFO: [ view_parse ] --START--
INFO: [ template_filter ] --START--
INFO: Run Behavior\ContentReplaceBehavior [ RunTime:0.000043s ]
INFO: [ template_filter ] --END-- [ RunTime:0.000072s ]
INFO: Run Behavior\ParseTemplateBehavior [ RunTime:0.002686s ]
INFO: [ view_parse ] --END-- [ RunTime:0.002717s ]
INFO: [ view_filter ] --START--
INFO: Run Behavior\WriteHtmlCacheBehavior [ RunTime:0.000028s ]
INFO: [ view_filter ] --END-- [ RunTime:0.000046s ]
INFO: [ app_end ] --START--
INFO: Run Behavior\ShowPageTraceBehavior [ RunTime:0.000022s ]
INFO: [ app_end ] --END-- [ RunTime:0.000040s ]

[ 2017-08-18T19:53:54+08:00 ] 114.240.255.42 /weibo/Home/Space/setUrl
INFO: [ app_init ] --START--
INFO: Run Behavior\BuildLiteBehavior [ RunTime:0.000007s ]
INFO: [ app_init ] --END-- [ RunTime:0.000050s ]
INFO: [ app_begin ] --START--
INFO: Run Behavior\ReadHtmlCacheBehavior [ RunTime:0.000023s ]
INFO: [ app_begin ] --END-- [ RunTime:0.000047s ]
SQL: SHOW COLUMNS FROM `weibo_user` [ RunTime:0.0003s ]
SQL: SELECT `id`,`domain` FROM `weibo_user` WHERE `username` = '梅西' LIMIT 1   [ RunTime:0.0001s ]
INFO: [ app_end ] --START--
INFO: Run Behavior\ShowPageTraceBehavior [ RunTime:0.000030s ]
INFO: [ app_end ] --END-- [ RunTime:0.000055s ]

[ 2017-08-18T19:53:54+08:00 ] 114.240.255.42 /weibo/Home/Space/setUrl
INFO: [ app_init ] --START--
INFO: Run Behavior\BuildLiteBehavior [ RunTime:0.000006s ]
INFO: [ app_init ] --END-- [ RunTime:0.000042s ]
INFO: [ app_begin ] --START--
INFO: Run Behavior\ReadHtmlCacheBehavior [ RunTime:0.000020s ]
INFO: [ app_begin ] --END-- [ RunTime:0.000042s ]
SQL: SHOW COLUMNS FROM `weibo_user` [ RunTime:0.0003s ]
SQL: SELECT `id`,`domain` FROM `weibo_user` WHERE `username` = '路飞' LIMIT 1   [ RunTime:0.0001s ]
INFO: [ app_end ] --START--
INFO: Run Behavior\ShowPageTraceBehavior [ RunTime:0.000026s ]
INFO: [ app_end ] --END-- [ RunTime:0.000048s ]

[ 2017-08-18T19:53:54+08:00 ] 114.240.255.42 /weibo/Home/Space/setUrl
INFO: [ app_init ] --START--
INFO: Run Behavior\BuildLiteBehavior [ RunTime:0.000006s ]
INFO: [ app_init ] --END-- [ RunTime:0.000042s ]
INFO: [ app_begin ] --START--
INFO: Run Behavior\ReadHtmlCacheBehavior [ RunTime:0.000020s ]
INFO: [ app_begin ] --END-- [ RunTime:0.000042s ]
SQL: SHOW COLUMNS FROM `weibo_user` [ RunTime:0.0003s ]
SQL: SELECT `id`,`domain` FROM `weibo_user` WHERE `username` = '鸣人' LIMIT 1   [ RunTime:0.0000s ]
INFO: [ app_end ] --START--
INFO: Run Behavior\ShowPageTraceBehavior [ RunTime:0.000026s ]
INFO: [ app_end ] --END-- [ RunTime:0.000047s ]

