[ 2017-08-29T13:30:40+08:00 ] 123.119.230.109 /weibo/
INFO: [ app_init ] --START--
INFO: Run Behavior\BuildLiteBehavior [ RunTime:0.000013s ]
INFO: [ app_init ] --END-- [ RunTime:0.000398s ]
INFO: [ app_begin ] --START--
INFO: Run Behavior\ReadHtmlCacheBehavior [ RunTime:0.000513s ]
INFO: [ app_begin ] --END-- [ RunTime:0.000548s ]

[ 2017-08-29T13:30:40+08:00 ] 123.119.230.109 /weibo/Login/index.html
INFO: [ app_init ] --START--
INFO: Run Behavior\BuildLiteBehavior [ RunTime:0.000007s ]
INFO: [ app_init ] --END-- [ RunTime:0.000052s ]
INFO: [ app_begin ] --START--
INFO: Run Behavior\ReadHtmlCacheBehavior [ RunTime:0.000025s ]
INFO: [ app_begin ] --END-- [ RunTime:0.000061s ]
INFO: [ view_parse ] --START--
INFO: [ template_filter ] --START--
INFO: Run Behavior\ContentReplaceBehavior [ RunTime:0.000046s ]
INFO: [ template_filter ] --END-- [ RunTime:0.000078s ]
INFO: Run Behavior\ParseTemplateBehavior [ RunTime:0.006045s ]
INFO: [ view_parse ] --END-- [ RunTime:0.006076s ]
INFO: [ view_filter ] --START--
INFO: Run Behavior\WriteHtmlCacheBehavior [ RunTime:0.000178s ]
INFO: [ view_filter ] --END-- [ RunTime:0.000203s ]
INFO: [ app_end ] --START--
INFO: Run Behavior\ShowPageTraceBehavior [ RunTime:0.000557s ]
INFO: [ app_end ] --END-- [ RunTime:0.000586s ]

[ 2017-08-29T13:30:40+08:00 ] 123.119.230.109 /weibo/Login/verify.html
INFO: [ app_init ] --START--
INFO: Run Behavior\BuildLiteBehavior [ RunTime:0.000010s ]
INFO: [ app_init ] --END-- [ RunTime:0.000072s ]
INFO: [ app_begin ] --START--
INFO: Run Behavior\ReadHtmlCacheBehavior [ RunTime:0.000026s ]
INFO: [ app_begin ] --END-- [ RunTime:0.000051s ]
INFO: [ app_end ] --START--
INFO: Run Behavior\ShowPageTraceBehavior [ RunTime:0.000031s ]
INFO: [ app_end ] --END-- [ RunTime:0.000062s ]

[ 2017-08-29T13:30:55+08:00 ] 123.119.230.109 /weibo/Home/User/checkVerify
INFO: [ app_init ] --START--
INFO: Run Behavior\BuildLiteBehavior [ RunTime:0.000014s ]
INFO: [ app_init ] --END-- [ RunTime:0.000108s ]
INFO: [ app_begin ] --START--
INFO: Run Behavior\ReadHtmlCacheBehavior [ RunTime:0.000042s ]
INFO: [ app_begin ] --END-- [ RunTime:0.000073s ]
SQL: SHOW COLUMNS FROM `weibo_user` [ RunTime:0.0005s ]
NOTIC: [8] Undefined index: validate /data/wwwroot/default/weibo/ThinkPHP/Library/Think/Model.class.php 第 1185 行.
INFO: [ app_end ] --START--
INFO: Run Behavior\ShowPageTraceBehavior [ RunTime:0.000032s ]
INFO: [ app_end ] --END-- [ RunTime:0.000057s ]

[ 2017-08-29T13:30:57+08:00 ] 123.119.230.109 /weibo/Login/verify.html?random=0.1067354025035534
INFO: [ app_init ] --START--
INFO: Run Behavior\BuildLiteBehavior [ RunTime:0.000010s ]
INFO: [ app_init ] --END-- [ RunTime:0.000062s ]
INFO: [ app_begin ] --START--
INFO: Run Behavior\ReadHtmlCacheBehavior [ RunTime:0.000026s ]
INFO: [ app_begin ] --END-- [ RunTime:0.000059s ]
INFO: [ app_end ] --START--
INFO: Run Behavior\ShowPageTraceBehavior [ RunTime:0.000029s ]
INFO: [ app_end ] --END-- [ RunTime:0.000059s ]

[ 2017-08-29T13:30:59+08:00 ] 123.119.230.109 /weibo/Home/User/checkVerify
INFO: [ app_init ] --START--
INFO: Run Behavior\BuildLiteBehavior [ RunTime:0.000010s ]
INFO: [ app_init ] --END-- [ RunTime:0.000063s ]
INFO: [ app_begin ] --START--
INFO: Run Behavior\ReadHtmlCacheBehavior [ RunTime:0.000025s ]
INFO: [ app_begin ] --END-- [ RunTime:0.000059s ]
SQL: SHOW COLUMNS FROM `weibo_user` [ RunTime:0.0004s ]
NOTIC: [8] Undefined index: validate /data/wwwroot/default/weibo/ThinkPHP/Library/Think/Model.class.php 第 1185 行.
INFO: [ app_end ] --START--
INFO: Run Behavior\ShowPageTraceBehavior [ RunTime:0.000023s ]
INFO: [ app_end ] --END-- [ RunTime:0.000047s ]

[ 2017-08-29T13:31:00+08:00 ] 123.119.230.109 /weibo/Home/User/checkVerify
INFO: [ app_init ] --START--
INFO: Run Behavior\BuildLiteBehavior [ RunTime:0.000010s ]
INFO: [ app_init ] --END-- [ RunTime:0.000062s ]
INFO: [ app_begin ] --START--
INFO: Run Behavior\ReadHtmlCacheBehavior [ RunTime:0.000023s ]
INFO: [ app_begin ] --END-- [ RunTime:0.000045s ]
SQL: SHOW COLUMNS FROM `weibo_user` [ RunTime:0.0004s ]
NOTIC: [8] Undefined index: validate /data/wwwroot/default/weibo/ThinkPHP/Library/Think/Model.class.php 第 1185 行.
INFO: [ app_end ] --START--
INFO: Run Behavior\ShowPageTraceBehavior [ RunTime:0.000023s ]
INFO: [ app_end ] --END-- [ RunTime:0.000047s ]

[ 2017-08-29T13:31:00+08:00 ] 123.119.230.109 /weibo/Home/User/checkVerify
INFO: [ app_init ] --START--
INFO: Run Behavior\BuildLiteBehavior [ RunTime:0.000010s ]
INFO: [ app_init ] --END-- [ RunTime:0.000064s ]
INFO: [ app_begin ] --START--
INFO: Run Behavior\ReadHtmlCacheBehavior [ RunTime:0.000024s ]
INFO: [ app_begin ] --END-- [ RunTime:0.000047s ]
SQL: SHOW COLUMNS FROM `weibo_user` [ RunTime:0.0005s ]
NOTIC: [8] Undefined index: validate /data/wwwroot/default/weibo/ThinkPHP/Library/Think/Model.class.php 第 1185 行.
INFO: [ app_end ] --START--
INFO: Run Behavior\ShowPageTraceBehavior [ RunTime:0.000038s ]
INFO: [ app_end ] --END-- [ RunTime:0.000061s ]

[ 2017-08-29T13:31:01+08:00 ] 123.119.230.109 /weibo/Home/User/checkVerify
INFO: [ app_init ] --START--
INFO: Run Behavior\BuildLiteBehavior [ RunTime:0.000010s ]
INFO: [ app_init ] --END-- [ RunTime:0.000062s ]
INFO: [ app_begin ] --START--
INFO: Run Behavior\ReadHtmlCacheBehavior [ RunTime:0.000022s ]
INFO: [ app_begin ] --END-- [ RunTime:0.000044s ]
SQL: SHOW COLUMNS FROM `weibo_user` [ RunTime:0.0004s ]
NOTIC: [8] Undefined index: validate /data/wwwroot/default/weibo/ThinkPHP/Library/Think/Model.class.php 第 1185 行.
INFO: [ app_end ] --START--
INFO: Run Behavior\ShowPageTraceBehavior [ RunTime:0.000021s ]
INFO: [ app_end ] --END-- [ RunTime:0.000043s ]

[ 2017-08-29T13:31:01+08:00 ] 123.119.230.109 /weibo/Home/User/checkVerify
INFO: [ app_init ] --START--
INFO: Run Behavior\BuildLiteBehavior [ RunTime:0.000009s ]
INFO: [ app_init ] --END-- [ RunTime:0.000060s ]
INFO: [ app_begin ] --START--
INFO: Run Behavior\ReadHtmlCacheBehavior [ RunTime:0.000024s ]
INFO: [ app_begin ] --END-- [ RunTime:0.000044s ]
SQL: SHOW COLUMNS FROM `weibo_user` [ RunTime:0.0004s ]
NOTIC: [8] Undefined index: validate /data/wwwroot/default/weibo/ThinkPHP/Library/Think/Model.class.php 第 1185 行.
INFO: [ app_end ] --START--
INFO: Run Behavior\ShowPageTraceBehavior [ RunTime:0.000023s ]
INFO: [ app_end ] --END-- [ RunTime:0.000044s ]

[ 2017-08-29T13:31:01+08:00 ] 123.119.230.109 /weibo/Home/User/checkVerify
INFO: [ app_init ] --START--
INFO: Run Behavior\BuildLiteBehavior [ RunTime:0.000010s ]
INFO: [ app_init ] --END-- [ RunTime:0.000065s ]
INFO: [ app_begin ] --START--
INFO: Run Behavior\ReadHtmlCacheBehavior [ RunTime:0.000027s ]
INFO: [ app_begin ] --END-- [ RunTime:0.000051s ]
SQL: SHOW COLUMNS FROM `weibo_user` [ RunTime:0.0005s ]
NOTIC: [8] Undefined index: validate /data/wwwroot/default/weibo/ThinkPHP/Library/Think/Model.class.php 第 1185 行.
INFO: [ app_end ] --START--
INFO: Run Behavior\ShowPageTraceBehavior [ RunTime:0.000025s ]
INFO: [ app_end ] --END-- [ RunTime:0.000047s ]

[ 2017-08-29T13:31:02+08:00 ] 123.119.230.109 /weibo/Home/User/checkVerify
INFO: [ app_init ] --START--
INFO: Run Behavior\BuildLiteBehavior [ RunTime:0.000010s ]
INFO: [ app_init ] --END-- [ RunTime:0.000063s ]
INFO: [ app_begin ] --START--
INFO: Run Behavior\ReadHtmlCacheBehavior [ RunTime:0.000024s ]
INFO: [ app_begin ] --END-- [ RunTime:0.000046s ]
SQL: SHOW COLUMNS FROM `weibo_user` [ RunTime:0.0004s ]
NOTIC: [8] Undefined index: validate /data/wwwroot/default/weibo/ThinkPHP/Library/Think/Model.class.php 第 1185 行.
NOTIC: [8] Undefined index: auto /data/wwwroot/default/weibo/ThinkPHP/Library/Think/Model.class.php 第 1128 行.
NOTIC: [2] sha1() expects at least 1 parameter, 0 given /data/wwwroot/default/weibo/ThinkPHP/Library/Think/Model.class.php 第 1154 行.
INFO: [ app_end ] --START--
INFO: Run Behavior\ShowPageTraceBehavior [ RunTime:0.000024s ]
INFO: [ app_end ] --END-- [ RunTime:0.000044s ]

[ 2017-08-29T13:31:03+08:00 ] 123.119.230.109 /weibo/Home/User/login
INFO: [ app_init ] --START--
INFO: Run Behavior\BuildLiteBehavior [ RunTime:0.000011s ]
INFO: [ app_init ] --END-- [ RunTime:0.000070s ]
INFO: [ app_begin ] --START--
INFO: Run Behavior\ReadHtmlCacheBehavior [ RunTime:0.000027s ]
INFO: [ app_begin ] --END-- [ RunTime:0.000051s ]
SQL: SHOW COLUMNS FROM `weibo_user` [ RunTime:0.0005s ]
NOTIC: [8] Undefined index: validate /data/wwwroot/default/weibo/ThinkPHP/Library/Think/Model.class.php 第 1185 行.
SQL: SELECT `id`,`username`,`password`,`last_login`,`face` FROM `weibo_user` WHERE `username` = '鸣人' LIMIT 1   [ RunTime:0.0002s ]
SQL: UPDATE `weibo_user` SET `last_login`='1503984663',`last_ip`='2071455341' WHERE `id` = '51' [ RunTime:0.0002s ]
INFO: [ app_end ] --START--
INFO: Run Behavior\ShowPageTraceBehavior [ RunTime:0.000030s ]
INFO: [ app_end ] --END-- [ RunTime:0.000055s ]

[ 2017-08-29T13:31:04+08:00 ] 123.119.230.109 /weibo/Index/index.html
INFO: [ app_init ] --START--
INFO: Run Behavior\BuildLiteBehavior [ RunTime:0.000010s ]
INFO: [ app_init ] --END-- [ RunTime:0.000062s ]
INFO: [ app_begin ] --START--
INFO: Run Behavior\ReadHtmlCacheBehavior [ RunTime:0.000025s ]
INFO: [ app_begin ] --END-- [ RunTime:0.000048s ]
SQL: SHOW COLUMNS FROM `weibo_topic` [ RunTime:0.0005s ]
SQL: SHOW COLUMNS FROM `weibo_topic` [ RunTime:0.0003s ]
SQL: SELECT a.id,a.content,a.content_over,a.create,a.uid,a.reid,b.username,b.face,b.domain FROM weibo_topic a,weibo_user b WHERE ( a.uid=b.id ) ORDER BY a.create DESC LIMIT 0,10   [ RunTime:0.0003s ]
SQL: SHOW COLUMNS FROM `weibo_image` [ RunTime:0.0002s ]
SQL: SELECT `data` FROM `weibo_image` WHERE ( 1=1 AND tid='148' )  [ RunTime:0.0000s ]
SQL: SELECT `data` FROM `weibo_image` WHERE ( 1=1 AND tid='147' )  [ RunTime:0.0000s ]
SQL: SELECT `data` FROM `weibo_image` WHERE ( 1=1 AND tid='146' )  [ RunTime:0.0000s ]
SQL: SELECT `data` FROM `weibo_image` WHERE ( 1=1 AND tid='145' )  [ RunTime:0.0000s ]
SQL: SELECT `data` FROM `weibo_image` WHERE ( 1=1 AND tid='144' )  [ RunTime:0.0000s ]
SQL: SELECT `data` FROM `weibo_image` WHERE ( 1=1 AND tid='143' )  [ RunTime:0.0000s ]
SQL: SELECT `data` FROM `weibo_image` WHERE ( 1=1 AND tid='142' )  [ RunTime:0.0000s ]
SQL: SELECT `data` FROM `weibo_image` WHERE ( 1=1 AND tid='141' )  [ RunTime:0.0000s ]
SQL: SELECT `data` FROM `weibo_image` WHERE ( 1=1 AND tid='140' )  [ RunTime:0.0000s ]
SQL: SELECT `data` FROM `weibo_image` WHERE ( 1=1 AND tid='122' )  [ RunTime:0.0000s ]
SQL: SHOW COLUMNS FROM `weibo_topic` [ RunTime:0.0003s ]
SQL: SELECT a.id,a.content,a.content_over,a.create,a.uid,a.reid,a.recount,b.username,b.face,b.domain FROM weibo_topic a,weibo_user b WHERE ( a.uid=b.id AND a.id=147 ) LIMIT 1   [ RunTime:0.0001s ]
SQL: SELECT `data` FROM `weibo_image` WHERE ( 1=1 AND tid='147' )  [ RunTime:0.0000s ]
SQL: SHOW COLUMNS FROM `weibo_topic` [ RunTime:0.0003s ]
SQL: SELECT a.id,a.content,a.content_over,a.create,a.uid,a.reid,a.recount,b.username,b.face,b.domain FROM weibo_topic a,weibo_user b WHERE ( a.uid=b.id AND a.id=145 ) LIMIT 1   [ RunTime:0.0001s ]
SQL: SELECT `data` FROM `weibo_image` WHERE ( 1=1 AND tid='145' )  [ RunTime:0.0000s ]
SQL: SHOW COLUMNS FROM `weibo_topic` [ RunTime:0.0002s ]
SQL: SELECT a.id,a.content,a.content_over,a.create,a.uid,a.reid,a.recount,b.username,b.face,b.domain FROM weibo_topic a,weibo_user b WHERE ( a.uid=b.id AND a.id=140 ) LIMIT 1   [ RunTime:0.0002s ]
SQL: SELECT `data` FROM `weibo_image` WHERE ( 1=1 AND tid='140' )  [ RunTime:0.0000s ]
SQL: SHOW COLUMNS FROM `weibo_topic` [ RunTime:0.0002s ]
SQL: SELECT a.id,a.content,a.content_over,a.create,a.uid,a.reid,a.recount,b.username,b.face,b.domain FROM weibo_topic a,weibo_user b WHERE ( a.uid=b.id AND a.id=122 ) LIMIT 1   [ RunTime:0.0001s ]
SQL: SELECT `data` FROM `weibo_image` WHERE ( 1=1 AND tid='122' )  [ RunTime:0.0001s ]
INFO: [ view_parse ] --START--
INFO: [ template_filter ] --START--
INFO: Run Behavior\ContentReplaceBehavior [ RunTime:0.000128s ]
INFO: [ template_filter ] --END-- [ RunTime:0.000157s ]
NOTIC: [8] Undefined index: recount /data/wwwroot/default/weibo/weibo/Runtime/Cache/Home/297945e3053b9b0806e01a4c87378e3c.php 第 144 行.
NOTIC: [8] Undefined index: recount /data/wwwroot/default/weibo/weibo/Runtime/Cache/Home/297945e3053b9b0806e01a4c87378e3c.php 第 144 行.
NOTIC: [8] Undefined index: recount /data/wwwroot/default/weibo/weibo/Runtime/Cache/Home/297945e3053b9b0806e01a4c87378e3c.php 第 144 行.
NOTIC: [8] Undefined index: recount /data/wwwroot/default/weibo/weibo/Runtime/Cache/Home/297945e3053b9b0806e01a4c87378e3c.php 第 144 行.
NOTIC: [8] Undefined index: recount /data/wwwroot/default/weibo/weibo/Runtime/Cache/Home/297945e3053b9b0806e01a4c87378e3c.php 第 144 行.
NOTIC: [8] Undefined index: recount /data/wwwroot/default/weibo/weibo/Runtime/Cache/Home/297945e3053b9b0806e01a4c87378e3c.php 第 144 行.
INFO: Run Behavior\ParseTemplateBehavior [ RunTime:0.009766s ]
INFO: [ view_parse ] --END-- [ RunTime:0.009792s ]
INFO: [ view_filter ] --START--
INFO: Run Behavior\WriteHtmlCacheBehavior [ RunTime:0.000038s ]
INFO: [ view_filter ] --END-- [ RunTime:0.000056s ]
INFO: [ app_end ] --START--
INFO: Run Behavior\ShowPageTraceBehavior [ RunTime:0.000026s ]
INFO: [ app_end ] --END-- [ RunTime:0.000048s ]

[ 2017-08-29T13:31:04+08:00 ] 123.119.230.109 /weibo/Index/index.html
INFO: [ app_init ] --START--
INFO: Run Behavior\BuildLiteBehavior [ RunTime:0.000014s ]
INFO: [ app_init ] --END-- [ RunTime:0.000098s ]
INFO: [ app_begin ] --START--
INFO: Run Behavior\ReadHtmlCacheBehavior [ RunTime:0.000042s ]
INFO: [ app_begin ] --END-- [ RunTime:0.000070s ]
SQL: SHOW COLUMNS FROM `weibo_topic` [ RunTime:0.0005s ]
SQL: SHOW COLUMNS FROM `weibo_topic` [ RunTime:0.0003s ]
SQL: SELECT a.id,a.content,a.content_over,a.create,a.uid,a.reid,b.username,b.face,b.domain FROM weibo_topic a,weibo_user b WHERE ( a.uid=b.id ) ORDER BY a.create DESC LIMIT 0,10   [ RunTime:0.0001s ]
SQL: SHOW COLUMNS FROM `weibo_image` [ RunTime:0.0003s ]
SQL: SELECT `data` FROM `weibo_image` WHERE ( 1=1 AND tid='148' )  [ RunTime:0.0001s ]
SQL: SELECT `data` FROM `weibo_image` WHERE ( 1=1 AND tid='147' )  [ RunTime:0.0000s ]
SQL: SELECT `data` FROM `weibo_image` WHERE ( 1=1 AND tid='146' )  [ RunTime:0.0000s ]
SQL: SELECT `data` FROM `weibo_image` WHERE ( 1=1 AND tid='145' )  [ RunTime:0.0000s ]
SQL: SELECT `data` FROM `weibo_image` WHERE ( 1=1 AND tid='144' )  [ RunTime:0.0000s ]
SQL: SELECT `data` FROM `weibo_image` WHERE ( 1=1 AND tid='143' )  [ RunTime:0.0000s ]
SQL: SELECT `data` FROM `weibo_image` WHERE ( 1=1 AND tid='142' )  [ RunTime:0.0000s ]
SQL: SELECT `data` FROM `weibo_image` WHERE ( 1=1 AND tid='141' )  [ RunTime:0.0000s ]
SQL: SELECT `data` FROM `weibo_image` WHERE ( 1=1 AND tid='140' )  [ RunTime:0.0000s ]
SQL: SELECT `data` FROM `weibo_image` WHERE ( 1=1 AND tid='122' )  [ RunTime:0.0000s ]
SQL: SHOW COLUMNS FROM `weibo_topic` [ RunTime:0.0003s ]
SQL: SELECT a.id,a.content,a.content_over,a.create,a.uid,a.reid,a.recount,b.username,b.face,b.domain FROM weibo_topic a,weibo_user b WHERE ( a.uid=b.id AND a.id=147 ) LIMIT 1   [ RunTime:0.0001s ]
SQL: SELECT `data` FROM `weibo_image` WHERE ( 1=1 AND tid='147' )  [ RunTime:0.0000s ]
SQL: SHOW COLUMNS FROM `weibo_topic` [ RunTime:0.0003s ]
SQL: SELECT a.id,a.content,a.content_over,a.create,a.uid,a.reid,a.recount,b.username,b.face,b.domain FROM weibo_topic a,weibo_user b WHERE ( a.uid=b.id AND a.id=145 ) LIMIT 1   [ RunTime:0.0001s ]
SQL: SELECT `data` FROM `weibo_image` WHERE ( 1=1 AND tid='145' )  [ RunTime:0.0000s ]
SQL: SHOW COLUMNS FROM `weibo_topic` [ RunTime:0.0003s ]
SQL: SELECT a.id,a.content,a.content_over,a.create,a.uid,a.reid,a.recount,b.username,b.face,b.domain FROM weibo_topic a,weibo_user b WHERE ( a.uid=b.id AND a.id=140 ) LIMIT 1   [ RunTime:0.0000s ]
SQL: SELECT `data` FROM `weibo_image` WHERE ( 1=1 AND tid='140' )  [ RunTime:0.0000s ]
SQL: SHOW COLUMNS FROM `weibo_topic` [ RunTime:0.0003s ]
SQL: SELECT a.id,a.content,a.content_over,a.create,a.uid,a.reid,a.recount,b.username,b.face,b.domain FROM weibo_topic a,weibo_user b WHERE ( a.uid=b.id AND a.id=122 ) LIMIT 1   [ RunTime:0.0001s ]
SQL: SELECT `data` FROM `weibo_image` WHERE ( 1=1 AND tid='122' )  [ RunTime:0.0000s ]
INFO: [ view_parse ] --START--
INFO: [ template_filter ] --START--
INFO: Run Behavior\ContentReplaceBehavior [ RunTime:0.000144s ]
INFO: [ template_filter ] --END-- [ RunTime:0.000177s ]
NOTIC: [8] Undefined index: recount /data/wwwroot/default/weibo/weibo/Runtime/Cache/Home/297945e3053b9b0806e01a4c87378e3c.php 第 144 行.
NOTIC: [8] Undefined index: recount /data/wwwroot/default/weibo/weibo/Runtime/Cache/Home/297945e3053b9b0806e01a4c87378e3c.php 第 144 行.
NOTIC: [8] Undefined index: recount /data/wwwroot/default/weibo/weibo/Runtime/Cache/Home/297945e3053b9b0806e01a4c87378e3c.php 第 144 行.
NOTIC: [8] Undefined index: recount /data/wwwroot/default/weibo/weibo/Runtime/Cache/Home/297945e3053b9b0806e01a4c87378e3c.php 第 144 行.
NOTIC: [8] Undefined index: recount /data/wwwroot/default/weibo/weibo/Runtime/Cache/Home/297945e3053b9b0806e01a4c87378e3c.php 第 144 行.
NOTIC: [8] Undefined index: recount /data/wwwroot/default/weibo/weibo/Runtime/Cache/Home/297945e3053b9b0806e01a4c87378e3c.php 第 144 行.
INFO: Run Behavior\ParseTemplateBehavior [ RunTime:0.013258s ]
INFO: [ view_parse ] --END-- [ RunTime:0.013288s ]
INFO: [ view_filter ] --START--
INFO: Run Behavior\WriteHtmlCacheBehavior [ RunTime:0.000029s ]
INFO: [ view_filter ] --END-- [ RunTime:0.000059s ]
INFO: [ app_end ] --START--
INFO: Run Behavior\ShowPageTraceBehavior [ RunTime:0.000037s ]
INFO: [ app_end ] --END-- [ RunTime:0.000063s ]

[ 2017-08-29T13:31:04+08:00 ] 123.119.230.109 /weibo/Home/Space/setUrl
INFO: [ app_init ] --START--
INFO: Run Behavior\BuildLiteBehavior [ RunTime:0.000012s ]
INFO: [ app_init ] --END-- [ RunTime:0.000094s ]
INFO: [ app_begin ] --START--
INFO: Run Behavior\ReadHtmlCacheBehavior [ RunTime:0.000041s ]
INFO: [ app_begin ] --END-- [ RunTime:0.000071s ]
SQL: SHOW COLUMNS FROM `weibo_user` [ RunTime:0.0005s ]
SQL: SELECT `id`,`domain` FROM `weibo_user` WHERE `username` = '鸣人' LIMIT 1   [ RunTime:0.0002s ]
INFO: [ app_end ] --START--
INFO: Run Behavior\ShowPageTraceBehavior [ RunTime:0.000058s ]
INFO: [ app_end ] --END-- [ RunTime:0.000088s ]

[ 2017-08-29T13:31:04+08:00 ] 123.119.230.109 /weibo/Home/Topic/ajaxCount
INFO: [ app_init ] --START--
INFO: Run Behavior\BuildLiteBehavior [ RunTime:0.000013s ]
INFO: [ app_init ] --END-- [ RunTime:0.000103s ]
INFO: [ app_begin ] --START--
INFO: Run Behavior\ReadHtmlCacheBehavior [ RunTime:0.000038s ]
INFO: [ app_begin ] --END-- [ RunTime:0.000068s ]
SQL: SHOW COLUMNS FROM `weibo_topic` [ RunTime:0.0004s ]
SQL: SELECT COUNT(*) AS tp_count FROM `weibo_topic` WHERE ( 1=1 ) LIMIT 1   [ RunTime:0.0001s ]
INFO: [ app_end ] --START--
INFO: Run Behavior\ShowPageTraceBehavior [ RunTime:0.000040s ]
INFO: [ app_end ] --END-- [ RunTime:0.000064s ]

[ 2017-08-29T13:31:04+08:00 ] 123.119.230.109 /weibo/Home/Space/setUrl
INFO: [ app_init ] --START--
INFO: Run Behavior\BuildLiteBehavior [ RunTime:0.000007s ]
INFO: [ app_init ] --END-- [ RunTime:0.000045s ]
INFO: [ app_begin ] --START--
INFO: Run Behavior\ReadHtmlCacheBehavior [ RunTime:0.000021s ]
INFO: [ app_begin ] --END-- [ RunTime:0.000043s ]
SQL: SHOW COLUMNS FROM `weibo_user` [ RunTime:0.0003s ]
SQL: SELECT `id`,`domain` FROM `weibo_user` WHERE `username` = '小弟' LIMIT 1   [ RunTime:0.0001s ]

[ 2017-08-29T13:31:04+08:00 ] 123.119.230.109 /weibo/Home/Space/setUrl
INFO: [ app_init ] --START--
INFO: Run Behavior\BuildLiteBehavior [ RunTime:0.000007s ]
INFO: [ app_init ] --END-- [ RunTime:0.000043s ]
INFO: [ app_begin ] --START--
INFO: Run Behavior\ReadHtmlCacheBehavior [ RunTime:0.000019s ]
INFO: [ app_begin ] --END-- [ RunTime:0.000054s ]
SQL: SHOW COLUMNS FROM `weibo_user` [ RunTime:0.0003s ]
SQL: SELECT `id`,`domain` FROM `weibo_user` WHERE `username` = '小弟' LIMIT 1   [ RunTime:0.0001s ]

[ 2017-08-29T13:31:08+08:00 ] 123.119.230.109 /weibo/Home/Topic/ajaxList
INFO: [ app_init ] --START--
INFO: Run Behavior\BuildLiteBehavior [ RunTime:0.000009s ]
INFO: [ app_init ] --END-- [ RunTime:0.000076s ]
INFO: [ app_begin ] --START--
INFO: Run Behavior\ReadHtmlCacheBehavior [ RunTime:0.000024s ]
INFO: [ app_begin ] --END-- [ RunTime:0.000057s ]
SQL: SHOW COLUMNS FROM `weibo_topic` [ RunTime:0.0005s ]
SQL: SHOW COLUMNS FROM `weibo_topic` [ RunTime:0.0003s ]
SQL: SELECT a.id,a.content,a.content_over,a.create,a.uid,a.reid,b.username,b.face,b.domain FROM weibo_topic a,weibo_user b WHERE ( a.uid=b.id ) ORDER BY a.create DESC LIMIT 10,10   [ RunTime:0.0003s ]
SQL: SHOW COLUMNS FROM `weibo_image` [ RunTime:0.0002s ]
SQL: SELECT `data` FROM `weibo_image` WHERE ( 1=1 AND tid='121' )  [ RunTime:0.0001s ]
SQL: SELECT `data` FROM `weibo_image` WHERE ( 1=1 AND tid='120' )  [ RunTime:0.0000s ]
SQL: SELECT `data` FROM `weibo_image` WHERE ( 1=1 AND tid='119' )  [ RunTime:0.0000s ]
SQL: SELECT `data` FROM `weibo_image` WHERE ( 1=1 AND tid='118' )  [ RunTime:0.0000s ]
SQL: SELECT `data` FROM `weibo_image` WHERE ( 1=1 AND tid='117' )  [ RunTime:0.0000s ]
SQL: SELECT `data` FROM `weibo_image` WHERE ( 1=1 AND tid='116' )  [ RunTime:0.0000s ]
SQL: SELECT `data` FROM `weibo_image` WHERE ( 1=1 AND tid='115' )  [ RunTime:0.0000s ]
SQL: SELECT `data` FROM `weibo_image` WHERE ( 1=1 AND tid='114' )  [ RunTime:0.0000s ]
SQL: SELECT `data` FROM `weibo_image` WHERE ( 1=1 AND tid='113' )  [ RunTime:0.0000s ]
SQL: SELECT `data` FROM `weibo_image` WHERE ( 1=1 AND tid='112' )  [ RunTime:0.0001s ]
INFO: [ view_parse ] --START--
INFO: [ template_filter ] --START--
INFO: Run Behavior\ContentReplaceBehavior [ RunTime:0.000039s ]
INFO: [ template_filter ] --END-- [ RunTime:0.000065s ]
INFO: Run Behavior\ParseTemplateBehavior [ RunTime:0.002338s ]
INFO: [ view_parse ] --END-- [ RunTime:0.002365s ]
INFO: [ view_filter ] --START--
INFO: Run Behavior\WriteHtmlCacheBehavior [ RunTime:0.000025s ]
INFO: [ view_filter ] --END-- [ RunTime:0.000040s ]
INFO: [ app_end ] --START--
INFO: Run Behavior\ShowPageTraceBehavior [ RunTime:0.000021s ]
INFO: [ app_end ] --END-- [ RunTime:0.000037s ]

[ 2017-08-29T13:31:08+08:00 ] 123.119.230.109 /weibo/Home/Space/setUrl
INFO: [ app_init ] --START--
INFO: Run Behavior\BuildLiteBehavior [ RunTime:0.000007s ]
INFO: [ app_init ] --END-- [ RunTime:0.000043s ]
INFO: [ app_begin ] --START--
INFO: Run Behavior\ReadHtmlCacheBehavior [ RunTime:0.000021s ]
INFO: [ app_begin ] --END-- [ RunTime:0.000044s ]
SQL: SHOW COLUMNS FROM `weibo_user` [ RunTime:0.0003s ]
SQL: SELECT `id`,`domain` FROM `weibo_user` WHERE `username` = '梅西' LIMIT 1   [ RunTime:0.0001s ]
INFO: [ app_end ] --START--
INFO: Run Behavior\ShowPageTraceBehavior [ RunTime:0.000042s ]
INFO: [ app_end ] --END-- [ RunTime:0.000065s ]

[ 2017-08-29T13:31:08+08:00 ] 123.119.230.109 /weibo/Home/Space/setUrl
INFO: [ app_init ] --START--
INFO: Run Behavior\BuildLiteBehavior [ RunTime:0.000007s ]
INFO: [ app_init ] --END-- [ RunTime:0.000042s ]
INFO: [ app_begin ] --START--
INFO: Run Behavior\ReadHtmlCacheBehavior [ RunTime:0.000021s ]
INFO: [ app_begin ] --END-- [ RunTime:0.000044s ]
SQL: SHOW COLUMNS FROM `weibo_user` [ RunTime:0.0003s ]
SQL: SELECT `id`,`domain` FROM `weibo_user` WHERE `username` = '路飞' LIMIT 1   [ RunTime:0.0001s ]
INFO: [ app_end ] --START--
INFO: Run Behavior\ShowPageTraceBehavior [ RunTime:0.000028s ]
INFO: [ app_end ] --END-- [ RunTime:0.000049s ]

[ 2017-08-29T13:31:08+08:00 ] 123.119.230.109 /weibo/Home/Space/setUrl
INFO: [ app_init ] --START--
INFO: Run Behavior\BuildLiteBehavior [ RunTime:0.000007s ]
INFO: [ app_init ] --END-- [ RunTime:0.000042s ]
INFO: [ app_begin ] --START--
INFO: Run Behavior\ReadHtmlCacheBehavior [ RunTime:0.000023s ]
INFO: [ app_begin ] --END-- [ RunTime:0.000060s ]
SQL: SHOW COLUMNS FROM `weibo_user` [ RunTime:0.0003s ]
SQL: SELECT `id`,`domain` FROM `weibo_user` WHERE `username` = '鸣人' LIMIT 1   [ RunTime:0.0001s ]
INFO: [ app_end ] --START--
INFO: Run Behavior\ShowPageTraceBehavior [ RunTime:0.000027s ]
INFO: [ app_end ] --END-- [ RunTime:0.000047s ]

[ 2017-08-29T13:31:10+08:00 ] 123.119.230.109 /weibo/Home/Topic/ajaxList
INFO: [ app_init ] --START--
INFO: Run Behavior\BuildLiteBehavior [ RunTime:0.000011s ]
INFO: [ app_init ] --END-- [ RunTime:0.000071s ]
INFO: [ app_begin ] --START--
INFO: Run Behavior\ReadHtmlCacheBehavior [ RunTime:0.000024s ]
INFO: [ app_begin ] --END-- [ RunTime:0.000047s ]
SQL: SHOW COLUMNS FROM `weibo_topic` [ RunTime:0.0005s ]
SQL: SHOW COLUMNS FROM `weibo_topic` [ RunTime:0.0003s ]
SQL: SELECT a.id,a.content,a.content_over,a.create,a.uid,a.reid,b.username,b.face,b.domain FROM weibo_topic a,weibo_user b WHERE ( a.uid=b.id ) ORDER BY a.create DESC LIMIT 20,10   [ RunTime:0.0003s ]
SQL: SHOW COLUMNS FROM `weibo_image` [ RunTime:0.0003s ]
SQL: SELECT `data` FROM `weibo_image` WHERE ( 1=1 AND tid='111' )  [ RunTime:0.0000s ]
SQL: SELECT `data` FROM `weibo_image` WHERE ( 1=1 AND tid='110' )  [ RunTime:0.0000s ]
SQL: SELECT `data` FROM `weibo_image` WHERE ( 1=1 AND tid='109' )  [ RunTime:0.0000s ]
SQL: SELECT `data` FROM `weibo_image` WHERE ( 1=1 AND tid='108' )  [ RunTime:0.0000s ]
INFO: [ view_parse ] --START--
INFO: [ template_filter ] --START--
INFO: Run Behavior\ContentReplaceBehavior [ RunTime:0.000041s ]
INFO: [ template_filter ] --END-- [ RunTime:0.000075s ]
INFO: Run Behavior\ParseTemplateBehavior [ RunTime:0.003057s ]
INFO: [ view_parse ] --END-- [ RunTime:0.003087s ]
INFO: [ view_filter ] --START--
INFO: Run Behavior\WriteHtmlCacheBehavior [ RunTime:0.000026s ]
INFO: [ view_filter ] --END-- [ RunTime:0.000042s ]
INFO: [ app_end ] --START--
INFO: Run Behavior\ShowPageTraceBehavior [ RunTime:0.000031s ]
INFO: [ app_end ] --END-- [ RunTime:0.000048s ]

[ 2017-08-29T13:31:10+08:00 ] 123.119.230.109 /weibo/Home/Space/setUrl
INFO: [ app_init ] --START--
INFO: Run Behavior\BuildLiteBehavior [ RunTime:0.000008s ]
INFO: [ app_init ] --END-- [ RunTime:0.000048s ]
INFO: [ app_begin ] --START--
INFO: Run Behavior\ReadHtmlCacheBehavior [ RunTime:0.000025s ]
INFO: [ app_begin ] --END-- [ RunTime:0.000047s ]
SQL: SHOW COLUMNS FROM `weibo_user` [ RunTime:0.0004s ]
SQL: SELECT `id`,`domain` FROM `weibo_user` WHERE `username` = '鸣人' LIMIT 1   [ RunTime:0.0000s ]
INFO: [ app_end ] --START--
INFO: Run Behavior\ShowPageTraceBehavior [ RunTime:0.000028s ]
INFO: [ app_end ] --END-- [ RunTime:0.000098s ]

[ 2017-08-29T13:31:10+08:00 ] 123.119.230.109 /weibo/Home/Space/setUrl
INFO: [ app_init ] --START--
INFO: Run Behavior\BuildLiteBehavior [ RunTime:0.000007s ]
INFO: [ app_init ] --END-- [ RunTime:0.000042s ]
INFO: [ app_begin ] --START--
INFO: Run Behavior\ReadHtmlCacheBehavior [ RunTime:0.000021s ]
INFO: [ app_begin ] --END-- [ RunTime:0.000042s ]
SQL: SHOW COLUMNS FROM `weibo_user` [ RunTime:0.0003s ]
SQL: SELECT `id`,`domain` FROM `weibo_user` WHERE `username` = '梅西' LIMIT 1   [ RunTime:0.0000s ]
INFO: [ app_end ] --START--
INFO: Run Behavior\ShowPageTraceBehavior [ RunTime:0.000026s ]
INFO: [ app_end ] --END-- [ RunTime:0.000047s ]

[ 2017-08-29T13:31:53+08:00 ] 123.119.230.109 /weibo/i/mingren
INFO: [ app_init ] --START--
INFO: Run Behavior\BuildLiteBehavior [ RunTime:0.000014s ]
INFO: [ app_init ] --END-- [ RunTime:0.000116s ]
INFO: [ app_begin ] --START--
INFO: Run Behavior\ReadHtmlCacheBehavior [ RunTime:0.000058s ]
INFO: [ app_begin ] --END-- [ RunTime:0.000096s ]
SQL: SHOW COLUMNS FROM `weibo_user` [ RunTime:0.0005s ]
SQL: SELECT `id`,`username`,`email`,`face`,`domain` FROM `weibo_user` WHERE `domain` = 'mingren'  [ RunTime:0.0002s ]
SQL: SHOW COLUMNS FROM `weibo_user_extend` [ RunTime:0.0003s ]
SQL: SELECT `intro` FROM `weibo_user_extend` WHERE ( 1=1 AND uid='51' ) LIMIT 1   [ RunTime:0.0002s ]
INFO: [ view_parse ] --START--
INFO: [ template_filter ] --START--
INFO: Run Behavior\ContentReplaceBehavior [ RunTime:0.000094s ]
INFO: [ template_filter ] --END-- [ RunTime:0.000143s ]
INFO: Run Behavior\ParseTemplateBehavior [ RunTime:0.003617s ]
INFO: [ view_parse ] --END-- [ RunTime:0.003654s ]
INFO: [ view_filter ] --START--
INFO: Run Behavior\WriteHtmlCacheBehavior [ RunTime:0.000038s ]
INFO: [ view_filter ] --END-- [ RunTime:0.000058s ]
INFO: [ app_end ] --START--
INFO: Run Behavior\ShowPageTraceBehavior [ RunTime:0.000040s ]
INFO: [ app_end ] --END-- [ RunTime:0.000063s ]

[ 2017-08-29T13:31:58+08:00 ] 123.119.230.109 /weibo/i/meixi
INFO: [ app_init ] --START--
INFO: Run Behavior\BuildLiteBehavior [ RunTime:0.000014s ]
INFO: [ app_init ] --END-- [ RunTime:0.000110s ]
INFO: [ app_begin ] --START--
INFO: Run Behavior\ReadHtmlCacheBehavior [ RunTime:0.000044s ]
INFO: [ app_begin ] --END-- [ RunTime:0.000076s ]
SQL: SHOW COLUMNS FROM `weibo_user` [ RunTime:0.0005s ]
SQL: SELECT `id`,`username`,`email`,`face`,`domain` FROM `weibo_user` WHERE `domain` = 'meixi'  [ RunTime:0.0002s ]
SQL: SHOW COLUMNS FROM `weibo_user_extend` [ RunTime:0.0003s ]
SQL: SELECT `intro` FROM `weibo_user_extend` WHERE ( 1=1 AND uid='52' ) LIMIT 1   [ RunTime:0.0001s ]
INFO: [ view_parse ] --START--
INFO: [ template_filter ] --START--
INFO: Run Behavior\ContentReplaceBehavior [ RunTime:0.000058s ]
INFO: [ template_filter ] --END-- [ RunTime:0.000098s ]
INFO: Run Behavior\ParseTemplateBehavior [ RunTime:0.003473s ]
INFO: [ view_parse ] --END-- [ RunTime:0.003509s ]
INFO: [ view_filter ] --START--
INFO: Run Behavior\WriteHtmlCacheBehavior [ RunTime:0.000031s ]
INFO: [ view_filter ] --END-- [ RunTime:0.000051s ]
INFO: [ app_end ] --START--
INFO: Run Behavior\ShowPageTraceBehavior [ RunTime:0.000033s ]
INFO: [ app_end ] --END-- [ RunTime:0.000055s ]

[ 2017-08-29T13:32:07+08:00 ] 123.119.230.109 /weibo/i/lufei
INFO: [ app_init ] --START--
INFO: Run Behavior\BuildLiteBehavior [ RunTime:0.000014s ]
INFO: [ app_init ] --END-- [ RunTime:0.000100s ]
INFO: [ app_begin ] --START--
INFO: Run Behavior\ReadHtmlCacheBehavior [ RunTime:0.000037s ]
INFO: [ app_begin ] --END-- [ RunTime:0.000067s ]
SQL: SHOW COLUMNS FROM `weibo_user` [ RunTime:0.0005s ]
SQL: SELECT `id`,`username`,`email`,`face`,`domain` FROM `weibo_user` WHERE `domain` = 'lufei'  [ RunTime:0.0002s ]
SQL: SHOW COLUMNS FROM `weibo_user_extend` [ RunTime:0.0002s ]
SQL: SELECT `intro` FROM `weibo_user_extend` WHERE ( 1=1 AND uid='50' ) LIMIT 1   [ RunTime:0.0001s ]
INFO: [ view_parse ] --START--
INFO: [ template_filter ] --START--
INFO: Run Behavior\ContentReplaceBehavior [ RunTime:0.000051s ]
INFO: [ template_filter ] --END-- [ RunTime:0.000083s ]
INFO: Run Behavior\ParseTemplateBehavior [ RunTime:0.003017s ]
INFO: [ view_parse ] --END-- [ RunTime:0.003050s ]
INFO: [ view_filter ] --START--
INFO: Run Behavior\WriteHtmlCacheBehavior [ RunTime:0.000027s ]
INFO: [ view_filter ] --END-- [ RunTime:0.000045s ]
INFO: [ app_end ] --START--
INFO: Run Behavior\ShowPageTraceBehavior [ RunTime:0.000030s ]
INFO: [ app_end ] --END-- [ RunTime:0.000049s ]

[ 2017-08-29T13:32:11+08:00 ] 123.119.230.109 /weibo/Index/[object%20Object]
INFO: [ app_init ] --START--
INFO: Run Behavior\BuildLiteBehavior [ RunTime:0.000010s ]
INFO: [ app_init ] --END-- [ RunTime:0.000061s ]
INFO: [ app_begin ] --START--
INFO: Run Behavior\ReadHtmlCacheBehavior [ RunTime:0.000025s ]
INFO: [ app_begin ] --END-- [ RunTime:0.000049s ]
ERR: 非法操作:[object Object]

[ 2017-08-29T13:32:21+08:00 ] 123.119.230.109 /weibo/Setting/index.html
INFO: [ app_init ] --START--
INFO: Run Behavior\BuildLiteBehavior [ RunTime:0.000010s ]
INFO: [ app_init ] --END-- [ RunTime:0.000065s ]
INFO: [ app_begin ] --START--
INFO: Run Behavior\ReadHtmlCacheBehavior [ RunTime:0.000040s ]
INFO: [ app_begin ] --END-- [ RunTime:0.000067s ]
SQL: SHOW COLUMNS FROM `weibo_user` [ RunTime:0.0005s ]
SQL: SELECT `id`,`username`,`email`,`face` FROM `weibo_user` WHERE `id` = 51  [ RunTime:0.0002s ]
SQL: SHOW COLUMNS FROM `weibo_user_extend` [ RunTime:0.0003s ]
SQL: SELECT `intro` FROM `weibo_user_extend` WHERE ( 1=1 AND uid='51' ) LIMIT 1   [ RunTime:0.0000s ]
INFO: [ view_parse ] --START--
INFO: [ template_filter ] --START--
INFO: Run Behavior\ContentReplaceBehavior [ RunTime:0.000052s ]
INFO: [ template_filter ] --END-- [ RunTime:0.000081s ]
INFO: Run Behavior\ParseTemplateBehavior [ RunTime:0.002649s ]
INFO: [ view_parse ] --END-- [ RunTime:0.002678s ]
INFO: [ view_filter ] --START--
INFO: Run Behavior\WriteHtmlCacheBehavior [ RunTime:0.000038s ]
INFO: [ view_filter ] --END-- [ RunTime:0.000059s ]
INFO: [ app_end ] --START--
INFO: Run Behavior\ShowPageTraceBehavior [ RunTime:0.000023s ]
INFO: [ app_end ] --END-- [ RunTime:0.000041s ]

[ 2017-08-29T13:32:23+08:00 ] 123.119.230.109 /weibo/Setting/domain.html
INFO: [ app_init ] --START--
INFO: Run Behavior\BuildLiteBehavior [ RunTime:0.000016s ]
INFO: [ app_init ] --END-- [ RunTime:0.000106s ]
INFO: [ app_begin ] --START--
INFO: Run Behavior\ReadHtmlCacheBehavior [ RunTime:0.000042s ]
INFO: [ app_begin ] --END-- [ RunTime:0.000072s ]
SQL: SHOW COLUMNS FROM `weibo_user` [ RunTime:0.0005s ]
SQL: SELECT `domain` FROM `weibo_user` WHERE `id` = 51 LIMIT 1   [ RunTime:0.0002s ]
INFO: [ view_parse ] --START--
INFO: [ template_filter ] --START--
INFO: Run Behavior\ContentReplaceBehavior [ RunTime:0.000059s ]
INFO: [ template_filter ] --END-- [ RunTime:0.000097s ]
INFO: Run Behavior\ParseTemplateBehavior [ RunTime:0.003683s ]
INFO: [ view_parse ] --END-- [ RunTime:0.003718s ]
INFO: [ view_filter ] --START--
INFO: Run Behavior\WriteHtmlCacheBehavior [ RunTime:0.000030s ]
INFO: [ view_filter ] --END-- [ RunTime:0.000049s ]
INFO: [ app_end ] --START--
INFO: Run Behavior\ShowPageTraceBehavior [ RunTime:0.000032s ]
INFO: [ app_end ] --END-- [ RunTime:0.000054s ]

[ 2017-08-29T13:32:26+08:00 ] 123.119.230.109 /weibo/Setting/avatar.html
INFO: [ app_init ] --START--
INFO: Run Behavior\BuildLiteBehavior [ RunTime:0.000011s ]
INFO: [ app_init ] --END-- [ RunTime:0.000082s ]
INFO: [ app_begin ] --START--
INFO: Run Behavior\ReadHtmlCacheBehavior [ RunTime:0.000030s ]
INFO: [ app_begin ] --END-- [ RunTime:0.000065s ]
SQL: SHOW COLUMNS FROM `weibo_user` [ RunTime:0.0010s ]
SQL: SELECT `face` FROM `weibo_user` WHERE `id` = 51 LIMIT 1   [ RunTime:0.0002s ]
INFO: [ view_parse ] --START--
INFO: [ template_filter ] --START--
INFO: Run Behavior\ContentReplaceBehavior [ RunTime:0.000052s ]
INFO: [ template_filter ] --END-- [ RunTime:0.000080s ]
INFO: Run Behavior\ParseTemplateBehavior [ RunTime:0.003676s ]
INFO: [ view_parse ] --END-- [ RunTime:0.003708s ]
INFO: [ view_filter ] --START--
INFO: Run Behavior\WriteHtmlCacheBehavior [ RunTime:0.000043s ]
INFO: [ view_filter ] --END-- [ RunTime:0.000081s ]
INFO: [ app_end ] --START--
INFO: Run Behavior\ShowPageTraceBehavior [ RunTime:0.000024s ]
INFO: [ app_end ] --END-- [ RunTime:0.000041s ]

[ 2017-08-29T13:32:27+08:00 ] 123.119.230.109 /weibo/Setting/
INFO: [ app_init ] --START--
INFO: Run Behavior\BuildLiteBehavior [ RunTime:0.000009s ]
INFO: [ app_init ] --END-- [ RunTime:0.000062s ]
INFO: [ app_begin ] --START--
INFO: Run Behavior\ReadHtmlCacheBehavior [ RunTime:0.000026s ]
INFO: [ app_begin ] --END-- [ RunTime:0.000048s ]
SQL: SHOW COLUMNS FROM `weibo_user` [ RunTime:0.0004s ]
SQL: SELECT `id`,`username`,`email`,`face` FROM `weibo_user` WHERE `id` = 51  [ RunTime:0.0000s ]
SQL: SHOW COLUMNS FROM `weibo_user_extend` [ RunTime:0.0002s ]
SQL: SELECT `intro` FROM `weibo_user_extend` WHERE ( 1=1 AND uid='51' ) LIMIT 1   [ RunTime:0.0000s ]
INFO: [ view_parse ] --START--
INFO: [ template_filter ] --START--
INFO: Run Behavior\ContentReplaceBehavior [ RunTime:0.000045s ]
INFO: [ template_filter ] --END-- [ RunTime:0.000073s ]
INFO: Run Behavior\ParseTemplateBehavior [ RunTime:0.002545s ]
INFO: [ view_parse ] --END-- [ RunTime:0.002575s ]
INFO: [ view_filter ] --START--
INFO: Run Behavior\WriteHtmlCacheBehavior [ RunTime:0.000025s ]
INFO: [ view_filter ] --END-- [ RunTime:0.000042s ]
INFO: [ app_end ] --START--
INFO: Run Behavior\ShowPageTraceBehavior [ RunTime:0.000021s ]
INFO: [ app_end ] --END-- [ RunTime:0.000037s ]

[ 2017-08-29T13:32:27+08:00 ] 123.119.230.109 /weibo/Setting/domain.html
INFO: [ app_init ] --START--
INFO: Run Behavior\BuildLiteBehavior [ RunTime:0.000021s ]
INFO: [ app_init ] --END-- [ RunTime:0.000074s ]
INFO: [ app_begin ] --START--
INFO: Run Behavior\ReadHtmlCacheBehavior [ RunTime:0.000033s ]
INFO: [ app_begin ] --END-- [ RunTime:0.000058s ]
SQL: SHOW COLUMNS FROM `weibo_user` [ RunTime:0.0004s ]
SQL: SELECT `domain` FROM `weibo_user` WHERE `id` = 51 LIMIT 1   [ RunTime:0.0000s ]
INFO: [ view_parse ] --START--
INFO: [ template_filter ] --START--
INFO: Run Behavior\ContentReplaceBehavior [ RunTime:0.000047s ]
INFO: [ template_filter ] --END-- [ RunTime:0.000074s ]
INFO: Run Behavior\ParseTemplateBehavior [ RunTime:0.002459s ]
INFO: [ view_parse ] --END-- [ RunTime:0.002487s ]
INFO: [ view_filter ] --START--
INFO: Run Behavior\WriteHtmlCacheBehavior [ RunTime:0.000033s ]
INFO: [ view_filter ] --END-- [ RunTime:0.000050s ]
INFO: [ app_end ] --START--
INFO: Run Behavior\ShowPageTraceBehavior [ RunTime:0.000021s ]
INFO: [ app_end ] --END-- [ RunTime:0.000037s ]

[ 2017-08-29T13:32:29+08:00 ] 123.119.230.109 /weibo/i/mingren
INFO: [ app_init ] --START--
INFO: Run Behavior\BuildLiteBehavior [ RunTime:0.000015s ]
INFO: [ app_init ] --END-- [ RunTime:0.000099s ]
INFO: [ app_begin ] --START--
INFO: Run Behavior\ReadHtmlCacheBehavior [ RunTime:0.000038s ]
INFO: [ app_begin ] --END-- [ RunTime:0.000071s ]
SQL: SHOW COLUMNS FROM `weibo_user` [ RunTime:0.0005s ]
SQL: SELECT `id`,`username`,`email`,`face`,`domain` FROM `weibo_user` WHERE `domain` = 'mingren'  [ RunTime:0.0001s ]
SQL: SHOW COLUMNS FROM `weibo_user_extend` [ RunTime:0.0002s ]
SQL: SELECT `intro` FROM `weibo_user_extend` WHERE ( 1=1 AND uid='51' ) LIMIT 1   [ RunTime:0.0000s ]
INFO: [ view_parse ] --START--
INFO: [ template_filter ] --START--
INFO: Run Behavior\ContentReplaceBehavior [ RunTime:0.000051s ]
INFO: [ template_filter ] --END-- [ RunTime:0.000083s ]
INFO: Run Behavior\ParseTemplateBehavior [ RunTime:0.003066s ]
INFO: [ view_parse ] --END-- [ RunTime:0.003098s ]
INFO: [ view_filter ] --START--
INFO: Run Behavior\WriteHtmlCacheBehavior [ RunTime:0.000027s ]
INFO: [ view_filter ] --END-- [ RunTime:0.000045s ]
INFO: [ app_end ] --START--
INFO: Run Behavior\ShowPageTraceBehavior [ RunTime:0.000029s ]
INFO: [ app_end ] --END-- [ RunTime:0.000048s ]

[ 2017-08-29T13:32:44+08:00 ] 123.119.230.109 /weibo/Index/index.html
INFO: [ app_init ] --START--
INFO: Run Behavior\BuildLiteBehavior [ RunTime:0.000011s ]
INFO: [ app_init ] --END-- [ RunTime:0.000067s ]
INFO: [ app_begin ] --START--
INFO: Run Behavior\ReadHtmlCacheBehavior [ RunTime:0.000028s ]
INFO: [ app_begin ] --END-- [ RunTime:0.000055s ]
SQL: SHOW COLUMNS FROM `weibo_topic` [ RunTime:0.0005s ]
SQL: SHOW COLUMNS FROM `weibo_topic` [ RunTime:0.0003s ]
SQL: SELECT a.id,a.content,a.content_over,a.create,a.uid,a.reid,b.username,b.face,b.domain FROM weibo_topic a,weibo_user b WHERE ( a.uid=b.id ) ORDER BY a.create DESC LIMIT 0,10   [ RunTime:0.0001s ]
SQL: SHOW COLUMNS FROM `weibo_image` [ RunTime:0.0003s ]
SQL: SELECT `data` FROM `weibo_image` WHERE ( 1=1 AND tid='148' )  [ RunTime:0.0001s ]
SQL: SELECT `data` FROM `weibo_image` WHERE ( 1=1 AND tid='147' )  [ RunTime:0.0000s ]
SQL: SELECT `data` FROM `weibo_image` WHERE ( 1=1 AND tid='146' )  [ RunTime:0.0000s ]
SQL: SELECT `data` FROM `weibo_image` WHERE ( 1=1 AND tid='145' )  [ RunTime:0.0000s ]
SQL: SELECT `data` FROM `weibo_image` WHERE ( 1=1 AND tid='144' )  [ RunTime:0.0000s ]
SQL: SELECT `data` FROM `weibo_image` WHERE ( 1=1 AND tid='143' )  [ RunTime:0.0001s ]
SQL: SELECT `data` FROM `weibo_image` WHERE ( 1=1 AND tid='142' )  [ RunTime:0.0000s ]
SQL: SELECT `data` FROM `weibo_image` WHERE ( 1=1 AND tid='141' )  [ RunTime:0.0000s ]
SQL: SELECT `data` FROM `weibo_image` WHERE ( 1=1 AND tid='140' )  [ RunTime:0.0000s ]
SQL: SELECT `data` FROM `weibo_image` WHERE ( 1=1 AND tid='122' )  [ RunTime:0.0000s ]
SQL: SHOW COLUMNS FROM `weibo_topic` [ RunTime:0.0003s ]
SQL: SELECT a.id,a.content,a.content_over,a.create,a.uid,a.reid,a.recount,b.username,b.face,b.domain FROM weibo_topic a,weibo_user b WHERE ( a.uid=b.id AND a.id=147 ) LIMIT 1   [ RunTime:0.0001s ]
SQL: SELECT `data` FROM `weibo_image` WHERE ( 1=1 AND tid='147' )  [ RunTime:0.0000s ]
SQL: SHOW COLUMNS FROM `weibo_topic` [ RunTime:0.0003s ]
SQL: SELECT a.id,a.content,a.content_over,a.create,a.uid,a.reid,a.recount,b.username,b.face,b.domain FROM weibo_topic a,weibo_user b WHERE ( a.uid=b.id AND a.id=145 ) LIMIT 1   [ RunTime:0.0001s ]
SQL: SELECT `data` FROM `weibo_image` WHERE ( 1=1 AND tid='145' )  [ RunTime:0.0000s ]
SQL: SHOW COLUMNS FROM `weibo_topic` [ RunTime:0.0003s ]
SQL: SELECT a.id,a.content,a.content_over,a.create,a.uid,a.reid,a.recount,b.username,b.face,b.domain FROM weibo_topic a,weibo_user b WHERE ( a.uid=b.id AND a.id=140 ) LIMIT 1   [ RunTime:0.0000s ]
SQL: SELECT `data` FROM `weibo_image` WHERE ( 1=1 AND tid='140' )  [ RunTime:0.0000s ]
SQL: SHOW COLUMNS FROM `weibo_topic` [ RunTime:0.0003s ]
SQL: SELECT a.id,a.content,a.content_over,a.create,a.uid,a.reid,a.recount,b.username,b.face,b.domain FROM weibo_topic a,weibo_user b WHERE ( a.uid=b.id AND a.id=122 ) LIMIT 1   [ RunTime:0.0000s ]
SQL: SELECT `data` FROM `weibo_image` WHERE ( 1=1 AND tid='122' )  [ RunTime:0.0000s ]
INFO: [ view_parse ] --START--
INFO: [ template_filter ] --START--
INFO: Run Behavior\ContentReplaceBehavior [ RunTime:0.000124s ]
INFO: [ template_filter ] --END-- [ RunTime:0.000154s ]
NOTIC: [8] Undefined index: recount /data/wwwroot/default/weibo/weibo/Runtime/Cache/Home/297945e3053b9b0806e01a4c87378e3c.php 第 144 行.
NOTIC: [8] Undefined index: recount /data/wwwroot/default/weibo/weibo/Runtime/Cache/Home/297945e3053b9b0806e01a4c87378e3c.php 第 144 行.
NOTIC: [8] Undefined index: recount /data/wwwroot/default/weibo/weibo/Runtime/Cache/Home/297945e3053b9b0806e01a4c87378e3c.php 第 144 行.
NOTIC: [8] Undefined index: recount /data/wwwroot/default/weibo/weibo/Runtime/Cache/Home/297945e3053b9b0806e01a4c87378e3c.php 第 144 行.
NOTIC: [8] Undefined index: recount /data/wwwroot/default/weibo/weibo/Runtime/Cache/Home/297945e3053b9b0806e01a4c87378e3c.php 第 144 行.
NOTIC: [8] Undefined index: recount /data/wwwroot/default/weibo/weibo/Runtime/Cache/Home/297945e3053b9b0806e01a4c87378e3c.php 第 144 行.
INFO: Run Behavior\ParseTemplateBehavior [ RunTime:0.009122s ]
INFO: [ view_parse ] --END-- [ RunTime:0.009149s ]
INFO: [ view_filter ] --START--
INFO: Run Behavior\WriteHtmlCacheBehavior [ RunTime:0.000027s ]
INFO: [ view_filter ] --END-- [ RunTime:0.000044s ]
INFO: [ app_end ] --START--
INFO: Run Behavior\ShowPageTraceBehavior [ RunTime:0.000027s ]
INFO: [ app_end ] --END-- [ RunTime:0.000049s ]

[ 2017-08-29T13:32:44+08:00 ] 123.119.230.109 /weibo/Index/index.html
INFO: [ app_init ] --START--
INFO: Run Behavior\BuildLiteBehavior [ RunTime:0.000008s ]
INFO: [ app_init ] --END-- [ RunTime:0.000053s ]
INFO: [ app_begin ] --START--
INFO: Run Behavior\ReadHtmlCacheBehavior [ RunTime:0.000026s ]
INFO: [ app_begin ] --END-- [ RunTime:0.000049s ]
SQL: SHOW COLUMNS FROM `weibo_topic` [ RunTime:0.0004s ]
SQL: SHOW COLUMNS FROM `weibo_topic` [ RunTime:0.0003s ]
SQL: SELECT a.id,a.content,a.content_over,a.create,a.uid,a.reid,b.username,b.face,b.domain FROM weibo_topic a,weibo_user b WHERE ( a.uid=b.id ) ORDER BY a.create DESC LIMIT 0,10   [ RunTime:0.0001s ]
SQL: SHOW COLUMNS FROM `weibo_image` [ RunTime:0.0002s ]
SQL: SELECT `data` FROM `weibo_image` WHERE ( 1=1 AND tid='148' )  [ RunTime:0.0000s ]
SQL: SELECT `data` FROM `weibo_image` WHERE ( 1=1 AND tid='147' )  [ RunTime:0.0000s ]
SQL: SELECT `data` FROM `weibo_image` WHERE ( 1=1 AND tid='146' )  [ RunTime:0.0000s ]
SQL: SELECT `data` FROM `weibo_image` WHERE ( 1=1 AND tid='145' )  [ RunTime:0.0000s ]
SQL: SELECT `data` FROM `weibo_image` WHERE ( 1=1 AND tid='144' )  [ RunTime:0.0000s ]
SQL: SELECT `data` FROM `weibo_image` WHERE ( 1=1 AND tid='143' )  [ RunTime:0.0000s ]
SQL: SELECT `data` FROM `weibo_image` WHERE ( 1=1 AND tid='142' )  [ RunTime:0.0000s ]
SQL: SELECT `data` FROM `weibo_image` WHERE ( 1=1 AND tid='141' )  [ RunTime:0.0000s ]
SQL: SELECT `data` FROM `weibo_image` WHERE ( 1=1 AND tid='140' )  [ RunTime:0.0000s ]
SQL: SELECT `data` FROM `weibo_image` WHERE ( 1=1 AND tid='122' )  [ RunTime:0.0000s ]
SQL: SHOW COLUMNS FROM `weibo_topic` [ RunTime:0.0003s ]
SQL: SELECT a.id,a.content,a.content_over,a.create,a.uid,a.reid,a.recount,b.username,b.face,b.domain FROM weibo_topic a,weibo_user b WHERE ( a.uid=b.id AND a.id=147 ) LIMIT 1   [ RunTime:0.0001s ]
SQL: SELECT `data` FROM `weibo_image` WHERE ( 1=1 AND tid='147' )  [ RunTime:0.0000s ]
SQL: SHOW COLUMNS FROM `weibo_topic` [ RunTime:0.0003s ]
SQL: SELECT a.id,a.content,a.content_over,a.create,a.uid,a.reid,a.recount,b.username,b.face,b.domain FROM weibo_topic a,weibo_user b WHERE ( a.uid=b.id AND a.id=145 ) LIMIT 1   [ RunTime:0.0001s ]
SQL: SELECT `data` FROM `weibo_image` WHERE ( 1=1 AND tid='145' )  [ RunTime:0.0000s ]
SQL: SHOW COLUMNS FROM `weibo_topic` [ RunTime:0.0003s ]
SQL: SELECT a.id,a.content,a.content_over,a.create,a.uid,a.reid,a.recount,b.username,b.face,b.domain FROM weibo_topic a,weibo_user b WHERE ( a.uid=b.id AND a.id=140 ) LIMIT 1   [ RunTime:0.0000s ]
SQL: SELECT `data` FROM `weibo_image` WHERE ( 1=1 AND tid='140' )  [ RunTime:0.0000s ]
SQL: SHOW COLUMNS FROM `weibo_topic` [ RunTime:0.0003s ]
SQL: SELECT a.id,a.content,a.content_over,a.create,a.uid,a.reid,a.recount,b.username,b.face,b.domain FROM weibo_topic a,weibo_user b WHERE ( a.uid=b.id AND a.id=122 ) LIMIT 1   [ RunTime:0.0000s ]
SQL: SELECT `data` FROM `weibo_image` WHERE ( 1=1 AND tid='122' )  [ RunTime:0.0000s ]
INFO: [ view_parse ] --START--
INFO: [ template_filter ] --START--
INFO: Run Behavior\ContentReplaceBehavior [ RunTime:0.000126s ]
INFO: [ template_filter ] --END-- [ RunTime:0.000156s ]
NOTIC: [8] Undefined index: recount /data/wwwroot/default/weibo/weibo/Runtime/Cache/Home/297945e3053b9b0806e01a4c87378e3c.php 第 144 行.
NOTIC: [8] Undefined index: recount /data/wwwroot/default/weibo/weibo/Runtime/Cache/Home/297945e3053b9b0806e01a4c87378e3c.php 第 144 行.
NOTIC: [8] Undefined index: recount /data/wwwroot/default/weibo/weibo/Runtime/Cache/Home/297945e3053b9b0806e01a4c87378e3c.php 第 144 行.
NOTIC: [8] Undefined index: recount /data/wwwroot/default/weibo/weibo/Runtime/Cache/Home/297945e3053b9b0806e01a4c87378e3c.php 第 144 行.
NOTIC: [8] Undefined index: recount /data/wwwroot/default/weibo/weibo/Runtime/Cache/Home/297945e3053b9b0806e01a4c87378e3c.php 第 144 行.
NOTIC: [8] Undefined index: recount /data/wwwroot/default/weibo/weibo/Runtime/Cache/Home/297945e3053b9b0806e01a4c87378e3c.php 第 144 行.
INFO: Run Behavior\ParseTemplateBehavior [ RunTime:0.009007s ]
INFO: [ view_parse ] --END-- [ RunTime:0.009035s ]
INFO: [ view_filter ] --START--
INFO: Run Behavior\WriteHtmlCacheBehavior [ RunTime:0.000026s ]
INFO: [ view_filter ] --END-- [ RunTime:0.000044s ]
INFO: [ app_end ] --START--
INFO: Run Behavior\ShowPageTraceBehavior [ RunTime:0.000027s ]
INFO: [ app_end ] --END-- [ RunTime:0.000058s ]

[ 2017-08-29T13:32:44+08:00 ] 123.119.230.109 /weibo/Home/Topic/ajaxCount
INFO: [ app_init ] --START--
INFO: Run Behavior\BuildLiteBehavior [ RunTime:0.000008s ]
INFO: [ app_init ] --END-- [ RunTime:0.000053s ]
INFO: [ app_begin ] --START--
INFO: Run Behavior\ReadHtmlCacheBehavior [ RunTime:0.000023s ]
INFO: [ app_begin ] --END-- [ RunTime:0.000044s ]
SQL: SHOW COLUMNS FROM `weibo_topic` [ RunTime:0.0004s ]
SQL: SELECT COUNT(*) AS tp_count FROM `weibo_topic` WHERE ( 1=1 ) LIMIT 1   [ RunTime:0.0000s ]
INFO: [ app_end ] --START--
INFO: Run Behavior\ShowPageTraceBehavior [ RunTime:0.000028s ]
INFO: [ app_end ] --END-- [ RunTime:0.000050s ]

[ 2017-08-29T13:32:44+08:00 ] 123.119.230.109 /weibo/Home/Space/setUrl
INFO: [ app_init ] --START--
INFO: Run Behavior\BuildLiteBehavior [ RunTime:0.000007s ]
INFO: [ app_init ] --END-- [ RunTime:0.000044s ]
INFO: [ app_begin ] --START--
INFO: Run Behavior\ReadHtmlCacheBehavior [ RunTime:0.000021s ]
INFO: [ app_begin ] --END-- [ RunTime:0.000044s ]
SQL: SHOW COLUMNS FROM `weibo_user` [ RunTime:0.0003s ]
SQL: SELECT `id`,`domain` FROM `weibo_user` WHERE `username` = '鸣人' LIMIT 1   [ RunTime:0.0000s ]
INFO: [ app_end ] --START--
INFO: Run Behavior\ShowPageTraceBehavior [ RunTime:0.000029s ]
INFO: [ app_end ] --END-- [ RunTime:0.000060s ]

[ 2017-08-29T13:32:44+08:00 ] 123.119.230.109 /weibo/Home/Space/setUrl
INFO: [ app_init ] --START--
INFO: Run Behavior\BuildLiteBehavior [ RunTime:0.000007s ]
INFO: [ app_init ] --END-- [ RunTime:0.000043s ]
INFO: [ app_begin ] --START--
INFO: Run Behavior\ReadHtmlCacheBehavior [ RunTime:0.000020s ]
INFO: [ app_begin ] --END-- [ RunTime:0.000042s ]
SQL: SHOW COLUMNS FROM `weibo_user` [ RunTime:0.0003s ]
SQL: SELECT `id`,`domain` FROM `weibo_user` WHERE `username` = '小弟' LIMIT 1   [ RunTime:0.0000s ]

[ 2017-08-29T13:32:44+08:00 ] 123.119.230.109 /weibo/Home/Space/setUrl
INFO: [ app_init ] --START--
INFO: Run Behavior\BuildLiteBehavior [ RunTime:0.000022s ]
INFO: [ app_init ] --END-- [ RunTime:0.000059s ]
INFO: [ app_begin ] --START--
INFO: Run Behavior\ReadHtmlCacheBehavior [ RunTime:0.000025s ]
INFO: [ app_begin ] --END-- [ RunTime:0.000052s ]
SQL: SHOW COLUMNS FROM `weibo_user` [ RunTime:0.0003s ]
SQL: SELECT `id`,`domain` FROM `weibo_user` WHERE `username` = '小弟' LIMIT 1   [ RunTime:0.0000s ]

[ 2017-08-29T13:32:46+08:00 ] 123.119.230.109 /weibo/Home/Topic/ajaxList
INFO: [ app_init ] --START--
INFO: Run Behavior\BuildLiteBehavior [ RunTime:0.000010s ]
INFO: [ app_init ] --END-- [ RunTime:0.000076s ]
INFO: [ app_begin ] --START--
INFO: Run Behavior\ReadHtmlCacheBehavior [ RunTime:0.000026s ]
INFO: [ app_begin ] --END-- [ RunTime:0.000049s ]
SQL: SHOW COLUMNS FROM `weibo_topic` [ RunTime:0.0005s ]
SQL: SHOW COLUMNS FROM `weibo_topic` [ RunTime:0.0003s ]
SQL: SELECT a.id,a.content,a.content_over,a.create,a.uid,a.reid,b.username,b.face,b.domain FROM weibo_topic a,weibo_user b WHERE ( a.uid=b.id ) ORDER BY a.create DESC LIMIT 10,10   [ RunTime:0.0001s ]
SQL: SHOW COLUMNS FROM `weibo_image` [ RunTime:0.0003s ]
SQL: SELECT `data` FROM `weibo_image` WHERE ( 1=1 AND tid='121' )  [ RunTime:0.0001s ]
SQL: SELECT `data` FROM `weibo_image` WHERE ( 1=1 AND tid='120' )  [ RunTime:0.0001s ]
SQL: SELECT `data` FROM `weibo_image` WHERE ( 1=1 AND tid='119' )  [ RunTime:0.0000s ]
SQL: SELECT `data` FROM `weibo_image` WHERE ( 1=1 AND tid='118' )  [ RunTime:0.0000s ]
SQL: SELECT `data` FROM `weibo_image` WHERE ( 1=1 AND tid='117' )  [ RunTime:0.0000s ]
SQL: SELECT `data` FROM `weibo_image` WHERE ( 1=1 AND tid='116' )  [ RunTime:0.0000s ]
SQL: SELECT `data` FROM `weibo_image` WHERE ( 1=1 AND tid='115' )  [ RunTime:0.0000s ]
SQL: SELECT `data` FROM `weibo_image` WHERE ( 1=1 AND tid='114' )  [ RunTime:0.0000s ]
SQL: SELECT `data` FROM `weibo_image` WHERE ( 1=1 AND tid='113' )  [ RunTime:0.0000s ]
SQL: SELECT `data` FROM `weibo_image` WHERE ( 1=1 AND tid='112' )  [ RunTime:0.0000s ]
INFO: [ view_parse ] --START--
INFO: [ template_filter ] --START--
INFO: Run Behavior\ContentReplaceBehavior [ RunTime:0.000043s ]
INFO: [ template_filter ] --END-- [ RunTime:0.000071s ]
INFO: Run Behavior\ParseTemplateBehavior [ RunTime:0.002641s ]
INFO: [ view_parse ] --END-- [ RunTime:0.002680s ]
INFO: [ view_filter ] --START--
INFO: Run Behavior\WriteHtmlCacheBehavior [ RunTime:0.000029s ]
INFO: [ view_filter ] --END-- [ RunTime:0.000046s ]
INFO: [ app_end ] --START--
INFO: Run Behavior\ShowPageTraceBehavior [ RunTime:0.000022s ]
INFO: [ app_end ] --END-- [ RunTime:0.000039s ]

[ 2017-08-29T13:32:46+08:00 ] 123.119.230.109 /weibo/Home/Space/setUrl
INFO: [ app_init ] --START--
INFO: Run Behavior\BuildLiteBehavior [ RunTime:0.000007s ]
INFO: [ app_init ] --END-- [ RunTime:0.000051s ]
INFO: [ app_begin ] --START--
INFO: Run Behavior\ReadHtmlCacheBehavior [ RunTime:0.000021s ]
INFO: [ app_begin ] --END-- [ RunTime:0.000042s ]
SQL: SHOW COLUMNS FROM `weibo_user` [ RunTime:0.0003s ]
SQL: SELECT `id`,`domain` FROM `weibo_user` WHERE `username` = '梅西' LIMIT 1   [ RunTime:0.0000s ]
INFO: [ app_end ] --START--
INFO: Run Behavior\ShowPageTraceBehavior [ RunTime:0.000026s ]
INFO: [ app_end ] --END-- [ RunTime:0.000046s ]

[ 2017-08-29T13:32:46+08:00 ] 123.119.230.109 /weibo/Home/Space/setUrl
INFO: [ app_init ] --START--
INFO: Run Behavior\BuildLiteBehavior [ RunTime:0.000007s ]
INFO: [ app_init ] --END-- [ RunTime:0.000041s ]
INFO: [ app_begin ] --START--
INFO: Run Behavior\ReadHtmlCacheBehavior [ RunTime:0.000031s ]
INFO: [ app_begin ] --END-- [ RunTime:0.000053s ]
SQL: SHOW COLUMNS FROM `weibo_user` [ RunTime:0.0003s ]
SQL: SELECT `id`,`domain` FROM `weibo_user` WHERE `username` = '路飞' LIMIT 1   [ RunTime:0.0000s ]
INFO: [ app_end ] --START--
INFO: Run Behavior\ShowPageTraceBehavior [ RunTime:0.000035s ]
INFO: [ app_end ] --END-- [ RunTime:0.000056s ]

[ 2017-08-29T13:32:46+08:00 ] 123.119.230.109 /weibo/Home/Space/setUrl
INFO: [ app_init ] --START--
INFO: Run Behavior\BuildLiteBehavior [ RunTime:0.000007s ]
INFO: [ app_init ] --END-- [ RunTime:0.000041s ]
INFO: [ app_begin ] --START--
INFO: Run Behavior\ReadHtmlCacheBehavior [ RunTime:0.000019s ]
INFO: [ app_begin ] --END-- [ RunTime:0.000040s ]
SQL: SHOW COLUMNS FROM `weibo_user` [ RunTime:0.0003s ]
SQL: SELECT `id`,`domain` FROM `weibo_user` WHERE `username` = '鸣人' LIMIT 1   [ RunTime:0.0000s ]
INFO: [ app_end ] --START--
INFO: Run Behavior\ShowPageTraceBehavior [ RunTime:0.000025s ]
INFO: [ app_end ] --END-- [ RunTime:0.000051s ]

[ 2017-08-29T13:32:48+08:00 ] 123.119.230.109 /weibo/Home/Topic/ajaxList
INFO: [ app_init ] --START--
INFO: Run Behavior\BuildLiteBehavior [ RunTime:0.000009s ]
INFO: [ app_init ] --END-- [ RunTime:0.000060s ]
INFO: [ app_begin ] --START--
INFO: Run Behavior\ReadHtmlCacheBehavior [ RunTime:0.000031s ]
INFO: [ app_begin ] --END-- [ RunTime:0.000055s ]
SQL: SHOW COLUMNS FROM `weibo_topic` [ RunTime:0.0004s ]
SQL: SHOW COLUMNS FROM `weibo_topic` [ RunTime:0.0003s ]
SQL: SELECT a.id,a.content,a.content_over,a.create,a.uid,a.reid,b.username,b.face,b.domain FROM weibo_topic a,weibo_user b WHERE ( a.uid=b.id ) ORDER BY a.create DESC LIMIT 20,10   [ RunTime:0.0001s ]
SQL: SHOW COLUMNS FROM `weibo_image` [ RunTime:0.0002s ]
SQL: SELECT `data` FROM `weibo_image` WHERE ( 1=1 AND tid='111' )  [ RunTime:0.0000s ]
SQL: SELECT `data` FROM `weibo_image` WHERE ( 1=1 AND tid='110' )  [ RunTime:0.0000s ]
SQL: SELECT `data` FROM `weibo_image` WHERE ( 1=1 AND tid='109' )  [ RunTime:0.0000s ]
SQL: SELECT `data` FROM `weibo_image` WHERE ( 1=1 AND tid='108' )  [ RunTime:0.0000s ]
INFO: [ view_parse ] --START--
INFO: [ template_filter ] --START--
INFO: Run Behavior\ContentReplaceBehavior [ RunTime:0.000039s ]
INFO: [ template_filter ] --END-- [ RunTime:0.000068s ]
INFO: Run Behavior\ParseTemplateBehavior [ RunTime:0.002294s ]
INFO: [ view_parse ] --END-- [ RunTime:0.002321s ]
INFO: [ view_filter ] --START--
INFO: Run Behavior\WriteHtmlCacheBehavior [ RunTime:0.000025s ]
INFO: [ view_filter ] --END-- [ RunTime:0.000040s ]
INFO: [ app_end ] --START--
INFO: Run Behavior\ShowPageTraceBehavior [ RunTime:0.000021s ]
INFO: [ app_end ] --END-- [ RunTime:0.000035s ]

[ 2017-08-29T13:32:48+08:00 ] 123.119.230.109 /weibo/Home/Space/setUrl
INFO: [ app_init ] --START--
INFO: Run Behavior\BuildLiteBehavior [ RunTime:0.000007s ]
INFO: [ app_init ] --END-- [ RunTime:0.000045s ]
INFO: [ app_begin ] --START--
INFO: Run Behavior\ReadHtmlCacheBehavior [ RunTime:0.000021s ]
INFO: [ app_begin ] --END-- [ RunTime:0.000041s ]
SQL: SHOW COLUMNS FROM `weibo_user` [ RunTime:0.0004s ]
SQL: SELECT `id`,`domain` FROM `weibo_user` WHERE `username` = '鸣人' LIMIT 1   [ RunTime:0.0001s ]
INFO: [ app_end ] --START--
INFO: Run Behavior\ShowPageTraceBehavior [ RunTime:0.000027s ]
INFO: [ app_end ] --END-- [ RunTime:0.000055s ]

[ 2017-08-29T13:32:48+08:00 ] 123.119.230.109 /weibo/Home/Space/setUrl
INFO: [ app_init ] --START--
INFO: Run Behavior\BuildLiteBehavior [ RunTime:0.000008s ]
INFO: [ app_init ] --END-- [ RunTime:0.000048s ]
INFO: [ app_begin ] --START--
INFO: Run Behavior\ReadHtmlCacheBehavior [ RunTime:0.000023s ]
INFO: [ app_begin ] --END-- [ RunTime:0.000044s ]
SQL: SHOW COLUMNS FROM `weibo_user` [ RunTime:0.0004s ]
SQL: SELECT `id`,`domain` FROM `weibo_user` WHERE `username` = '梅西' LIMIT 1   [ RunTime:0.0000s ]
INFO: [ app_end ] --START--
INFO: Run Behavior\ShowPageTraceBehavior [ RunTime:0.000028s ]
INFO: [ app_end ] --END-- [ RunTime:0.000048s ]

[ 2017-08-29T15:58:30+08:00 ] 123.119.230.109 /weibo/
INFO: [ app_init ] --START--
INFO: Run Behavior\BuildLiteBehavior [ RunTime:0.000011s ]
INFO: [ app_init ] --END-- [ RunTime:0.000087s ]
INFO: [ app_begin ] --START--
INFO: Run Behavior\ReadHtmlCacheBehavior [ RunTime:0.000032s ]
INFO: [ app_begin ] --END-- [ RunTime:0.000056s ]

[ 2017-08-29T15:58:30+08:00 ] 123.119.230.109 /weibo/Login/index.html
INFO: [ app_init ] --START--
INFO: Run Behavior\BuildLiteBehavior [ RunTime:0.000007s ]
INFO: [ app_init ] --END-- [ RunTime:0.000046s ]
INFO: [ app_begin ] --START--
INFO: Run Behavior\ReadHtmlCacheBehavior [ RunTime:0.000023s ]
INFO: [ app_begin ] --END-- [ RunTime:0.000056s ]
INFO: [ view_parse ] --START--
INFO: [ template_filter ] --START--
INFO: Run Behavior\ContentReplaceBehavior [ RunTime:0.000039s ]
INFO: [ template_filter ] --END-- [ RunTime:0.000074s ]
INFO: Run Behavior\ParseTemplateBehavior [ RunTime:0.001465s ]
INFO: [ view_parse ] --END-- [ RunTime:0.001493s ]
INFO: [ view_filter ] --START--
INFO: Run Behavior\WriteHtmlCacheBehavior [ RunTime:0.000031s ]
INFO: [ view_filter ] --END-- [ RunTime:0.000047s ]
INFO: [ app_end ] --START--
INFO: Run Behavior\ShowPageTraceBehavior [ RunTime:0.000039s ]
INFO: [ app_end ] --END-- [ RunTime:0.000058s ]

[ 2017-08-29T15:58:30+08:00 ] 123.119.230.109 /weibo/Login/verify.html
INFO: [ app_init ] --START--
INFO: Run Behavior\BuildLiteBehavior [ RunTime:0.000011s ]
INFO: [ app_init ] --END-- [ RunTime:0.000076s ]
INFO: [ app_begin ] --START--
INFO: Run Behavior\ReadHtmlCacheBehavior [ RunTime:0.000025s ]
INFO: [ app_begin ] --END-- [ RunTime:0.000048s ]
INFO: [ app_end ] --START--
INFO: Run Behavior\ShowPageTraceBehavior [ RunTime:0.000029s ]
INFO: [ app_end ] --END-- [ RunTime:0.000057s ]

