[ 2017-05-19T08:14:56+08:00 ] ::1 /weibo/Index/index.html
INFO: [ app_init ] --START--
INFO: Run Behavior\BuildLiteBehavior [ RunTime:0.000122s ]
INFO: [ app_init ] --END-- [ RunTime:0.067169s ]
INFO: [ app_begin ] --START--
INFO: Run Behavior\ReadHtmlCacheBehavior [ RunTime:0.038237s ]
INFO: [ app_begin ] --END-- [ RunTime:0.038468s ]

[ 2017-05-19T08:14:57+08:00 ] ::1 /weibo/Login/index.html
INFO: [ app_init ] --START--
INFO: Run Behavior\BuildLiteBehavior [ RunTime:0.000031s ]
INFO: [ app_init ] --END-- [ RunTime:0.000574s ]
INFO: [ app_begin ] --START--
INFO: Run Behavior\ReadHtmlCacheBehavior [ RunTime:0.000662s ]
INFO: [ app_begin ] --END-- [ RunTime:0.000845s ]
INFO: [ view_parse ] --START--
INFO: [ template_filter ] --START--
INFO: Run Behavior\ContentReplaceBehavior [ RunTime:0.010465s ]
INFO: [ template_filter ] --END-- [ RunTime:0.010661s ]
INFO: Run Behavior\ParseTemplateBehavior [ RunTime:0.222725s ]
INFO: [ view_parse ] --END-- [ RunTime:0.222919s ]
INFO: [ view_filter ] --START--
INFO: Run Behavior\WriteHtmlCacheBehavior [ RunTime:0.020063s ]
INFO: [ view_filter ] --END-- [ RunTime:0.020258s ]
INFO: [ app_end ] --START--
INFO: Run Behavior\ShowPageTraceBehavior [ RunTime:0.031517s ]
INFO: [ app_end ] --END-- [ RunTime:0.031692s ]

