[ 2017-04-27T00:02:02+08:00 ] ::1 /weibo/Common
INFO: [ app_init ] --START--
INFO: Run Behavior\BuildLiteBehavior [ RunTime:0.000063s ]
INFO: [ app_init ] --END-- [ RunTime:0.000961s ]
INFO: [ app_begin ] --START--
INFO: Run Behavior\ReadHtmlCacheBehavior [ RunTime:0.001087s ]
INFO: [ app_begin ] --END-- [ RunTime:0.001266s ]
ERR: 无法加载控制器:Common

[ 2017-04-27T00:02:05+08:00 ] ::1 /weibo/Common
INFO: [ app_init ] --START--
INFO: Run Behavior\BuildLiteBehavior [ RunTime:0.000041s ]
INFO: [ app_init ] --END-- [ RunTime:0.000872s ]
INFO: [ app_begin ] --START--
INFO: Run Behavior\ReadHtmlCacheBehavior [ RunTime:0.000989s ]
INFO: [ app_begin ] --END-- [ RunTime:0.001181s ]
ERR: 无法加载控制器:Common

[ 2017-04-27T00:03:13+08:00 ] ::1 /weibo/
INFO: [ app_init ] --START--
INFO: Run Behavior\BuildLiteBehavior [ RunTime:0.000032s ]
INFO: [ app_init ] --END-- [ RunTime:0.000750s ]
INFO: [ app_begin ] --START--
INFO: Run Behavior\ReadHtmlCacheBehavior [ RunTime:0.000802s ]
INFO: [ app_begin ] --END-- [ RunTime:0.000957s ]
INFO: [ view_parse ] --START--
INFO: Run Behavior\ParseTemplateBehavior [ RunTime:0.000962s ]
INFO: [ view_parse ] --END-- [ RunTime:0.001197s ]
INFO: [ view_filter ] --START--
INFO: Run Behavior\WriteHtmlCacheBehavior [ RunTime:0.000636s ]
INFO: [ view_filter ] --END-- [ RunTime:0.000808s ]
INFO: [ app_end ] --START--
INFO: Run Behavior\ShowPageTraceBehavior [ RunTime:0.000735s ]
INFO: [ app_end ] --END-- [ RunTime:0.000915s ]

[ 2017-04-27T00:03:18+08:00 ] ::1 /weibo/Index
INFO: [ app_init ] --START--
INFO: Run Behavior\BuildLiteBehavior [ RunTime:0.000037s ]
INFO: [ app_init ] --END-- [ RunTime:0.000745s ]
INFO: [ app_begin ] --START--
INFO: Run Behavior\ReadHtmlCacheBehavior [ RunTime:0.000912s ]
INFO: [ app_begin ] --END-- [ RunTime:0.001079s ]
INFO: [ view_parse ] --START--
INFO: Run Behavior\ParseTemplateBehavior [ RunTime:0.000818s ]
INFO: [ view_parse ] --END-- [ RunTime:0.001006s ]
INFO: [ view_filter ] --START--
INFO: Run Behavior\WriteHtmlCacheBehavior [ RunTime:0.000527s ]
INFO: [ view_filter ] --END-- [ RunTime:0.000680s ]
INFO: [ app_end ] --START--
INFO: Run Behavior\ShowPageTraceBehavior [ RunTime:0.000694s ]
INFO: [ app_end ] --END-- [ RunTime:0.000851s ]

[ 2017-04-27T00:07:20+08:00 ] ::1 /weibo/Login/index
INFO: [ app_init ] --START--
INFO: Run Behavior\BuildLiteBehavior [ RunTime:0.000036s ]
INFO: [ app_init ] --END-- [ RunTime:0.000714s ]
INFO: [ app_begin ] --START--
INFO: Run Behavior\ReadHtmlCacheBehavior [ RunTime:0.001252s ]
INFO: [ app_begin ] --END-- [ RunTime:0.001540s ]
INFO: [ app_end ] --START--
INFO: Run Behavior\ShowPageTraceBehavior [ RunTime:0.000844s ]
INFO: [ app_end ] --END-- [ RunTime:0.001015s ]

[ 2017-04-27T00:12:16+08:00 ] ::1 /weibo/Login/index
INFO: [ app_init ] --START--
INFO: Run Behavior\BuildLiteBehavior [ RunTime:0.000037s ]
INFO: [ app_init ] --END-- [ RunTime:0.000844s ]
INFO: [ app_begin ] --START--
INFO: Run Behavior\ReadHtmlCacheBehavior [ RunTime:0.000998s ]
INFO: [ app_begin ] --END-- [ RunTime:0.001177s ]
INFO: [ app_end ] --START--
INFO: Run Behavior\ShowPageTraceBehavior [ RunTime:0.000853s ]
INFO: [ app_end ] --END-- [ RunTime:0.001029s ]

[ 2017-04-27T00:12:34+08:00 ] ::1 /weibo/Login/index
INFO: [ app_init ] --START--
INFO: Run Behavior\BuildLiteBehavior [ RunTime:0.000036s ]
INFO: [ app_init ] --END-- [ RunTime:0.000714s ]
INFO: [ app_begin ] --START--
INFO: Run Behavior\ReadHtmlCacheBehavior [ RunTime:0.000937s ]
INFO: [ app_begin ] --END-- [ RunTime:0.001148s ]
ERR: 模板不存在:./weibo/Home/View/Default/Login/index.tpl

[ 2017-04-27T21:17:57+08:00 ] ::1 /weibo/
INFO: [ app_init ] --START--
INFO: Run Behavior\BuildLiteBehavior [ RunTime:0.000039s ]
INFO: [ app_init ] --END-- [ RunTime:0.019070s ]
INFO: [ app_begin ] --START--
INFO: Run Behavior\ReadHtmlCacheBehavior [ RunTime:0.030436s ]
INFO: [ app_begin ] --END-- [ RunTime:0.030627s ]
INFO: [ view_parse ] --START--
INFO: Run Behavior\ParseTemplateBehavior [ RunTime:0.023652s ]
INFO: [ view_parse ] --END-- [ RunTime:0.023850s ]
INFO: [ view_filter ] --START--
INFO: Run Behavior\WriteHtmlCacheBehavior [ RunTime:0.028423s ]
INFO: [ view_filter ] --END-- [ RunTime:0.028597s ]
INFO: [ app_end ] --START--
INFO: Run Behavior\ShowPageTraceBehavior [ RunTime:0.032355s ]
INFO: [ app_end ] --END-- [ RunTime:0.032697s ]

[ 2017-04-27T21:18:12+08:00 ] ::1 /weibo/PUBLIC/.MODULE_NAME/js/jquery.js
INFO: [ app_init ] --START--
INFO: Run Behavior\BuildLiteBehavior [ RunTime:0.000071s ]
INFO: [ app_init ] --END-- [ RunTime:0.000975s ]
INFO: [ app_begin ] --START--
INFO: Run Behavior\ReadHtmlCacheBehavior [ RunTime:0.001490s ]
INFO: [ app_begin ] --END-- [ RunTime:0.001830s ]
ERR: 无法加载控制器:Public

[ 2017-04-27T21:19:07+08:00 ] ::1 /weibo/PUBLIC/.MODULE_NAME/js/jquery.js
INFO: [ app_init ] --START--
INFO: Run Behavior\BuildLiteBehavior [ RunTime:0.000037s ]
INFO: [ app_init ] --END-- [ RunTime:0.000750s ]
INFO: [ app_begin ] --START--
INFO: Run Behavior\ReadHtmlCacheBehavior [ RunTime:0.001338s ]
INFO: [ app_begin ] --END-- [ RunTime:0.001667s ]
ERR: 无法加载控制器:Public

[ 2017-04-27T21:19:09+08:00 ] ::1 /weibo/PUBLIC/.MODULE_NAME/js/jquery.js
INFO: [ app_init ] --START--
INFO: Run Behavior\BuildLiteBehavior [ RunTime:0.000036s ]
INFO: [ app_init ] --END-- [ RunTime:0.000707s ]
INFO: [ app_begin ] --START--
INFO: Run Behavior\ReadHtmlCacheBehavior [ RunTime:0.000946s ]
INFO: [ app_begin ] --END-- [ RunTime:0.001127s ]
ERR: 无法加载控制器:Public

[ 2017-04-27T21:25:38+08:00 ] ::1 /weibo/
INFO: [ app_init ] --START--
INFO: Run Behavior\BuildLiteBehavior [ RunTime:0.000033s ]
INFO: [ app_init ] --END-- [ RunTime:0.000740s ]
INFO: [ app_begin ] --START--
INFO: Run Behavior\ReadHtmlCacheBehavior [ RunTime:0.000913s ]
INFO: [ app_begin ] --END-- [ RunTime:0.001105s ]
INFO: [ view_parse ] --START--
INFO: Run Behavior\ParseTemplateBehavior [ RunTime:0.000711s ]
INFO: [ view_parse ] --END-- [ RunTime:0.000885s ]
INFO: [ view_filter ] --START--
INFO: Run Behavior\WriteHtmlCacheBehavior [ RunTime:0.000544s ]
INFO: [ view_filter ] --END-- [ RunTime:0.000697s ]
INFO: [ app_end ] --START--
INFO: Run Behavior\ShowPageTraceBehavior [ RunTime:0.000823s ]
INFO: [ app_end ] --END-- [ RunTime:0.000989s ]

[ 2017-04-27T21:25:45+08:00 ] ::1 /weibo/Index
INFO: [ app_init ] --START--
INFO: Run Behavior\BuildLiteBehavior [ RunTime:0.000041s ]
INFO: [ app_init ] --END-- [ RunTime:0.001010s ]
INFO: [ app_begin ] --START--
INFO: Run Behavior\ReadHtmlCacheBehavior [ RunTime:0.000972s ]
INFO: [ app_begin ] --END-- [ RunTime:0.001155s ]
INFO: [ view_parse ] --START--
INFO: Run Behavior\ParseTemplateBehavior [ RunTime:0.000770s ]
INFO: [ view_parse ] --END-- [ RunTime:0.000949s ]
INFO: [ view_filter ] --START--
INFO: Run Behavior\WriteHtmlCacheBehavior [ RunTime:0.000601s ]
INFO: [ view_filter ] --END-- [ RunTime:0.000768s ]
INFO: [ app_end ] --START--
INFO: Run Behavior\ShowPageTraceBehavior [ RunTime:0.000806s ]
INFO: [ app_end ] --END-- [ RunTime:0.000973s ]

[ 2017-04-27T21:26:15+08:00 ] ::1 /weibo/Login/index
INFO: [ app_init ] --START--
INFO: Run Behavior\BuildLiteBehavior [ RunTime:0.000033s ]
INFO: [ app_init ] --END-- [ RunTime:0.000701s ]
INFO: [ app_begin ] --START--
INFO: Run Behavior\ReadHtmlCacheBehavior [ RunTime:0.000829s ]
INFO: [ app_begin ] --END-- [ RunTime:0.000995s ]
ERR: 模板不存在:./weibo/Home/View/Default/Login/index.tpl

[ 2017-04-27T21:27:08+08:00 ] ::1 /weibo/Login/index
INFO: [ app_init ] --START--
INFO: Run Behavior\BuildLiteBehavior [ RunTime:0.000033s ]
INFO: [ app_init ] --END-- [ RunTime:0.000679s ]
INFO: [ app_begin ] --START--
INFO: Run Behavior\ReadHtmlCacheBehavior [ RunTime:0.000819s ]
INFO: [ app_begin ] --END-- [ RunTime:0.000985s ]
ERR: 模板不存在:./weibo/Home/View/Default/Login/index.tpl

[ 2017-04-27T21:27:09+08:00 ] ::1 /weibo/Login/index
INFO: [ app_init ] --START--
INFO: Run Behavior\BuildLiteBehavior [ RunTime:0.000034s ]
INFO: [ app_init ] --END-- [ RunTime:0.000681s ]
INFO: [ app_begin ] --START--
INFO: Run Behavior\ReadHtmlCacheBehavior [ RunTime:0.000851s ]
INFO: [ app_begin ] --END-- [ RunTime:0.001018s ]
ERR: 模板不存在:./weibo/Home/View/Default/Login/index.tpl

[ 2017-04-27T21:27:10+08:00 ] ::1 /weibo/Login/index
INFO: [ app_init ] --START--
INFO: Run Behavior\BuildLiteBehavior [ RunTime:0.000076s ]
INFO: [ app_init ] --END-- [ RunTime:0.001346s ]
INFO: [ app_begin ] --START--
INFO: Run Behavior\ReadHtmlCacheBehavior [ RunTime:0.001087s ]
INFO: [ app_begin ] --END-- [ RunTime:0.001294s ]
ERR: 模板不存在:./weibo/Home/View/Default/Login/index.tpl

[ 2017-04-27T21:27:19+08:00 ] ::1 /weibo/Login/index
INFO: [ app_init ] --START--
INFO: Run Behavior\BuildLiteBehavior [ RunTime:0.000066s ]
INFO: [ app_init ] --END-- [ RunTime:0.001210s ]
INFO: [ app_begin ] --START--
INFO: Run Behavior\ReadHtmlCacheBehavior [ RunTime:0.001484s ]
INFO: [ app_begin ] --END-- [ RunTime:0.001832s ]
INFO: [ view_parse ] --START--
INFO: [ template_filter ] --START--
INFO: Run Behavior\ContentReplaceBehavior [ RunTime:0.000168s ]
INFO: [ template_filter ] --END-- [ RunTime:0.000449s ]
INFO: Run Behavior\ParseTemplateBehavior [ RunTime:0.025076s ]
INFO: [ view_parse ] --END-- [ RunTime:0.025788s ]
INFO: [ view_filter ] --START--
INFO: Run Behavior\WriteHtmlCacheBehavior [ RunTime:0.000798s ]
INFO: [ view_filter ] --END-- [ RunTime:0.001073s ]
INFO: [ app_end ] --START--
INFO: Run Behavior\ShowPageTraceBehavior [ RunTime:0.000967s ]
INFO: [ app_end ] --END-- [ RunTime:0.001184s ]

[ 2017-04-27T21:27:19+08:00 ] ::1 /weibo/Public/Home/jquery.js
INFO: [ app_init ] --START--
INFO: Run Behavior\BuildLiteBehavior [ RunTime:0.000058s ]
INFO: [ app_init ] --END-- [ RunTime:0.001106s ]
INFO: [ app_begin ] --START--
INFO: Run Behavior\ReadHtmlCacheBehavior [ RunTime:0.001667s ]
INFO: [ app_begin ] --END-- [ RunTime:0.002017s ]
ERR: 无法加载控制器:Public

[ 2017-04-27T21:29:00+08:00 ] ::1 /weibo/Login/index
INFO: [ app_init ] --START--
INFO: Run Behavior\BuildLiteBehavior [ RunTime:0.000037s ]
INFO: [ app_init ] --END-- [ RunTime:0.000799s ]
INFO: [ app_begin ] --START--
INFO: Run Behavior\ReadHtmlCacheBehavior [ RunTime:0.001077s ]
INFO: [ app_begin ] --END-- [ RunTime:0.001272s ]
INFO: [ view_parse ] --START--
INFO: [ template_filter ] --START--
INFO: Run Behavior\ContentReplaceBehavior [ RunTime:0.000107s ]
INFO: [ template_filter ] --END-- [ RunTime:0.000288s ]
INFO: Run Behavior\ParseTemplateBehavior [ RunTime:0.020971s ]
INFO: [ view_parse ] --END-- [ RunTime:0.021235s ]
INFO: [ view_filter ] --START--
INFO: Run Behavior\WriteHtmlCacheBehavior [ RunTime:0.000656s ]
INFO: [ view_filter ] --END-- [ RunTime:0.000812s ]
INFO: [ app_end ] --START--
INFO: Run Behavior\ShowPageTraceBehavior [ RunTime:0.000908s ]
INFO: [ app_end ] --END-- [ RunTime:0.001078s ]

[ 2017-04-27T21:34:07+08:00 ] ::1 /weibo/Login/index
INFO: [ app_init ] --START--
INFO: Run Behavior\BuildLiteBehavior [ RunTime:0.000036s ]
INFO: [ app_init ] --END-- [ RunTime:0.000817s ]
NOTIC: [8] Use of undefined constant MOUDLE_NAME - assumed 'MOUDLE_NAME' D:\wamp64\www\weibo\weibo\Home\Conf\config.php 第 7 行.
NOTIC: [8] Use of undefined constant MOUDLE_NAME - assumed 'MOUDLE_NAME' D:\wamp64\www\weibo\weibo\Home\Conf\config.php 第 8 行.
INFO: [ app_begin ] --START--
INFO: Run Behavior\ReadHtmlCacheBehavior [ RunTime:0.001158s ]
INFO: [ app_begin ] --END-- [ RunTime:0.001365s ]
INFO: [ view_parse ] --START--
INFO: [ template_filter ] --START--
INFO: Run Behavior\ContentReplaceBehavior [ RunTime:0.000110s ]
INFO: [ template_filter ] --END-- [ RunTime:0.000288s ]
INFO: Run Behavior\ParseTemplateBehavior [ RunTime:0.016499s ]
INFO: [ view_parse ] --END-- [ RunTime:0.016691s ]
INFO: [ view_filter ] --START--
INFO: Run Behavior\WriteHtmlCacheBehavior [ RunTime:0.000617s ]
INFO: [ view_filter ] --END-- [ RunTime:0.000763s ]
INFO: [ app_end ] --START--
INFO: Run Behavior\ShowPageTraceBehavior [ RunTime:0.000859s ]
INFO: [ app_end ] --END-- [ RunTime:0.001012s ]

[ 2017-04-27T21:42:39+08:00 ] ::1 /weibo/Login/index
INFO: [ app_init ] --START--
INFO: Run Behavior\BuildLiteBehavior [ RunTime:0.000036s ]
INFO: [ app_init ] --END-- [ RunTime:0.000945s ]
NOTIC: [8] Use of undefined constant MOUDLE_NAME - assumed 'MOUDLE_NAME' D:\wamp64\www\weibo\weibo\Home\Conf\config.php 第 7 行.
NOTIC: [8] Use of undefined constant MOUDLE_NAME - assumed 'MOUDLE_NAME' D:\wamp64\www\weibo\weibo\Home\Conf\config.php 第 8 行.
INFO: [ app_begin ] --START--
INFO: Run Behavior\ReadHtmlCacheBehavior [ RunTime:0.000965s ]
INFO: [ app_begin ] --END-- [ RunTime:0.001151s ]
INFO: [ view_parse ] --START--
INFO: [ template_filter ] --START--
INFO: Run Behavior\ContentReplaceBehavior [ RunTime:0.000115s ]
INFO: [ template_filter ] --END-- [ RunTime:0.000292s ]
INFO: Run Behavior\ParseTemplateBehavior [ RunTime:0.016761s ]
INFO: [ view_parse ] --END-- [ RunTime:0.017035s ]
INFO: [ view_filter ] --START--
INFO: Run Behavior\WriteHtmlCacheBehavior [ RunTime:0.001157s ]
INFO: [ view_filter ] --END-- [ RunTime:0.001427s ]
INFO: [ app_end ] --START--
INFO: Run Behavior\ShowPageTraceBehavior [ RunTime:0.001213s ]
INFO: [ app_end ] --END-- [ RunTime:0.001431s ]

[ 2017-04-27T21:42:39+08:00 ] ::1 /weibo/Public/MOUDLE_NAME/css/jquery-ui.css
INFO: [ app_init ] --START--
INFO: Run Behavior\BuildLiteBehavior [ RunTime:0.000072s ]
INFO: [ app_init ] --END-- [ RunTime:0.001161s ]
NOTIC: [8] Use of undefined constant MOUDLE_NAME - assumed 'MOUDLE_NAME' D:\wamp64\www\weibo\weibo\Home\Conf\config.php 第 7 行.
NOTIC: [8] Use of undefined constant MOUDLE_NAME - assumed 'MOUDLE_NAME' D:\wamp64\www\weibo\weibo\Home\Conf\config.php 第 8 行.
INFO: [ app_begin ] --START--
INFO: Run Behavior\ReadHtmlCacheBehavior [ RunTime:0.001346s ]
INFO: [ app_begin ] --END-- [ RunTime:0.001688s ]
ERR: 无法加载控制器:Public

[ 2017-04-27T21:42:39+08:00 ] ::1 /weibo/Public/MOUDLE_NAME/css/login.css
INFO: [ app_init ] --START--
INFO: Run Behavior\BuildLiteBehavior [ RunTime:0.000074s ]
INFO: [ app_init ] --END-- [ RunTime:0.001251s ]
NOTIC: [8] Use of undefined constant MOUDLE_NAME - assumed 'MOUDLE_NAME' D:\wamp64\www\weibo\weibo\Home\Conf\config.php 第 7 行.
NOTIC: [8] Use of undefined constant MOUDLE_NAME - assumed 'MOUDLE_NAME' D:\wamp64\www\weibo\weibo\Home\Conf\config.php 第 8 行.
INFO: [ app_begin ] --START--
INFO: Run Behavior\ReadHtmlCacheBehavior [ RunTime:0.001419s ]
INFO: [ app_begin ] --END-- [ RunTime:0.001892s ]
ERR: 无法加载控制器:Public

[ 2017-04-27T21:42:41+08:00 ] ::1 /weibo/Public/MOUDLE_NAME/css/login.css
INFO: [ app_init ] --START--
INFO: Run Behavior\BuildLiteBehavior [ RunTime:0.000065s ]
INFO: [ app_init ] --END-- [ RunTime:0.001074s ]
NOTIC: [8] Use of undefined constant MOUDLE_NAME - assumed 'MOUDLE_NAME' D:\wamp64\www\weibo\weibo\Home\Conf\config.php 第 7 行.
NOTIC: [8] Use of undefined constant MOUDLE_NAME - assumed 'MOUDLE_NAME' D:\wamp64\www\weibo\weibo\Home\Conf\config.php 第 8 行.
INFO: [ app_begin ] --START--
INFO: Run Behavior\ReadHtmlCacheBehavior [ RunTime:0.001147s ]
INFO: [ app_begin ] --END-- [ RunTime:0.001456s ]
ERR: 无法加载控制器:Public

[ 2017-04-27T21:42:41+08:00 ] ::1 /weibo/Public/MOUDLE_NAME/css/jquery-ui.css
INFO: [ app_init ] --START--
INFO: Run Behavior\BuildLiteBehavior [ RunTime:0.000061s ]
INFO: [ app_init ] --END-- [ RunTime:0.001089s ]
NOTIC: [8] Use of undefined constant MOUDLE_NAME - assumed 'MOUDLE_NAME' D:\wamp64\www\weibo\weibo\Home\Conf\config.php 第 7 行.
NOTIC: [8] Use of undefined constant MOUDLE_NAME - assumed 'MOUDLE_NAME' D:\wamp64\www\weibo\weibo\Home\Conf\config.php 第 8 行.
INFO: [ app_begin ] --START--
INFO: Run Behavior\ReadHtmlCacheBehavior [ RunTime:0.001381s ]
INFO: [ app_begin ] --END-- [ RunTime:0.001752s ]
ERR: 无法加载控制器:Public

[ 2017-04-27T21:42:49+08:00 ] ::1 /weibo/Login/index
INFO: [ app_init ] --START--
INFO: Run Behavior\BuildLiteBehavior [ RunTime:0.000037s ]
INFO: [ app_init ] --END-- [ RunTime:0.000706s ]
NOTIC: [8] Use of undefined constant MOUDLE_NAME - assumed 'MOUDLE_NAME' D:\wamp64\www\weibo\weibo\Home\Conf\config.php 第 7 行.
NOTIC: [8] Use of undefined constant MOUDLE_NAME - assumed 'MOUDLE_NAME' D:\wamp64\www\weibo\weibo\Home\Conf\config.php 第 8 行.
INFO: [ app_begin ] --START--
INFO: Run Behavior\ReadHtmlCacheBehavior [ RunTime:0.001029s ]
INFO: [ app_begin ] --END-- [ RunTime:0.001209s ]
INFO: [ view_parse ] --START--
INFO: [ template_filter ] --START--
INFO: Run Behavior\ContentReplaceBehavior [ RunTime:0.000115s ]
INFO: [ template_filter ] --END-- [ RunTime:0.000298s ]
INFO: Run Behavior\ParseTemplateBehavior [ RunTime:0.007965s ]
INFO: [ view_parse ] --END-- [ RunTime:0.008161s ]
INFO: [ view_filter ] --START--
INFO: Run Behavior\WriteHtmlCacheBehavior [ RunTime:0.000565s ]
INFO: [ view_filter ] --END-- [ RunTime:0.000717s ]
INFO: [ app_end ] --START--
INFO: Run Behavior\ShowPageTraceBehavior [ RunTime:0.000674s ]
INFO: [ app_end ] --END-- [ RunTime:0.000831s ]

[ 2017-04-27T21:42:49+08:00 ] ::1 /weibo/Public/MOUDLE_NAME/css/jquery-ui.css
INFO: [ app_init ] --START--
INFO: Run Behavior\BuildLiteBehavior [ RunTime:0.000036s ]
INFO: [ app_init ] --END-- [ RunTime:0.000736s ]
NOTIC: [8] Use of undefined constant MOUDLE_NAME - assumed 'MOUDLE_NAME' D:\wamp64\www\weibo\weibo\Home\Conf\config.php 第 7 行.
NOTIC: [8] Use of undefined constant MOUDLE_NAME - assumed 'MOUDLE_NAME' D:\wamp64\www\weibo\weibo\Home\Conf\config.php 第 8 行.
INFO: [ app_begin ] --START--
INFO: Run Behavior\ReadHtmlCacheBehavior [ RunTime:0.000965s ]
INFO: [ app_begin ] --END-- [ RunTime:0.001137s ]
ERR: 无法加载控制器:Public

[ 2017-04-27T21:42:49+08:00 ] ::1 /weibo/Public/MOUDLE_NAME/css/login.css
INFO: [ app_init ] --START--
INFO: Run Behavior\BuildLiteBehavior [ RunTime:0.000065s ]
INFO: [ app_init ] --END-- [ RunTime:0.001069s ]
NOTIC: [8] Use of undefined constant MOUDLE_NAME - assumed 'MOUDLE_NAME' D:\wamp64\www\weibo\weibo\Home\Conf\config.php 第 7 行.
NOTIC: [8] Use of undefined constant MOUDLE_NAME - assumed 'MOUDLE_NAME' D:\wamp64\www\weibo\weibo\Home\Conf\config.php 第 8 行.
INFO: [ app_begin ] --START--
INFO: Run Behavior\ReadHtmlCacheBehavior [ RunTime:0.001036s ]
INFO: [ app_begin ] --END-- [ RunTime:0.001360s ]
ERR: 无法加载控制器:Public

[ 2017-04-27T21:42:49+08:00 ] ::1 /weibo/Public/MOUDLE_NAME/css/login.css
INFO: [ app_init ] --START--
INFO: Run Behavior\BuildLiteBehavior [ RunTime:0.000064s ]
INFO: [ app_init ] --END-- [ RunTime:0.001165s ]
NOTIC: [8] Use of undefined constant MOUDLE_NAME - assumed 'MOUDLE_NAME' D:\wamp64\www\weibo\weibo\Home\Conf\config.php 第 7 行.
NOTIC: [8] Use of undefined constant MOUDLE_NAME - assumed 'MOUDLE_NAME' D:\wamp64\www\weibo\weibo\Home\Conf\config.php 第 8 行.
INFO: [ app_begin ] --START--
INFO: Run Behavior\ReadHtmlCacheBehavior [ RunTime:0.001258s ]
INFO: [ app_begin ] --END-- [ RunTime:0.001635s ]
ERR: 无法加载控制器:Public

[ 2017-04-27T21:42:49+08:00 ] ::1 /weibo/Public/MOUDLE_NAME/css/jquery-ui.css
INFO: [ app_init ] --START--
INFO: Run Behavior\BuildLiteBehavior [ RunTime:0.000063s ]
INFO: [ app_init ] --END-- [ RunTime:0.001144s ]
NOTIC: [8] Use of undefined constant MOUDLE_NAME - assumed 'MOUDLE_NAME' D:\wamp64\www\weibo\weibo\Home\Conf\config.php 第 7 行.
NOTIC: [8] Use of undefined constant MOUDLE_NAME - assumed 'MOUDLE_NAME' D:\wamp64\www\weibo\weibo\Home\Conf\config.php 第 8 行.
INFO: [ app_begin ] --START--
INFO: Run Behavior\ReadHtmlCacheBehavior [ RunTime:0.001866s ]
INFO: [ app_begin ] --END-- [ RunTime:0.002323s ]
ERR: 无法加载控制器:Public

[ 2017-04-27T21:42:51+08:00 ] ::1 /weibo/Login/index
INFO: [ app_init ] --START--
INFO: Run Behavior\BuildLiteBehavior [ RunTime:0.000037s ]
INFO: [ app_init ] --END-- [ RunTime:0.000894s ]
NOTIC: [8] Use of undefined constant MOUDLE_NAME - assumed 'MOUDLE_NAME' D:\wamp64\www\weibo\weibo\Home\Conf\config.php 第 7 行.
NOTIC: [8] Use of undefined constant MOUDLE_NAME - assumed 'MOUDLE_NAME' D:\wamp64\www\weibo\weibo\Home\Conf\config.php 第 8 行.
INFO: [ app_begin ] --START--
INFO: Run Behavior\ReadHtmlCacheBehavior [ RunTime:0.000763s ]
INFO: [ app_begin ] --END-- [ RunTime:0.000936s ]
INFO: [ view_parse ] --START--
INFO: [ template_filter ] --START--
INFO: Run Behavior\ContentReplaceBehavior [ RunTime:0.000133s ]
INFO: [ template_filter ] --END-- [ RunTime:0.000337s ]
INFO: Run Behavior\ParseTemplateBehavior [ RunTime:0.011288s ]
INFO: [ view_parse ] --END-- [ RunTime:0.011623s ]
INFO: [ view_filter ] --START--
INFO: Run Behavior\WriteHtmlCacheBehavior [ RunTime:0.000852s ]
INFO: [ view_filter ] --END-- [ RunTime:0.001085s ]
INFO: [ app_end ] --START--
INFO: Run Behavior\ShowPageTraceBehavior [ RunTime:0.001067s ]
INFO: [ app_end ] --END-- [ RunTime:0.001298s ]

[ 2017-04-27T21:42:51+08:00 ] ::1 /weibo/Public/MOUDLE_NAME/css/jquery-ui.css
INFO: [ app_init ] --START--
INFO: Run Behavior\BuildLiteBehavior [ RunTime:0.000070s ]
INFO: [ app_init ] --END-- [ RunTime:0.001174s ]
NOTIC: [8] Use of undefined constant MOUDLE_NAME - assumed 'MOUDLE_NAME' D:\wamp64\www\weibo\weibo\Home\Conf\config.php 第 7 行.
NOTIC: [8] Use of undefined constant MOUDLE_NAME - assumed 'MOUDLE_NAME' D:\wamp64\www\weibo\weibo\Home\Conf\config.php 第 8 行.
INFO: [ app_begin ] --START--
INFO: Run Behavior\ReadHtmlCacheBehavior [ RunTime:0.001167s ]
INFO: [ app_begin ] --END-- [ RunTime:0.001511s ]
ERR: 无法加载控制器:Public

[ 2017-04-27T21:42:51+08:00 ] ::1 /weibo/Public/MOUDLE_NAME/css/login.css
INFO: [ app_init ] --START--
INFO: Run Behavior\BuildLiteBehavior [ RunTime:0.000075s ]
INFO: [ app_init ] --END-- [ RunTime:0.001057s ]
NOTIC: [8] Use of undefined constant MOUDLE_NAME - assumed 'MOUDLE_NAME' D:\wamp64\www\weibo\weibo\Home\Conf\config.php 第 7 行.
NOTIC: [8] Use of undefined constant MOUDLE_NAME - assumed 'MOUDLE_NAME' D:\wamp64\www\weibo\weibo\Home\Conf\config.php 第 8 行.
INFO: [ app_begin ] --START--
INFO: Run Behavior\ReadHtmlCacheBehavior [ RunTime:0.001537s ]
INFO: [ app_begin ] --END-- [ RunTime:0.001910s ]
ERR: 无法加载控制器:Public

[ 2017-04-27T21:42:52+08:00 ] ::1 /weibo/Public/MOUDLE_NAME/css/jquery-ui.css
INFO: [ app_init ] --START--
INFO: Run Behavior\BuildLiteBehavior [ RunTime:0.000068s ]
INFO: [ app_init ] --END-- [ RunTime:0.001042s ]
NOTIC: [8] Use of undefined constant MOUDLE_NAME - assumed 'MOUDLE_NAME' D:\wamp64\www\weibo\weibo\Home\Conf\config.php 第 7 行.
NOTIC: [8] Use of undefined constant MOUDLE_NAME - assumed 'MOUDLE_NAME' D:\wamp64\www\weibo\weibo\Home\Conf\config.php 第 8 行.
INFO: [ app_begin ] --START--
INFO: Run Behavior\ReadHtmlCacheBehavior [ RunTime:0.001176s ]
INFO: [ app_begin ] --END-- [ RunTime:0.001521s ]
ERR: 无法加载控制器:Public

[ 2017-04-27T21:42:52+08:00 ] ::1 /weibo/Public/MOUDLE_NAME/css/login.css
INFO: [ app_init ] --START--
INFO: Run Behavior\BuildLiteBehavior [ RunTime:0.000064s ]
INFO: [ app_init ] --END-- [ RunTime:0.001057s ]
NOTIC: [8] Use of undefined constant MOUDLE_NAME - assumed 'MOUDLE_NAME' D:\wamp64\www\weibo\weibo\Home\Conf\config.php 第 7 行.
NOTIC: [8] Use of undefined constant MOUDLE_NAME - assumed 'MOUDLE_NAME' D:\wamp64\www\weibo\weibo\Home\Conf\config.php 第 8 行.
INFO: [ app_begin ] --START--
INFO: Run Behavior\ReadHtmlCacheBehavior [ RunTime:0.001217s ]
INFO: [ app_begin ] --END-- [ RunTime:0.001477s ]
ERR: 无法加载控制器:Public

[ 2017-04-27T21:44:02+08:00 ] ::1 /weibo/Login/index
INFO: [ app_init ] --START--
INFO: Run Behavior\BuildLiteBehavior [ RunTime:0.000038s ]
INFO: [ app_init ] --END-- [ RunTime:0.000731s ]
NOTIC: [8] Use of undefined constant MOUDLE_NAME - assumed 'MOUDLE_NAME' D:\wamp64\www\weibo\weibo\Home\Conf\config.php 第 7 行.
NOTIC: [8] Use of undefined constant MOUDLE_NAME - assumed 'MOUDLE_NAME' D:\wamp64\www\weibo\weibo\Home\Conf\config.php 第 8 行.
INFO: [ app_begin ] --START--
INFO: Run Behavior\ReadHtmlCacheBehavior [ RunTime:0.001164s ]
INFO: [ app_begin ] --END-- [ RunTime:0.001363s ]
INFO: [ view_parse ] --START--
INFO: [ template_filter ] --START--
INFO: Run Behavior\ContentReplaceBehavior [ RunTime:0.000116s ]
INFO: [ template_filter ] --END-- [ RunTime:0.000297s ]
INFO: Run Behavior\ParseTemplateBehavior [ RunTime:0.010003s ]
INFO: [ view_parse ] --END-- [ RunTime:0.010199s ]
INFO: [ view_filter ] --START--
INFO: Run Behavior\WriteHtmlCacheBehavior [ RunTime:0.000609s ]
INFO: [ view_filter ] --END-- [ RunTime:0.000767s ]
INFO: [ app_end ] --START--
INFO: Run Behavior\ShowPageTraceBehavior [ RunTime:0.000752s ]
INFO: [ app_end ] --END-- [ RunTime:0.000918s ]

[ 2017-04-27T21:44:02+08:00 ] ::1 /weibo/Public/MOUDLE_NAME/css/jquery-ui.css
INFO: [ app_init ] --START--
INFO: Run Behavior\BuildLiteBehavior [ RunTime:0.000067s ]
INFO: [ app_init ] --END-- [ RunTime:0.001110s ]
NOTIC: [8] Use of undefined constant MOUDLE_NAME - assumed 'MOUDLE_NAME' D:\wamp64\www\weibo\weibo\Home\Conf\config.php 第 7 行.
NOTIC: [8] Use of undefined constant MOUDLE_NAME - assumed 'MOUDLE_NAME' D:\wamp64\www\weibo\weibo\Home\Conf\config.php 第 8 行.
INFO: [ app_begin ] --START--
INFO: Run Behavior\ReadHtmlCacheBehavior [ RunTime:0.001129s ]
INFO: [ app_begin ] --END-- [ RunTime:0.001374s ]
ERR: 无法加载控制器:Public

[ 2017-04-27T21:44:02+08:00 ] ::1 /weibo/Public/MOUDLE_NAME/css/login.css
INFO: [ app_init ] --START--
INFO: Run Behavior\BuildLiteBehavior [ RunTime:0.000062s ]
INFO: [ app_init ] --END-- [ RunTime:0.000975s ]
NOTIC: [8] Use of undefined constant MOUDLE_NAME - assumed 'MOUDLE_NAME' D:\wamp64\www\weibo\weibo\Home\Conf\config.php 第 7 行.
NOTIC: [8] Use of undefined constant MOUDLE_NAME - assumed 'MOUDLE_NAME' D:\wamp64\www\weibo\weibo\Home\Conf\config.php 第 8 行.
INFO: [ app_begin ] --START--
INFO: Run Behavior\ReadHtmlCacheBehavior [ RunTime:0.000907s ]
INFO: [ app_begin ] --END-- [ RunTime:0.001151s ]
ERR: 无法加载控制器:Public

[ 2017-04-27T21:44:03+08:00 ] ::1 /weibo/Public/MOUDLE_NAME/css/jquery-ui.css
INFO: [ app_init ] --START--
INFO: Run Behavior\BuildLiteBehavior [ RunTime:0.000041s ]
INFO: [ app_init ] --END-- [ RunTime:0.000701s ]
NOTIC: [8] Use of undefined constant MOUDLE_NAME - assumed 'MOUDLE_NAME' D:\wamp64\www\weibo\weibo\Home\Conf\config.php 第 7 行.
NOTIC: [8] Use of undefined constant MOUDLE_NAME - assumed 'MOUDLE_NAME' D:\wamp64\www\weibo\weibo\Home\Conf\config.php 第 8 行.
INFO: [ app_begin ] --START--
INFO: Run Behavior\ReadHtmlCacheBehavior [ RunTime:0.001395s ]
INFO: [ app_begin ] --END-- [ RunTime:0.001749s ]
ERR: 无法加载控制器:Public

[ 2017-04-27T21:44:03+08:00 ] ::1 /weibo/Public/MOUDLE_NAME/css/login.css
INFO: [ app_init ] --START--
INFO: Run Behavior\BuildLiteBehavior [ RunTime:0.000035s ]
INFO: [ app_init ] --END-- [ RunTime:0.000699s ]
NOTIC: [8] Use of undefined constant MOUDLE_NAME - assumed 'MOUDLE_NAME' D:\wamp64\www\weibo\weibo\Home\Conf\config.php 第 7 行.
NOTIC: [8] Use of undefined constant MOUDLE_NAME - assumed 'MOUDLE_NAME' D:\wamp64\www\weibo\weibo\Home\Conf\config.php 第 8 行.
INFO: [ app_begin ] --START--
INFO: Run Behavior\ReadHtmlCacheBehavior [ RunTime:0.000706s ]
INFO: [ app_begin ] --END-- [ RunTime:0.000909s ]
ERR: 无法加载控制器:Public

[ 2017-04-27T21:44:36+08:00 ] ::1 /weibo/Login/index
INFO: [ app_init ] --START--
INFO: Run Behavior\BuildLiteBehavior [ RunTime:0.000037s ]
INFO: [ app_init ] --END-- [ RunTime:0.000813s ]
NOTIC: [8] Use of undefined constant MOUDLE_NAME - assumed 'MOUDLE_NAME' D:\wamp64\www\weibo\weibo\Home\Conf\config.php 第 7 行.
NOTIC: [8] Use of undefined constant MOUDLE_NAME - assumed 'MOUDLE_NAME' D:\wamp64\www\weibo\weibo\Home\Conf\config.php 第 8 行.
INFO: [ app_begin ] --START--
INFO: Run Behavior\ReadHtmlCacheBehavior [ RunTime:0.000763s ]
INFO: [ app_begin ] --END-- [ RunTime:0.000934s ]
INFO: [ view_parse ] --START--
INFO: [ template_filter ] --START--
INFO: Run Behavior\ContentReplaceBehavior [ RunTime:0.000119s ]
INFO: [ template_filter ] --END-- [ RunTime:0.000315s ]
INFO: Run Behavior\ParseTemplateBehavior [ RunTime:0.008455s ]
INFO: [ view_parse ] --END-- [ RunTime:0.008664s ]
INFO: [ view_filter ] --START--
INFO: Run Behavior\WriteHtmlCacheBehavior [ RunTime:0.000543s ]
INFO: [ view_filter ] --END-- [ RunTime:0.000704s ]
INFO: [ app_end ] --START--
INFO: Run Behavior\ShowPageTraceBehavior [ RunTime:0.000756s ]
INFO: [ app_end ] --END-- [ RunTime:0.000910s ]

[ 2017-04-27T21:44:37+08:00 ] ::1 /weibo/Public/MOUDLE_NAME/css/jquery-ui.css
INFO: [ app_init ] --START--
INFO: Run Behavior\BuildLiteBehavior [ RunTime:0.000036s ]
INFO: [ app_init ] --END-- [ RunTime:0.000678s ]
NOTIC: [8] Use of undefined constant MOUDLE_NAME - assumed 'MOUDLE_NAME' D:\wamp64\www\weibo\weibo\Home\Conf\config.php 第 7 行.
NOTIC: [8] Use of undefined constant MOUDLE_NAME - assumed 'MOUDLE_NAME' D:\wamp64\www\weibo\weibo\Home\Conf\config.php 第 8 行.
INFO: [ app_begin ] --START--
INFO: Run Behavior\ReadHtmlCacheBehavior [ RunTime:0.001075s ]
INFO: [ app_begin ] --END-- [ RunTime:0.001425s ]
ERR: 无法加载控制器:Public

[ 2017-04-27T21:44:37+08:00 ] ::1 /weibo/Public/MOUDLE_NAME/css/login.css
INFO: [ app_init ] --START--
INFO: Run Behavior\BuildLiteBehavior [ RunTime:0.000062s ]
INFO: [ app_init ] --END-- [ RunTime:0.001061s ]
NOTIC: [8] Use of undefined constant MOUDLE_NAME - assumed 'MOUDLE_NAME' D:\wamp64\www\weibo\weibo\Home\Conf\config.php 第 7 行.
NOTIC: [8] Use of undefined constant MOUDLE_NAME - assumed 'MOUDLE_NAME' D:\wamp64\www\weibo\weibo\Home\Conf\config.php 第 8 行.
INFO: [ app_begin ] --START--
INFO: Run Behavior\ReadHtmlCacheBehavior [ RunTime:0.001390s ]
INFO: [ app_begin ] --END-- [ RunTime:0.001698s ]
ERR: 无法加载控制器:Public

[ 2017-04-27T21:44:37+08:00 ] ::1 /weibo/Public/MOUDLE_NAME/css/jquery-ui.css
INFO: [ app_init ] --START--
INFO: Run Behavior\BuildLiteBehavior [ RunTime:0.000072s ]
INFO: [ app_init ] --END-- [ RunTime:0.001087s ]
NOTIC: [8] Use of undefined constant MOUDLE_NAME - assumed 'MOUDLE_NAME' D:\wamp64\www\weibo\weibo\Home\Conf\config.php 第 7 行.
NOTIC: [8] Use of undefined constant MOUDLE_NAME - assumed 'MOUDLE_NAME' D:\wamp64\www\weibo\weibo\Home\Conf\config.php 第 8 行.
INFO: [ app_begin ] --START--
INFO: Run Behavior\ReadHtmlCacheBehavior [ RunTime:0.001060s ]
INFO: [ app_begin ] --END-- [ RunTime:0.001396s ]
ERR: 无法加载控制器:Public

[ 2017-04-27T21:44:37+08:00 ] ::1 /weibo/Public/MOUDLE_NAME/css/login.css
INFO: [ app_init ] --START--
INFO: Run Behavior\BuildLiteBehavior [ RunTime:0.000058s ]
INFO: [ app_init ] --END-- [ RunTime:0.001032s ]
NOTIC: [8] Use of undefined constant MOUDLE_NAME - assumed 'MOUDLE_NAME' D:\wamp64\www\weibo\weibo\Home\Conf\config.php 第 7 行.
NOTIC: [8] Use of undefined constant MOUDLE_NAME - assumed 'MOUDLE_NAME' D:\wamp64\www\weibo\weibo\Home\Conf\config.php 第 8 行.
INFO: [ app_begin ] --START--
INFO: Run Behavior\ReadHtmlCacheBehavior [ RunTime:0.001990s ]
INFO: [ app_begin ] --END-- [ RunTime:0.002300s ]
ERR: 无法加载控制器:Public

[ 2017-04-27T21:44:38+08:00 ] ::1 /weibo/Login/index
INFO: [ app_init ] --START--
INFO: Run Behavior\BuildLiteBehavior [ RunTime:0.000037s ]
INFO: [ app_init ] --END-- [ RunTime:0.000774s ]
NOTIC: [8] Use of undefined constant MOUDLE_NAME - assumed 'MOUDLE_NAME' D:\wamp64\www\weibo\weibo\Home\Conf\config.php 第 7 行.
NOTIC: [8] Use of undefined constant MOUDLE_NAME - assumed 'MOUDLE_NAME' D:\wamp64\www\weibo\weibo\Home\Conf\config.php 第 8 行.
INFO: [ app_begin ] --START--
INFO: Run Behavior\ReadHtmlCacheBehavior [ RunTime:0.000715s ]
INFO: [ app_begin ] --END-- [ RunTime:0.000875s ]
INFO: [ view_parse ] --START--
INFO: [ template_filter ] --START--
INFO: Run Behavior\ContentReplaceBehavior [ RunTime:0.000150s ]
INFO: [ template_filter ] --END-- [ RunTime:0.000409s ]
INFO: Run Behavior\ParseTemplateBehavior [ RunTime:0.008705s ]
INFO: [ view_parse ] --END-- [ RunTime:0.008972s ]
INFO: [ view_filter ] --START--
INFO: Run Behavior\WriteHtmlCacheBehavior [ RunTime:0.000705s ]
INFO: [ view_filter ] --END-- [ RunTime:0.000919s ]
INFO: [ app_end ] --START--
INFO: Run Behavior\ShowPageTraceBehavior [ RunTime:0.000715s ]
INFO: [ app_end ] --END-- [ RunTime:0.000877s ]

[ 2017-04-27T21:44:38+08:00 ] ::1 /weibo/Public/MOUDLE_NAME/css/jquery-ui.css
INFO: [ app_init ] --START--
INFO: Run Behavior\BuildLiteBehavior [ RunTime:0.000066s ]
INFO: [ app_init ] --END-- [ RunTime:0.001055s ]
NOTIC: [8] Use of undefined constant MOUDLE_NAME - assumed 'MOUDLE_NAME' D:\wamp64\www\weibo\weibo\Home\Conf\config.php 第 7 行.
NOTIC: [8] Use of undefined constant MOUDLE_NAME - assumed 'MOUDLE_NAME' D:\wamp64\www\weibo\weibo\Home\Conf\config.php 第 8 行.
INFO: [ app_begin ] --START--
INFO: Run Behavior\ReadHtmlCacheBehavior [ RunTime:0.001048s ]
INFO: [ app_begin ] --END-- [ RunTime:0.001316s ]
ERR: 无法加载控制器:Public

[ 2017-04-27T21:44:38+08:00 ] ::1 /weibo/Public/MOUDLE_NAME/css/login.css
INFO: [ app_init ] --START--
INFO: Run Behavior\BuildLiteBehavior [ RunTime:0.000066s ]
INFO: [ app_init ] --END-- [ RunTime:0.001077s ]
NOTIC: [8] Use of undefined constant MOUDLE_NAME - assumed 'MOUDLE_NAME' D:\wamp64\www\weibo\weibo\Home\Conf\config.php 第 7 行.
NOTIC: [8] Use of undefined constant MOUDLE_NAME - assumed 'MOUDLE_NAME' D:\wamp64\www\weibo\weibo\Home\Conf\config.php 第 8 行.
INFO: [ app_begin ] --START--
INFO: Run Behavior\ReadHtmlCacheBehavior [ RunTime:0.001276s ]
INFO: [ app_begin ] --END-- [ RunTime:0.001609s ]
ERR: 无法加载控制器:Public

[ 2017-04-27T21:44:38+08:00 ] ::1 /weibo/Public/MOUDLE_NAME/css/jquery-ui.css
INFO: [ app_init ] --START--
INFO: Run Behavior\BuildLiteBehavior [ RunTime:0.000068s ]
INFO: [ app_init ] --END-- [ RunTime:0.001126s ]
NOTIC: [8] Use of undefined constant MOUDLE_NAME - assumed 'MOUDLE_NAME' D:\wamp64\www\weibo\weibo\Home\Conf\config.php 第 7 行.
NOTIC: [8] Use of undefined constant MOUDLE_NAME - assumed 'MOUDLE_NAME' D:\wamp64\www\weibo\weibo\Home\Conf\config.php 第 8 行.
INFO: [ app_begin ] --START--
INFO: Run Behavior\ReadHtmlCacheBehavior [ RunTime:0.001094s ]
INFO: [ app_begin ] --END-- [ RunTime:0.001442s ]
ERR: 无法加载控制器:Public

[ 2017-04-27T21:44:38+08:00 ] ::1 /weibo/Public/MOUDLE_NAME/css/login.css
INFO: [ app_init ] --START--
INFO: Run Behavior\BuildLiteBehavior [ RunTime:0.000065s ]
INFO: [ app_init ] --END-- [ RunTime:0.001294s ]
NOTIC: [8] Use of undefined constant MOUDLE_NAME - assumed 'MOUDLE_NAME' D:\wamp64\www\weibo\weibo\Home\Conf\config.php 第 7 行.
NOTIC: [8] Use of undefined constant MOUDLE_NAME - assumed 'MOUDLE_NAME' D:\wamp64\www\weibo\weibo\Home\Conf\config.php 第 8 行.
INFO: [ app_begin ] --START--
INFO: Run Behavior\ReadHtmlCacheBehavior [ RunTime:0.001328s ]
INFO: [ app_begin ] --END-- [ RunTime:0.001643s ]
ERR: 无法加载控制器:Public

[ 2017-04-27T21:45:18+08:00 ] ::1 /weibo/Login/index
INFO: [ app_init ] --START--
INFO: Run Behavior\BuildLiteBehavior [ RunTime:0.000033s ]
INFO: [ app_init ] --END-- [ RunTime:0.000703s ]
INFO: [ app_begin ] --START--
INFO: Run Behavior\ReadHtmlCacheBehavior [ RunTime:0.000861s ]
INFO: [ app_begin ] --END-- [ RunTime:0.001026s ]
INFO: [ view_parse ] --START--
INFO: [ template_filter ] --START--
INFO: Run Behavior\ContentReplaceBehavior [ RunTime:0.000116s ]
INFO: [ template_filter ] --END-- [ RunTime:0.000300s ]
INFO: Run Behavior\ParseTemplateBehavior [ RunTime:0.016721s ]
INFO: [ view_parse ] --END-- [ RunTime:0.016932s ]
INFO: [ view_filter ] --START--
INFO: Run Behavior\WriteHtmlCacheBehavior [ RunTime:0.000750s ]
INFO: [ view_filter ] --END-- [ RunTime:0.000941s ]
INFO: [ app_end ] --START--
INFO: Run Behavior\ShowPageTraceBehavior [ RunTime:0.000869s ]
INFO: [ app_end ] --END-- [ RunTime:0.001031s ]

[ 2017-04-27T21:45:20+08:00 ] ::1 /weibo/Login/index
INFO: [ app_init ] --START--
INFO: Run Behavior\BuildLiteBehavior [ RunTime:0.000041s ]
INFO: [ app_init ] --END-- [ RunTime:0.000810s ]
INFO: [ app_begin ] --START--
INFO: Run Behavior\ReadHtmlCacheBehavior [ RunTime:0.000985s ]
INFO: [ app_begin ] --END-- [ RunTime:0.001204s ]
INFO: [ view_parse ] --START--
INFO: [ template_filter ] --START--
INFO: Run Behavior\ContentReplaceBehavior [ RunTime:0.000208s ]
INFO: [ template_filter ] --END-- [ RunTime:0.000445s ]
INFO: Run Behavior\ParseTemplateBehavior [ RunTime:0.010175s ]
INFO: [ view_parse ] --END-- [ RunTime:0.010399s ]
INFO: [ view_filter ] --START--
INFO: Run Behavior\WriteHtmlCacheBehavior [ RunTime:0.000788s ]
INFO: [ view_filter ] --END-- [ RunTime:0.000977s ]
INFO: [ app_end ] --START--
INFO: Run Behavior\ShowPageTraceBehavior [ RunTime:0.000942s ]
INFO: [ app_end ] --END-- [ RunTime:0.001131s ]

[ 2017-04-27T21:45:32+08:00 ] ::1 /weibo/Login/index
INFO: [ app_init ] --START--
INFO: Run Behavior\BuildLiteBehavior [ RunTime:0.000039s ]
INFO: [ app_init ] --END-- [ RunTime:0.000901s ]
INFO: [ app_begin ] --START--
INFO: Run Behavior\ReadHtmlCacheBehavior [ RunTime:0.000954s ]
INFO: [ app_begin ] --END-- [ RunTime:0.001119s ]
INFO: [ view_parse ] --START--
INFO: [ template_filter ] --START--
INFO: Run Behavior\ContentReplaceBehavior [ RunTime:0.000113s ]
INFO: [ template_filter ] --END-- [ RunTime:0.000290s ]
INFO: Run Behavior\ParseTemplateBehavior [ RunTime:0.008582s ]
INFO: [ view_parse ] --END-- [ RunTime:0.008773s ]
INFO: [ view_filter ] --START--
INFO: Run Behavior\WriteHtmlCacheBehavior [ RunTime:0.000675s ]
INFO: [ view_filter ] --END-- [ RunTime:0.000846s ]
INFO: [ app_end ] --START--
INFO: Run Behavior\ShowPageTraceBehavior [ RunTime:0.000864s ]
INFO: [ app_end ] --END-- [ RunTime:0.001062s ]

[ 2017-04-27T21:47:06+08:00 ] ::1 /weibo/Login/index
INFO: [ app_init ] --START--
INFO: Run Behavior\BuildLiteBehavior [ RunTime:0.000040s ]
INFO: [ app_init ] --END-- [ RunTime:0.000853s ]
INFO: [ app_begin ] --START--
INFO: Run Behavior\ReadHtmlCacheBehavior [ RunTime:0.001059s ]
INFO: [ app_begin ] --END-- [ RunTime:0.001255s ]
INFO: [ view_parse ] --START--
INFO: [ template_filter ] --START--
INFO: Run Behavior\ContentReplaceBehavior [ RunTime:0.000134s ]
INFO: [ template_filter ] --END-- [ RunTime:0.000338s ]
INFO: Run Behavior\ParseTemplateBehavior [ RunTime:0.019807s ]
INFO: [ view_parse ] --END-- [ RunTime:0.020159s ]
INFO: [ view_filter ] --START--
INFO: Run Behavior\WriteHtmlCacheBehavior [ RunTime:0.000865s ]
INFO: [ view_filter ] --END-- [ RunTime:0.001093s ]
INFO: [ app_end ] --START--
INFO: Run Behavior\ShowPageTraceBehavior [ RunTime:0.001021s ]
INFO: [ app_end ] --END-- [ RunTime:0.001250s ]

[ 2017-04-27T21:47:07+08:00 ] ::1 /weibo/Public/Home/css/images/ui-icons_777777_256x240.png
INFO: [ app_init ] --START--
INFO: Run Behavior\BuildLiteBehavior [ RunTime:0.000037s ]
INFO: [ app_init ] --END-- [ RunTime:0.000791s ]

[ 2017-04-27T21:47:07+08:00 ] ::1 /weibo/Public/Home/css/images/ui-icons_444444_256x240.png
INFO: [ app_init ] --START--
INFO: Run Behavior\BuildLiteBehavior [ RunTime:0.000062s ]
INFO: [ app_init ] --END-- [ RunTime:0.001203s ]

[ 2017-04-27T21:47:07+08:00 ] ::1 /weibo/Public/Home/css/images/ui-icons_555555_256x240.png
INFO: [ app_init ] --START--
INFO: Run Behavior\BuildLiteBehavior [ RunTime:0.000036s ]
INFO: [ app_init ] --END-- [ RunTime:0.000682s ]

[ 2017-04-27T21:47:09+08:00 ] ::1 /weibo/Public/Home/css/images/ui-icons_ffffff_256x240.png
INFO: [ app_init ] --START--
INFO: Run Behavior\BuildLiteBehavior [ RunTime:0.000056s ]
INFO: [ app_init ] --END-- [ RunTime:0.001235s ]

[ 2017-04-27T21:47:11+08:00 ] ::1 /weibo/Login/index
INFO: [ app_init ] --START--
INFO: Run Behavior\BuildLiteBehavior [ RunTime:0.000035s ]
INFO: [ app_init ] --END-- [ RunTime:0.000754s ]
INFO: [ app_begin ] --START--
INFO: Run Behavior\ReadHtmlCacheBehavior [ RunTime:0.000864s ]
INFO: [ app_begin ] --END-- [ RunTime:0.001030s ]
INFO: [ view_parse ] --START--
INFO: [ template_filter ] --START--
INFO: Run Behavior\ContentReplaceBehavior [ RunTime:0.000174s ]
INFO: [ template_filter ] --END-- [ RunTime:0.000343s ]
INFO: Run Behavior\ParseTemplateBehavior [ RunTime:0.009433s ]
INFO: [ view_parse ] --END-- [ RunTime:0.009612s ]
INFO: [ view_filter ] --START--
INFO: Run Behavior\WriteHtmlCacheBehavior [ RunTime:0.000606s ]
INFO: [ view_filter ] --END-- [ RunTime:0.000766s ]
INFO: [ app_end ] --START--
INFO: Run Behavior\ShowPageTraceBehavior [ RunTime:0.000757s ]
INFO: [ app_end ] --END-- [ RunTime:0.000916s ]

[ 2017-04-27T21:47:12+08:00 ] ::1 /weibo/Public/Home/css/images/ui-icons_777777_256x240.png
INFO: [ app_init ] --START--
INFO: Run Behavior\BuildLiteBehavior [ RunTime:0.000044s ]
INFO: [ app_init ] --END-- [ RunTime:0.000725s ]

[ 2017-04-27T21:47:12+08:00 ] ::1 /weibo/Public/Home/css/images/ui-icons_444444_256x240.png
INFO: [ app_init ] --START--
INFO: Run Behavior\BuildLiteBehavior [ RunTime:0.000072s ]
INFO: [ app_init ] --END-- [ RunTime:0.001100s ]

[ 2017-04-27T21:47:12+08:00 ] ::1 /weibo/Public/Home/css/images/ui-icons_555555_256x240.png
INFO: [ app_init ] --START--
INFO: Run Behavior\BuildLiteBehavior [ RunTime:0.000037s ]
INFO: [ app_init ] --END-- [ RunTime:0.000709s ]

[ 2017-04-27T21:47:17+08:00 ] ::1 /weibo/Public/Home/css/images/ui-icons_ffffff_256x240.png
INFO: [ app_init ] --START--
INFO: Run Behavior\BuildLiteBehavior [ RunTime:0.000050s ]
INFO: [ app_init ] --END-- [ RunTime:0.001061s ]

[ 2017-04-27T21:48:04+08:00 ] ::1 /weibo/Login/index
INFO: [ app_init ] --START--
INFO: Run Behavior\BuildLiteBehavior [ RunTime:0.000039s ]
INFO: [ app_init ] --END-- [ RunTime:0.000873s ]
INFO: [ app_begin ] --START--
INFO: Run Behavior\ReadHtmlCacheBehavior [ RunTime:0.000977s ]
INFO: [ app_begin ] --END-- [ RunTime:0.001156s ]
INFO: [ view_parse ] --START--
INFO: [ template_filter ] --START--
INFO: Run Behavior\ContentReplaceBehavior [ RunTime:0.000119s ]
INFO: [ template_filter ] --END-- [ RunTime:0.000293s ]
INFO: Run Behavior\ParseTemplateBehavior [ RunTime:0.016916s ]
INFO: [ view_parse ] --END-- [ RunTime:0.017102s ]
INFO: [ view_filter ] --START--
INFO: Run Behavior\WriteHtmlCacheBehavior [ RunTime:0.000577s ]
INFO: [ view_filter ] --END-- [ RunTime:0.000745s ]
INFO: [ app_end ] --START--
INFO: Run Behavior\ShowPageTraceBehavior [ RunTime:0.000772s ]
INFO: [ app_end ] --END-- [ RunTime:0.000919s ]

[ 2017-04-27T21:48:05+08:00 ] ::1 /weibo/Public/Home/css/images/ui-icons_444444_256x240.png
INFO: [ app_init ] --START--
INFO: Run Behavior\BuildLiteBehavior [ RunTime:0.000061s ]
INFO: [ app_init ] --END-- [ RunTime:0.001020s ]

[ 2017-04-27T21:48:05+08:00 ] ::1 /weibo/Public/Home/css/images/ui-icons_555555_256x240.png
INFO: [ app_init ] --START--
INFO: Run Behavior\BuildLiteBehavior [ RunTime:0.000066s ]
INFO: [ app_init ] --END-- [ RunTime:0.001129s ]

[ 2017-04-27T21:48:07+08:00 ] ::1 /weibo/Public/Home/css/images/ui-icons_ffffff_256x240.png
INFO: [ app_init ] --START--
INFO: Run Behavior\BuildLiteBehavior [ RunTime:0.000065s ]
INFO: [ app_init ] --END-- [ RunTime:0.001082s ]

[ 2017-04-27T21:48:22+08:00 ] ::1 /weibo/Login/index
INFO: [ app_init ] --START--
INFO: Run Behavior\BuildLiteBehavior [ RunTime:0.000036s ]
INFO: [ app_init ] --END-- [ RunTime:0.000775s ]
INFO: [ app_begin ] --START--
INFO: Run Behavior\ReadHtmlCacheBehavior [ RunTime:0.000959s ]
INFO: [ app_begin ] --END-- [ RunTime:0.001138s ]
INFO: [ view_parse ] --START--
INFO: [ template_filter ] --START--
INFO: Run Behavior\ContentReplaceBehavior [ RunTime:0.000115s ]
INFO: [ template_filter ] --END-- [ RunTime:0.000298s ]
INFO: Run Behavior\ParseTemplateBehavior [ RunTime:0.018258s ]
INFO: [ view_parse ] --END-- [ RunTime:0.018569s ]
INFO: [ view_filter ] --START--
INFO: Run Behavior\WriteHtmlCacheBehavior [ RunTime:0.000697s ]
INFO: [ view_filter ] --END-- [ RunTime:0.000875s ]
INFO: [ app_end ] --START--
INFO: Run Behavior\ShowPageTraceBehavior [ RunTime:0.000792s ]
INFO: [ app_end ] --END-- [ RunTime:0.000955s ]

[ 2017-04-27T21:48:23+08:00 ] ::1 /weibo/Public/Home/css/images/ui-icons_777777_256x240.png
INFO: [ app_init ] --START--
INFO: Run Behavior\BuildLiteBehavior [ RunTime:0.000063s ]
INFO: [ app_init ] --END-- [ RunTime:0.001061s ]

[ 2017-04-27T21:48:23+08:00 ] ::1 /weibo/Public/Home/css/images/ui-icons_444444_256x240.png
INFO: [ app_init ] --START--
INFO: Run Behavior\BuildLiteBehavior [ RunTime:0.000065s ]
INFO: [ app_init ] --END-- [ RunTime:0.001236s ]

[ 2017-04-27T21:48:23+08:00 ] ::1 /weibo/Public/Home/css/images/ui-icons_555555_256x240.png
INFO: [ app_init ] --START--
INFO: Run Behavior\BuildLiteBehavior [ RunTime:0.000037s ]
INFO: [ app_init ] --END-- [ RunTime:0.000840s ]

[ 2017-04-27T21:48:25+08:00 ] ::1 /weibo/Public/Home/css/images/ui-icons_ffffff_256x240.png
INFO: [ app_init ] --START--
INFO: Run Behavior\BuildLiteBehavior [ RunTime:0.000053s ]
INFO: [ app_init ] --END-- [ RunTime:0.001171s ]

[ 2017-04-27T21:49:13+08:00 ] ::1 /weibo/Login/index
INFO: [ app_init ] --START--
INFO: Run Behavior\BuildLiteBehavior [ RunTime:0.000035s ]
INFO: [ app_init ] --END-- [ RunTime:0.000763s ]
INFO: [ app_begin ] --START--
INFO: Run Behavior\ReadHtmlCacheBehavior [ RunTime:0.001256s ]
INFO: [ app_begin ] --END-- [ RunTime:0.001461s ]
INFO: [ view_parse ] --START--
INFO: [ template_filter ] --START--
INFO: Run Behavior\ContentReplaceBehavior [ RunTime:0.000119s ]
INFO: [ template_filter ] --END-- [ RunTime:0.000305s ]
INFO: Run Behavior\ParseTemplateBehavior [ RunTime:0.009578s ]
INFO: [ view_parse ] --END-- [ RunTime:0.009790s ]
INFO: [ view_filter ] --START--
INFO: Run Behavior\WriteHtmlCacheBehavior [ RunTime:0.000554s ]
INFO: [ view_filter ] --END-- [ RunTime:0.000706s ]
INFO: [ app_end ] --START--
INFO: Run Behavior\ShowPageTraceBehavior [ RunTime:0.000716s ]
INFO: [ app_end ] --END-- [ RunTime:0.000883s ]

[ 2017-04-27T21:49:13+08:00 ] ::1 /weibo/Public/Home/css/images/ui-icons_777777_256x240.png
INFO: [ app_init ] --START--
INFO: Run Behavior\BuildLiteBehavior [ RunTime:0.000037s ]
INFO: [ app_init ] --END-- [ RunTime:0.000790s ]

[ 2017-04-27T21:49:13+08:00 ] ::1 /weibo/Public/Home/css/images/ui-icons_444444_256x240.png
INFO: [ app_init ] --START--
INFO: Run Behavior\BuildLiteBehavior [ RunTime:0.000036s ]
INFO: [ app_init ] --END-- [ RunTime:0.000795s ]

[ 2017-04-27T21:49:13+08:00 ] ::1 /weibo/Public/Home/css/images/ui-icons_555555_256x240.png
INFO: [ app_init ] --START--
INFO: Run Behavior\BuildLiteBehavior [ RunTime:0.000038s ]
INFO: [ app_init ] --END-- [ RunTime:0.000822s ]

[ 2017-04-27T21:49:19+08:00 ] ::1 /weibo/Public/Home/css/images/ui-icons_ffffff_256x240.png
INFO: [ app_init ] --START--
INFO: Run Behavior\BuildLiteBehavior [ RunTime:0.000059s ]
INFO: [ app_init ] --END-- [ RunTime:0.001187s ]

[ 2017-04-27T21:49:33+08:00 ] ::1 /weibo/Login/index
INFO: [ app_init ] --START--
INFO: Run Behavior\BuildLiteBehavior [ RunTime:0.000036s ]
INFO: [ app_init ] --END-- [ RunTime:0.000688s ]
INFO: [ app_begin ] --START--
INFO: Run Behavior\ReadHtmlCacheBehavior [ RunTime:0.000849s ]
INFO: [ app_begin ] --END-- [ RunTime:0.001027s ]
INFO: [ view_parse ] --START--
INFO: [ template_filter ] --START--
INFO: Run Behavior\ContentReplaceBehavior [ RunTime:0.000114s ]
INFO: [ template_filter ] --END-- [ RunTime:0.000290s ]
INFO: Run Behavior\ParseTemplateBehavior [ RunTime:0.009288s ]
INFO: [ view_parse ] --END-- [ RunTime:0.009553s ]
INFO: [ view_filter ] --START--
INFO: Run Behavior\WriteHtmlCacheBehavior [ RunTime:0.000725s ]
INFO: [ view_filter ] --END-- [ RunTime:0.000953s ]
INFO: [ app_end ] --START--
INFO: Run Behavior\ShowPageTraceBehavior [ RunTime:0.000676s ]
INFO: [ app_end ] --END-- [ RunTime:0.000834s ]

[ 2017-04-27T21:49:33+08:00 ] ::1 /weibo/Public/Home/css/images/ui-icons_777777_256x240.png
INFO: [ app_init ] --START--
INFO: Run Behavior\BuildLiteBehavior [ RunTime:0.000067s ]
INFO: [ app_init ] --END-- [ RunTime:0.001146s ]

[ 2017-04-27T21:49:33+08:00 ] ::1 /weibo/Public/Home/css/images/ui-icons_444444_256x240.png
INFO: [ app_init ] --START--
INFO: Run Behavior\BuildLiteBehavior [ RunTime:0.000058s ]
INFO: [ app_init ] --END-- [ RunTime:0.001003s ]

[ 2017-04-27T21:49:33+08:00 ] ::1 /weibo/Public/Home/css/images/ui-icons_555555_256x240.png
INFO: [ app_init ] --START--
INFO: Run Behavior\BuildLiteBehavior [ RunTime:0.000059s ]
INFO: [ app_init ] --END-- [ RunTime:0.001110s ]

[ 2017-04-27T21:49:37+08:00 ] ::1 /weibo/Public/Home/css/images/ui-icons_ffffff_256x240.png
INFO: [ app_init ] --START--
INFO: Run Behavior\BuildLiteBehavior [ RunTime:0.000059s ]
INFO: [ app_init ] --END-- [ RunTime:0.001225s ]

[ 2017-04-27T22:07:18+08:00 ] ::1 /weibo/Public/Admin/easyui/thems/default/easyui.css
INFO: [ app_init ] --START--
INFO: Run Behavior\BuildLiteBehavior [ RunTime:0.000068s ]
INFO: [ app_init ] --END-- [ RunTime:0.001116s ]
INFO: [ app_begin ] --START--
INFO: Run Behavior\ReadHtmlCacheBehavior [ RunTime:0.001340s ]
INFO: [ app_begin ] --END-- [ RunTime:0.001646s ]
ERR: 无法加载控制器:Public

[ 2017-04-27T22:07:18+08:00 ] ::1 /weibo/Public/Admin/easyui/thems/icon.css
INFO: [ app_init ] --START--
INFO: Run Behavior\BuildLiteBehavior [ RunTime:0.000064s ]
INFO: [ app_init ] --END-- [ RunTime:0.001118s ]
INFO: [ app_begin ] --START--
INFO: Run Behavior\ReadHtmlCacheBehavior [ RunTime:0.001333s ]
INFO: [ app_begin ] --END-- [ RunTime:0.001693s ]
ERR: 无法加载控制器:Public

[ 2017-04-27T22:07:18+08:00 ] ::1 /weibo/Public/Admin/easyui/thems/icon.css
INFO: [ app_init ] --START--
INFO: Run Behavior\BuildLiteBehavior [ RunTime:0.000061s ]
INFO: [ app_init ] --END-- [ RunTime:0.000899s ]
INFO: [ app_begin ] --START--
INFO: Run Behavior\ReadHtmlCacheBehavior [ RunTime:0.001109s ]
INFO: [ app_begin ] --END-- [ RunTime:0.001462s ]
ERR: 无法加载控制器:Public

[ 2017-04-27T22:07:18+08:00 ] ::1 /weibo/Public/Admin/easyui/thems/default/easyui.css
INFO: [ app_init ] --START--
INFO: Run Behavior\BuildLiteBehavior [ RunTime:0.000075s ]
INFO: [ app_init ] --END-- [ RunTime:0.001175s ]
INFO: [ app_begin ] --START--
INFO: Run Behavior\ReadHtmlCacheBehavior [ RunTime:0.001181s ]
INFO: [ app_begin ] --END-- [ RunTime:0.001492s ]
ERR: 无法加载控制器:Public

[ 2017-04-27T22:08:34+08:00 ] ::1 /weibo/Login/
INFO: [ app_init ] --START--
INFO: Run Behavior\BuildLiteBehavior [ RunTime:0.000040s ]
INFO: [ app_init ] --END-- [ RunTime:0.000780s ]
INFO: [ app_begin ] --START--
INFO: Run Behavior\ReadHtmlCacheBehavior [ RunTime:0.001143s ]
INFO: [ app_begin ] --END-- [ RunTime:0.001353s ]
INFO: [ view_parse ] --START--
INFO: [ template_filter ] --START--
INFO: Run Behavior\ContentReplaceBehavior [ RunTime:0.000116s ]
INFO: [ template_filter ] --END-- [ RunTime:0.000309s ]
INFO: Run Behavior\ParseTemplateBehavior [ RunTime:0.018655s ]
INFO: [ view_parse ] --END-- [ RunTime:0.018880s ]
INFO: [ view_filter ] --START--
INFO: Run Behavior\WriteHtmlCacheBehavior [ RunTime:0.001000s ]
INFO: [ view_filter ] --END-- [ RunTime:0.001218s ]
INFO: [ app_end ] --START--
INFO: Run Behavior\ShowPageTraceBehavior [ RunTime:0.000849s ]
INFO: [ app_end ] --END-- [ RunTime:0.001019s ]

[ 2017-04-27T22:08:35+08:00 ] ::1 /weibo/Public/Home/css/images/ui-icons_777777_256x240.png
INFO: [ app_init ] --START--
INFO: Run Behavior\BuildLiteBehavior [ RunTime:0.000063s ]
INFO: [ app_init ] --END-- [ RunTime:0.001080s ]

[ 2017-04-27T22:08:35+08:00 ] ::1 /weibo/Public/Home/css/images/ui-icons_444444_256x240.png
INFO: [ app_init ] --START--
INFO: Run Behavior\BuildLiteBehavior [ RunTime:0.000055s ]
INFO: [ app_init ] --END-- [ RunTime:0.001117s ]

[ 2017-04-27T22:08:35+08:00 ] ::1 /weibo/Public/Home/css/images/ui-icons_555555_256x240.png
INFO: [ app_init ] --START--
INFO: Run Behavior\BuildLiteBehavior [ RunTime:0.000045s ]
INFO: [ app_init ] --END-- [ RunTime:0.000850s ]

[ 2017-04-27T22:08:45+08:00 ] ::1 /weibo/Public/Home/css/images/ui-icons_ffffff_256x240.png
INFO: [ app_init ] --START--
INFO: Run Behavior\BuildLiteBehavior [ RunTime:0.000061s ]
INFO: [ app_init ] --END-- [ RunTime:0.000900s ]

[ 2017-04-27T22:25:57+08:00 ] ::1 /weibo/Login/
INFO: [ app_init ] --START--
INFO: Run Behavior\BuildLiteBehavior [ RunTime:0.000075s ]
INFO: [ app_init ] --END-- [ RunTime:0.001301s ]
INFO: [ app_begin ] --START--
INFO: Run Behavior\ReadHtmlCacheBehavior [ RunTime:0.001431s ]
INFO: [ app_begin ] --END-- [ RunTime:0.001780s ]
INFO: [ view_parse ] --START--
INFO: [ template_filter ] --START--
INFO: Run Behavior\ContentReplaceBehavior [ RunTime:0.000225s ]
INFO: [ template_filter ] --END-- [ RunTime:0.000703s ]
INFO: Run Behavior\ParseTemplateBehavior [ RunTime:0.030270s ]
INFO: [ view_parse ] --END-- [ RunTime:0.030641s ]
INFO: [ view_filter ] --START--
INFO: Run Behavior\WriteHtmlCacheBehavior [ RunTime:0.000952s ]
INFO: [ view_filter ] --END-- [ RunTime:0.001274s ]
INFO: [ app_end ] --START--
INFO: Run Behavior\ShowPageTraceBehavior [ RunTime:0.001286s ]
INFO: [ app_end ] --END-- [ RunTime:0.001623s ]

[ 2017-04-27T22:26:02+08:00 ] ::1 /weibo/Login/
INFO: [ app_init ] --START--
INFO: Run Behavior\BuildLiteBehavior [ RunTime:0.000043s ]
INFO: [ app_init ] --END-- [ RunTime:0.000996s ]
INFO: [ app_begin ] --START--
INFO: Run Behavior\ReadHtmlCacheBehavior [ RunTime:0.001201s ]
INFO: [ app_begin ] --END-- [ RunTime:0.001491s ]
INFO: [ view_parse ] --START--
INFO: [ template_filter ] --START--
INFO: Run Behavior\ContentReplaceBehavior [ RunTime:0.000227s ]
INFO: [ template_filter ] --END-- [ RunTime:0.000634s ]
INFO: Run Behavior\ParseTemplateBehavior [ RunTime:0.014738s ]
INFO: [ view_parse ] --END-- [ RunTime:0.015097s ]
INFO: [ view_filter ] --START--
INFO: Run Behavior\WriteHtmlCacheBehavior [ RunTime:0.000932s ]
INFO: [ view_filter ] --END-- [ RunTime:0.001267s ]
INFO: [ app_end ] --START--
INFO: Run Behavior\ShowPageTraceBehavior [ RunTime:0.001365s ]
INFO: [ app_end ] --END-- [ RunTime:0.001699s ]

[ 2017-04-27T22:40:05+08:00 ] ::1 /weibo/Login/
INFO: [ app_init ] --START--
INFO: Run Behavior\BuildLiteBehavior [ RunTime:0.000062s ]
INFO: [ app_init ] --END-- [ RunTime:0.001135s ]
INFO: [ app_begin ] --START--
INFO: Run Behavior\ReadHtmlCacheBehavior [ RunTime:0.001884s ]
INFO: [ app_begin ] --END-- [ RunTime:0.002264s ]
INFO: [ view_parse ] --START--
INFO: [ template_filter ] --START--
INFO: Run Behavior\ContentReplaceBehavior [ RunTime:0.000243s ]
INFO: [ template_filter ] --END-- [ RunTime:0.000620s ]
INFO: Run Behavior\ParseTemplateBehavior [ RunTime:0.026154s ]
INFO: [ view_parse ] --END-- [ RunTime:0.026522s ]
INFO: [ view_filter ] --START--
INFO: Run Behavior\WriteHtmlCacheBehavior [ RunTime:0.001190s ]
INFO: [ view_filter ] --END-- [ RunTime:0.001518s ]
INFO: [ app_end ] --START--
INFO: Run Behavior\ShowPageTraceBehavior [ RunTime:0.001619s ]
INFO: [ app_end ] --END-- [ RunTime:0.003159s ]

[ 2017-04-27T22:40:06+08:00 ] ::1 /weibo/Public/Home/js/jquery-1.10.2.min.map
INFO: [ app_init ] --START--
INFO: Run Behavior\BuildLiteBehavior [ RunTime:0.000062s ]
INFO: [ app_init ] --END-- [ RunTime:0.001104s ]
INFO: [ app_begin ] --START--
INFO: Run Behavior\ReadHtmlCacheBehavior [ RunTime:0.001182s ]
INFO: [ app_begin ] --END-- [ RunTime:0.001554s ]
ERR: 无法加载控制器:Public

[ 2017-04-27T22:40:06+08:00 ] ::1 /weibo/Public/Home/css/images/ui-icons_777777_256x240.png
INFO: [ app_init ] --START--
INFO: Run Behavior\BuildLiteBehavior [ RunTime:0.000070s ]
INFO: [ app_init ] --END-- [ RunTime:0.001200s ]

[ 2017-04-27T22:40:06+08:00 ] ::1 /weibo/Public/Home/css/images/ui-icons_444444_256x240.png
INFO: [ app_init ] --START--
INFO: Run Behavior\BuildLiteBehavior [ RunTime:0.000074s ]
INFO: [ app_init ] --END-- [ RunTime:0.001263s ]

[ 2017-04-27T22:40:06+08:00 ] ::1 /weibo/Public/Home/css/images/ui-icons_555555_256x240.png
INFO: [ app_init ] --START--
INFO: Run Behavior\BuildLiteBehavior [ RunTime:0.000044s ]
INFO: [ app_init ] --END-- [ RunTime:0.001043s ]

[ 2017-04-27T22:42:11+08:00 ] ::1 /weibo/Login/
INFO: [ app_init ] --START--
INFO: Run Behavior\BuildLiteBehavior [ RunTime:0.000060s ]
INFO: [ app_init ] --END-- [ RunTime:0.001131s ]
INFO: [ app_begin ] --START--
INFO: Run Behavior\ReadHtmlCacheBehavior [ RunTime:0.001167s ]
INFO: [ app_begin ] --END-- [ RunTime:0.001434s ]
INFO: [ view_parse ] --START--
INFO: [ template_filter ] --START--
INFO: Run Behavior\ContentReplaceBehavior [ RunTime:0.000118s ]
INFO: [ template_filter ] --END-- [ RunTime:0.000305s ]
INFO: Run Behavior\ParseTemplateBehavior [ RunTime:0.010782s ]
INFO: [ view_parse ] --END-- [ RunTime:0.011033s ]
INFO: [ view_filter ] --START--
INFO: Run Behavior\WriteHtmlCacheBehavior [ RunTime:0.000941s ]
INFO: [ view_filter ] --END-- [ RunTime:0.001325s ]
INFO: [ app_end ] --START--
INFO: Run Behavior\ShowPageTraceBehavior [ RunTime:0.001454s ]
INFO: [ app_end ] --END-- [ RunTime:0.001707s ]

[ 2017-04-27T22:42:11+08:00 ] ::1 /weibo/Public/Home/css/images/ui-icons_777777_256x240.png
INFO: [ app_init ] --START--
INFO: Run Behavior\BuildLiteBehavior [ RunTime:0.000038s ]
INFO: [ app_init ] --END-- [ RunTime:0.000740s ]

[ 2017-04-27T22:42:11+08:00 ] ::1 /weibo/Public/Home/css/images/ui-icons_444444_256x240.png
INFO: [ app_init ] --START--
INFO: Run Behavior\BuildLiteBehavior [ RunTime:0.000068s ]
INFO: [ app_init ] --END-- [ RunTime:0.001258s ]

[ 2017-04-27T22:42:11+08:00 ] ::1 /weibo/Public/Home/css/images/ui-icons_555555_256x240.png
INFO: [ app_init ] --START--
INFO: Run Behavior\BuildLiteBehavior [ RunTime:0.000040s ]
INFO: [ app_init ] --END-- [ RunTime:0.000757s ]

[ 2017-04-27T22:42:15+08:00 ] ::1 /weibo/Login/
INFO: [ app_init ] --START--
INFO: Run Behavior\BuildLiteBehavior [ RunTime:0.000043s ]
INFO: [ app_init ] --END-- [ RunTime:0.000878s ]
INFO: [ app_begin ] --START--
INFO: Run Behavior\ReadHtmlCacheBehavior [ RunTime:0.000889s ]
INFO: [ app_begin ] --END-- [ RunTime:0.001113s ]
INFO: [ view_parse ] --START--
INFO: [ template_filter ] --START--
INFO: Run Behavior\ContentReplaceBehavior [ RunTime:0.000109s ]
INFO: [ template_filter ] --END-- [ RunTime:0.000304s ]
INFO: Run Behavior\ParseTemplateBehavior [ RunTime:0.009026s ]
INFO: [ view_parse ] --END-- [ RunTime:0.009336s ]
INFO: [ view_filter ] --START--
INFO: Run Behavior\WriteHtmlCacheBehavior [ RunTime:0.000565s ]
INFO: [ view_filter ] --END-- [ RunTime:0.000723s ]
INFO: [ app_end ] --START--
INFO: Run Behavior\ShowPageTraceBehavior [ RunTime:0.000775s ]
INFO: [ app_end ] --END-- [ RunTime:0.000939s ]

[ 2017-04-27T22:42:21+08:00 ] ::1 /weibo/Login/
INFO: [ app_init ] --START--
INFO: Run Behavior\BuildLiteBehavior [ RunTime:0.000036s ]
INFO: [ app_init ] --END-- [ RunTime:0.000705s ]
INFO: [ app_begin ] --START--
INFO: Run Behavior\ReadHtmlCacheBehavior [ RunTime:0.000728s ]
INFO: [ app_begin ] --END-- [ RunTime:0.000940s ]
INFO: [ view_parse ] --START--
INFO: [ template_filter ] --START--
INFO: Run Behavior\ContentReplaceBehavior [ RunTime:0.000182s ]
INFO: [ template_filter ] --END-- [ RunTime:0.000488s ]
INFO: Run Behavior\ParseTemplateBehavior [ RunTime:0.009180s ]
INFO: [ view_parse ] --END-- [ RunTime:0.009389s ]
INFO: [ view_filter ] --START--
INFO: Run Behavior\WriteHtmlCacheBehavior [ RunTime:0.000474s ]
INFO: [ view_filter ] --END-- [ RunTime:0.000629s ]
INFO: [ app_end ] --START--
INFO: Run Behavior\ShowPageTraceBehavior [ RunTime:0.000674s ]
INFO: [ app_end ] --END-- [ RunTime:0.000834s ]

